CRITICAL - 2022-12-14 00:50:18 --> file_get_contents(https://behapyhealthy.com/saffron-salam-1gr/): failed to open stream: HTTP request failed! HTTP/1.0 404 Not Found

#0 [internal function]: CodeIgniter\Debug\Exceptions->errorHandler(2, 'file_get_conten...', 'E:\\OpenServerPa...', 70, Array)
#1 E:\OpenServerPanel\domains\ht.hapy.com\plugin\simple_html_dom.php(70): file_get_contents('https://behapyh...', false, NULL, 0)
#2 E:\OpenServerPanel\domains\ht.hapy.com\app\Controllers\Frontend\Homepage\Home.php(53): file_get_html('https://behapyh...')
#3 E:\OpenServerPanel\domains\ht.hapy.com\vendor\codeigniter4\framework\system\CodeIgniter.php(918): App\Controllers\Frontend\Homepage\Home->crawler()
#4 E:\OpenServerPanel\domains\ht.hapy.com\vendor\codeigniter4\framework\system\CodeIgniter.php(404): CodeIgniter\CodeIgniter->runController(Object(App\Controllers\Frontend\Homepage\Home))
#5 E:\OpenServerPanel\domains\ht.hapy.com\vendor\codeigniter4\framework\system\CodeIgniter.php(312): CodeIgniter\CodeIgniter->handleRequest(NULL, Object(Config\Cache), false)
#6 E:\OpenServerPanel\domains\ht.hapy.com\index.php(48): CodeIgniter\CodeIgniter->run()
#7 {main}
CRITICAL - 2022-12-14 00:50:43 --> file_get_contents(https://behapyhealthy.com/saffron-salam-1gr/): failed to open stream: HTTP request failed! HTTP/1.0 404 Not Found

#0 [internal function]: CodeIgniter\Debug\Exceptions->errorHandler(2, 'file_get_conten...', 'E:\\OpenServerPa...', 70, Array)
#1 E:\OpenServerPanel\domains\ht.hapy.com\plugin\simple_html_dom.php(70): file_get_contents('https://behapyh...', false, NULL, 0)
#2 E:\OpenServerPanel\domains\ht.hapy.com\app\Controllers\Frontend\Homepage\Home.php(53): file_get_html('https://behapyh...')
#3 E:\OpenServerPanel\domains\ht.hapy.com\vendor\codeigniter4\framework\system\CodeIgniter.php(918): App\Controllers\Frontend\Homepage\Home->crawler()
#4 E:\OpenServerPanel\domains\ht.hapy.com\vendor\codeigniter4\framework\system\CodeIgniter.php(404): CodeIgniter\CodeIgniter->runController(Object(App\Controllers\Frontend\Homepage\Home))
#5 E:\OpenServerPanel\domains\ht.hapy.com\vendor\codeigniter4\framework\system\CodeIgniter.php(312): CodeIgniter\CodeIgniter->handleRequest(NULL, Object(Config\Cache), false)
#6 E:\OpenServerPanel\domains\ht.hapy.com\index.php(48): CodeIgniter\CodeIgniter->run()
#7 {main}
CRITICAL - 2022-12-14 00:51:31 --> file_get_contents(https://behapyhealthy.com/saffron-salam-1gr/): failed to open stream: HTTP request failed! HTTP/1.0 404 Not Found

#0 [internal function]: CodeIgniter\Debug\Exceptions->errorHandler(2, 'file_get_conten...', 'E:\\OpenServerPa...', 70, Array)
#1 E:\OpenServerPanel\domains\ht.hapy.com\plugin\simple_html_dom.php(70): file_get_contents('https://behapyh...', false, NULL, 0)
#2 E:\OpenServerPanel\domains\ht.hapy.com\app\Controllers\Frontend\Homepage\Home.php(53): file_get_html('https://behapyh...')
#3 E:\OpenServerPanel\domains\ht.hapy.com\vendor\codeigniter4\framework\system\CodeIgniter.php(918): App\Controllers\Frontend\Homepage\Home->crawler()
#4 E:\OpenServerPanel\domains\ht.hapy.com\vendor\codeigniter4\framework\system\CodeIgniter.php(404): CodeIgniter\CodeIgniter->runController(Object(App\Controllers\Frontend\Homepage\Home))
#5 E:\OpenServerPanel\domains\ht.hapy.com\vendor\codeigniter4\framework\system\CodeIgniter.php(312): CodeIgniter\CodeIgniter->handleRequest(NULL, Object(Config\Cache), false)
#6 E:\OpenServerPanel\domains\ht.hapy.com\index.php(48): CodeIgniter\CodeIgniter->run()
#7 {main}
CRITICAL - 2022-12-14 00:51:34 --> file_get_contents(https://behapyhealthy.com/saffron-salam-1gr/): failed to open stream: HTTP request failed! HTTP/1.0 404 Not Found

#0 [internal function]: CodeIgniter\Debug\Exceptions->errorHandler(2, 'file_get_conten...', 'E:\\OpenServerPa...', 70, Array)
#1 E:\OpenServerPanel\domains\ht.hapy.com\plugin\simple_html_dom.php(70): file_get_contents('https://behapyh...', false, NULL, 0)
#2 E:\OpenServerPanel\domains\ht.hapy.com\app\Controllers\Frontend\Homepage\Home.php(53): file_get_html('https://behapyh...')
#3 E:\OpenServerPanel\domains\ht.hapy.com\vendor\codeigniter4\framework\system\CodeIgniter.php(918): App\Controllers\Frontend\Homepage\Home->crawler()
#4 E:\OpenServerPanel\domains\ht.hapy.com\vendor\codeigniter4\framework\system\CodeIgniter.php(404): CodeIgniter\CodeIgniter->runController(Object(App\Controllers\Frontend\Homepage\Home))
#5 E:\OpenServerPanel\domains\ht.hapy.com\vendor\codeigniter4\framework\system\CodeIgniter.php(312): CodeIgniter\CodeIgniter->handleRequest(NULL, Object(Config\Cache), false)
#6 E:\OpenServerPanel\domains\ht.hapy.com\index.php(48): CodeIgniter\CodeIgniter->run()
#7 {main}
CRITICAL - 2022-12-14 00:51:36 --> file_get_contents(https://behapyhealthy.com/saffron-salam-1gr/): failed to open stream: HTTP request failed! HTTP/1.0 404 Not Found

#0 [internal function]: CodeIgniter\Debug\Exceptions->errorHandler(2, 'file_get_conten...', 'E:\\OpenServerPa...', 70, Array)
#1 E:\OpenServerPanel\domains\ht.hapy.com\plugin\simple_html_dom.php(70): file_get_contents('https://behapyh...', false, NULL, 0)
#2 E:\OpenServerPanel\domains\ht.hapy.com\app\Controllers\Frontend\Homepage\Home.php(53): file_get_html('https://behapyh...')
#3 E:\OpenServerPanel\domains\ht.hapy.com\vendor\codeigniter4\framework\system\CodeIgniter.php(918): App\Controllers\Frontend\Homepage\Home->crawler()
#4 E:\OpenServerPanel\domains\ht.hapy.com\vendor\codeigniter4\framework\system\CodeIgniter.php(404): CodeIgniter\CodeIgniter->runController(Object(App\Controllers\Frontend\Homepage\Home))
#5 E:\OpenServerPanel\domains\ht.hapy.com\vendor\codeigniter4\framework\system\CodeIgniter.php(312): CodeIgniter\CodeIgniter->handleRequest(NULL, Object(Config\Cache), false)
#6 E:\OpenServerPanel\domains\ht.hapy.com\index.php(48): CodeIgniter\CodeIgniter->run()
#7 {main}
CRITICAL - 2022-12-14 00:52:58 --> Undefined offset: 0
#0 E:\OpenServerPanel\domains\ht.hapy.com\app\Controllers\Frontend\Homepage\Home.php(63): CodeIgniter\Debug\Exceptions->errorHandler(8, 'Undefined offse...', 'E:\\OpenServerPa...', 63, Array)
#1 E:\OpenServerPanel\domains\ht.hapy.com\vendor\codeigniter4\framework\system\CodeIgniter.php(918): App\Controllers\Frontend\Homepage\Home->crawler()
#2 E:\OpenServerPanel\domains\ht.hapy.com\vendor\codeigniter4\framework\system\CodeIgniter.php(404): CodeIgniter\CodeIgniter->runController(Object(App\Controllers\Frontend\Homepage\Home))
#3 E:\OpenServerPanel\domains\ht.hapy.com\vendor\codeigniter4\framework\system\CodeIgniter.php(312): CodeIgniter\CodeIgniter->handleRequest(NULL, Object(Config\Cache), false)
#4 E:\OpenServerPanel\domains\ht.hapy.com\index.php(48): CodeIgniter\CodeIgniter->run()
#5 {main}
CRITICAL - 2022-12-14 00:53:41 --> Allowed memory size of 1610612736 bytes exhausted (tried to allocate 803213312 bytes)
#0 [internal function]: CodeIgniter\Debug\Exceptions->shutdownHandler()
#1 {main}
CRITICAL - 2022-12-14 00:54:43 --> Undefined index: bestseller
#0 E:\OpenServerPanel\domains\ht.hapy.com\app\Views\frontend\product\product\index.php(153): CodeIgniter\Debug\Exceptions->errorHandler(8, 'Undefined index...', 'E:\\OpenServerPa...', 153, Array)
#1 E:\OpenServerPanel\domains\ht.hapy.com\vendor\codeigniter4\framework\system\View\View.php(246): include('E:\\OpenServerPa...')
#2 E:\OpenServerPanel\domains\ht.hapy.com\vendor\codeigniter4\framework\system\Common.php(1119): CodeIgniter\View\View->render('frontend/produc...', Array, true)
#3 E:\OpenServerPanel\domains\ht.hapy.com\app\Views\frontend\homepage\layout\home.php(72): view('frontend/produc...')
#4 E:\OpenServerPanel\domains\ht.hapy.com\vendor\codeigniter4\framework\system\View\View.php(246): include('E:\\OpenServerPa...')
#5 E:\OpenServerPanel\domains\ht.hapy.com\vendor\codeigniter4\framework\system\Common.php(1119): CodeIgniter\View\View->render('frontend/homepa...', Array, true)
#6 E:\OpenServerPanel\domains\ht.hapy.com\app\Controllers\Frontend\Product\Product.php(127): view('frontend/homepa...', Array)
#7 E:\OpenServerPanel\domains\ht.hapy.com\vendor\codeigniter4\framework\system\View\Cell.php(180): App\Controllers\Frontend\Product\Product->index(Array, '1')
#8 E:\OpenServerPanel\domains\ht.hapy.com\vendor\codeigniter4\framework\system\Common.php(1140): CodeIgniter\View\Cell->render('\\App\\Controller...', 'id=12, page=1', 0, 'AppControllersF...')
#9 E:\OpenServerPanel\domains\ht.hapy.com\app\Controllers\Frontend\Homepage\Router.php(59): view_cell('\\App\\Controller...', 'id=12, page=1')
#10 E:\OpenServerPanel\domains\ht.hapy.com\vendor\codeigniter4\framework\system\CodeIgniter.php(918): App\Controllers\Frontend\Homepage\Router->index('thanh-hat-dinh-...')
#11 E:\OpenServerPanel\domains\ht.hapy.com\vendor\codeigniter4\framework\system\CodeIgniter.php(404): CodeIgniter\CodeIgniter->runController(Object(App\Controllers\Frontend\Homepage\Router))
#12 E:\OpenServerPanel\domains\ht.hapy.com\vendor\codeigniter4\framework\system\CodeIgniter.php(312): CodeIgniter\CodeIgniter->handleRequest(NULL, Object(Config\Cache), false)
#13 E:\OpenServerPanel\domains\ht.hapy.com\index.php(48): CodeIgniter\CodeIgniter->run()
#14 {main}
CRITICAL - 2022-12-14 00:55:58 --> json_decode() expects parameter 1 to be string, array given
#0 [internal function]: CodeIgniter\Debug\Exceptions->errorHandler(2, 'json_decode() e...', 'E:\\OpenServerPa...', 16, Array)
#1 E:\OpenServerPanel\domains\ht.hapy.com\app\Views\frontend\product\product\index.php(16): json_decode(Array, true)
#2 E:\OpenServerPanel\domains\ht.hapy.com\vendor\codeigniter4\framework\system\View\View.php(246): include('E:\\OpenServerPa...')
#3 E:\OpenServerPanel\domains\ht.hapy.com\vendor\codeigniter4\framework\system\Common.php(1119): CodeIgniter\View\View->render('frontend/produc...', Array, true)
#4 E:\OpenServerPanel\domains\ht.hapy.com\app\Views\frontend\homepage\layout\home.php(72): view('frontend/produc...')
#5 E:\OpenServerPanel\domains\ht.hapy.com\vendor\codeigniter4\framework\system\View\View.php(246): include('E:\\OpenServerPa...')
#6 E:\OpenServerPanel\domains\ht.hapy.com\vendor\codeigniter4\framework\system\Common.php(1119): CodeIgniter\View\View->render('frontend/homepa...', Array, true)
#7 E:\OpenServerPanel\domains\ht.hapy.com\app\Controllers\Frontend\Product\Product.php(127): view('frontend/homepa...', Array)
#8 E:\OpenServerPanel\domains\ht.hapy.com\vendor\codeigniter4\framework\system\View\Cell.php(180): App\Controllers\Frontend\Product\Product->index(Array, '1')
#9 E:\OpenServerPanel\domains\ht.hapy.com\vendor\codeigniter4\framework\system\Common.php(1140): CodeIgniter\View\Cell->render('\\App\\Controller...', 'id=12, page=1', 0, 'AppControllersF...')
#10 E:\OpenServerPanel\domains\ht.hapy.com\app\Controllers\Frontend\Homepage\Router.php(59): view_cell('\\App\\Controller...', 'id=12, page=1')
#11 E:\OpenServerPanel\domains\ht.hapy.com\vendor\codeigniter4\framework\system\CodeIgniter.php(918): App\Controllers\Frontend\Homepage\Router->index('thanh-hat-dinh-...')
#12 E:\OpenServerPanel\domains\ht.hapy.com\vendor\codeigniter4\framework\system\CodeIgniter.php(404): CodeIgniter\CodeIgniter->runController(Object(App\Controllers\Frontend\Homepage\Router))
#13 E:\OpenServerPanel\domains\ht.hapy.com\vendor\codeigniter4\framework\system\CodeIgniter.php(312): CodeIgniter\CodeIgniter->handleRequest(NULL, Object(Config\Cache), false)
#14 E:\OpenServerPanel\domains\ht.hapy.com\index.php(48): CodeIgniter\CodeIgniter->run()
#15 {main}
CRITICAL - 2022-12-14 00:56:10 --> json_decode() expects parameter 1 to be string, array given
#0 [internal function]: CodeIgniter\Debug\Exceptions->errorHandler(2, 'json_decode() e...', 'E:\\OpenServerPa...', 16, Array)
#1 E:\OpenServerPanel\domains\ht.hapy.com\app\Views\frontend\product\product\index.php(16): json_decode(Array, true)
#2 E:\OpenServerPanel\domains\ht.hapy.com\vendor\codeigniter4\framework\system\View\View.php(246): include('E:\\OpenServerPa...')
#3 E:\OpenServerPanel\domains\ht.hapy.com\vendor\codeigniter4\framework\system\Common.php(1119): CodeIgniter\View\View->render('frontend/produc...', Array, true)
#4 E:\OpenServerPanel\domains\ht.hapy.com\app\Views\frontend\homepage\layout\home.php(72): view('frontend/produc...')
#5 E:\OpenServerPanel\domains\ht.hapy.com\vendor\codeigniter4\framework\system\View\View.php(246): include('E:\\OpenServerPa...')
#6 E:\OpenServerPanel\domains\ht.hapy.com\vendor\codeigniter4\framework\system\Common.php(1119): CodeIgniter\View\View->render('frontend/homepa...', Array, true)
#7 E:\OpenServerPanel\domains\ht.hapy.com\app\Controllers\Frontend\Product\Product.php(127): view('frontend/homepa...', Array)
#8 E:\OpenServerPanel\domains\ht.hapy.com\vendor\codeigniter4\framework\system\View\Cell.php(180): App\Controllers\Frontend\Product\Product->index(Array, '1')
#9 E:\OpenServerPanel\domains\ht.hapy.com\vendor\codeigniter4\framework\system\Common.php(1140): CodeIgniter\View\Cell->render('\\App\\Controller...', 'id=12, page=1', 0, 'AppControllersF...')
#10 E:\OpenServerPanel\domains\ht.hapy.com\app\Controllers\Frontend\Homepage\Router.php(59): view_cell('\\App\\Controller...', 'id=12, page=1')
#11 E:\OpenServerPanel\domains\ht.hapy.com\vendor\codeigniter4\framework\system\CodeIgniter.php(918): App\Controllers\Frontend\Homepage\Router->index('thanh-hat-dinh-...')
#12 E:\OpenServerPanel\domains\ht.hapy.com\vendor\codeigniter4\framework\system\CodeIgniter.php(404): CodeIgniter\CodeIgniter->runController(Object(App\Controllers\Frontend\Homepage\Router))
#13 E:\OpenServerPanel\domains\ht.hapy.com\vendor\codeigniter4\framework\system\CodeIgniter.php(312): CodeIgniter\CodeIgniter->handleRequest(NULL, Object(Config\Cache), false)
#14 E:\OpenServerPanel\domains\ht.hapy.com\index.php(48): CodeIgniter\CodeIgniter->run()
#15 {main}
CRITICAL - 2022-12-14 00:56:12 --> json_decode() expects parameter 1 to be string, array given
#0 [internal function]: CodeIgniter\Debug\Exceptions->errorHandler(2, 'json_decode() e...', 'E:\\OpenServerPa...', 16, Array)
#1 E:\OpenServerPanel\domains\ht.hapy.com\app\Views\frontend\product\product\index.php(16): json_decode(Array, true)
#2 E:\OpenServerPanel\domains\ht.hapy.com\vendor\codeigniter4\framework\system\View\View.php(246): include('E:\\OpenServerPa...')
#3 E:\OpenServerPanel\domains\ht.hapy.com\vendor\codeigniter4\framework\system\Common.php(1119): CodeIgniter\View\View->render('frontend/produc...', Array, true)
#4 E:\OpenServerPanel\domains\ht.hapy.com\app\Views\frontend\homepage\layout\home.php(72): view('frontend/produc...')
#5 E:\OpenServerPanel\domains\ht.hapy.com\vendor\codeigniter4\framework\system\View\View.php(246): include('E:\\OpenServerPa...')
#6 E:\OpenServerPanel\domains\ht.hapy.com\vendor\codeigniter4\framework\system\Common.php(1119): CodeIgniter\View\View->render('frontend/homepa...', Array, true)
#7 E:\OpenServerPanel\domains\ht.hapy.com\app\Controllers\Frontend\Product\Product.php(127): view('frontend/homepa...', Array)
#8 E:\OpenServerPanel\domains\ht.hapy.com\vendor\codeigniter4\framework\system\View\Cell.php(180): App\Controllers\Frontend\Product\Product->index(Array, '1')
#9 E:\OpenServerPanel\domains\ht.hapy.com\vendor\codeigniter4\framework\system\Common.php(1140): CodeIgniter\View\Cell->render('\\App\\Controller...', 'id=12, page=1', 0, 'AppControllersF...')
#10 E:\OpenServerPanel\domains\ht.hapy.com\app\Controllers\Frontend\Homepage\Router.php(59): view_cell('\\App\\Controller...', 'id=12, page=1')
#11 E:\OpenServerPanel\domains\ht.hapy.com\vendor\codeigniter4\framework\system\CodeIgniter.php(918): App\Controllers\Frontend\Homepage\Router->index('thanh-hat-dinh-...')
#12 E:\OpenServerPanel\domains\ht.hapy.com\vendor\codeigniter4\framework\system\CodeIgniter.php(404): CodeIgniter\CodeIgniter->runController(Object(App\Controllers\Frontend\Homepage\Router))
#13 E:\OpenServerPanel\domains\ht.hapy.com\vendor\codeigniter4\framework\system\CodeIgniter.php(312): CodeIgniter\CodeIgniter->handleRequest(NULL, Object(Config\Cache), false)
#14 E:\OpenServerPanel\domains\ht.hapy.com\index.php(48): CodeIgniter\CodeIgniter->run()
#15 {main}
CRITICAL - 2022-12-14 01:00:11 --> Invalid file: backend/dashboard/common/script.php
#0 E:\OpenServerPanel\domains\ht.hapy.com\vendor\codeigniter4\framework\system\View\View.php(228): CodeIgniter\Exceptions\FrameworkException::forInvalidFile('backend/dashboa...')
#1 E:\OpenServerPanel\domains\ht.hapy.com\vendor\codeigniter4\framework\system\Common.php(1119): CodeIgniter\View\View->render('backend/dashboa...', Array, true)
#2 E:\OpenServerPanel\domains\ht.hapy.com\app\Views\frontend\homepage\layout\home.php(106): view('backend/dashboa...')
#3 E:\OpenServerPanel\domains\ht.hapy.com\vendor\codeigniter4\framework\system\View\View.php(246): include('E:\\OpenServerPa...')
#4 E:\OpenServerPanel\domains\ht.hapy.com\vendor\codeigniter4\framework\system\Common.php(1119): CodeIgniter\View\View->render('frontend/homepa...', Array, true)
#5 E:\OpenServerPanel\domains\ht.hapy.com\app\Controllers\Frontend\Product\Product.php(127): view('frontend/homepa...', Array)
#6 E:\OpenServerPanel\domains\ht.hapy.com\vendor\codeigniter4\framework\system\View\Cell.php(180): App\Controllers\Frontend\Product\Product->index(Array, '1')
#7 E:\OpenServerPanel\domains\ht.hapy.com\vendor\codeigniter4\framework\system\Common.php(1140): CodeIgniter\View\Cell->render('\\App\\Controller...', 'id=12, page=1', 0, 'AppControllersF...')
#8 E:\OpenServerPanel\domains\ht.hapy.com\app\Controllers\Frontend\Homepage\Router.php(59): view_cell('\\App\\Controller...', 'id=12, page=1')
#9 E:\OpenServerPanel\domains\ht.hapy.com\vendor\codeigniter4\framework\system\CodeIgniter.php(918): App\Controllers\Frontend\Homepage\Router->index('thanh-hat-dinh-...')
#10 E:\OpenServerPanel\domains\ht.hapy.com\vendor\codeigniter4\framework\system\CodeIgniter.php(404): CodeIgniter\CodeIgniter->runController(Object(App\Controllers\Frontend\Homepage\Router))
#11 E:\OpenServerPanel\domains\ht.hapy.com\vendor\codeigniter4\framework\system\CodeIgniter.php(312): CodeIgniter\CodeIgniter->handleRequest(NULL, Object(Config\Cache), false)
#12 E:\OpenServerPanel\domains\ht.hapy.com\index.php(48): CodeIgniter\CodeIgniter->run()
#13 {main}
CRITICAL - 2022-12-14 01:00:13 --> Invalid file: backend/dashboard/common/script.php
#0 E:\OpenServerPanel\domains\ht.hapy.com\vendor\codeigniter4\framework\system\View\View.php(228): CodeIgniter\Exceptions\FrameworkException::forInvalidFile('backend/dashboa...')
#1 E:\OpenServerPanel\domains\ht.hapy.com\vendor\codeigniter4\framework\system\Common.php(1119): CodeIgniter\View\View->render('backend/dashboa...', Array, true)
#2 E:\OpenServerPanel\domains\ht.hapy.com\app\Views\frontend\homepage\layout\home.php(106): view('backend/dashboa...')
#3 E:\OpenServerPanel\domains\ht.hapy.com\vendor\codeigniter4\framework\system\View\View.php(246): include('E:\\OpenServerPa...')
#4 E:\OpenServerPanel\domains\ht.hapy.com\vendor\codeigniter4\framework\system\Common.php(1119): CodeIgniter\View\View->render('frontend/homepa...', Array, true)
#5 E:\OpenServerPanel\domains\ht.hapy.com\app\Controllers\Frontend\Product\Product.php(127): view('frontend/homepa...', Array)
#6 E:\OpenServerPanel\domains\ht.hapy.com\vendor\codeigniter4\framework\system\View\Cell.php(180): App\Controllers\Frontend\Product\Product->index(Array, '1')
#7 E:\OpenServerPanel\domains\ht.hapy.com\vendor\codeigniter4\framework\system\Common.php(1140): CodeIgniter\View\Cell->render('\\App\\Controller...', 'id=12, page=1', 0, 'AppControllersF...')
#8 E:\OpenServerPanel\domains\ht.hapy.com\app\Controllers\Frontend\Homepage\Router.php(59): view_cell('\\App\\Controller...', 'id=12, page=1')
#9 E:\OpenServerPanel\domains\ht.hapy.com\vendor\codeigniter4\framework\system\CodeIgniter.php(918): App\Controllers\Frontend\Homepage\Router->index('thanh-hat-dinh-...')
#10 E:\OpenServerPanel\domains\ht.hapy.com\vendor\codeigniter4\framework\system\CodeIgniter.php(404): CodeIgniter\CodeIgniter->runController(Object(App\Controllers\Frontend\Homepage\Router))
#11 E:\OpenServerPanel\domains\ht.hapy.com\vendor\codeigniter4\framework\system\CodeIgniter.php(312): CodeIgniter\CodeIgniter->handleRequest(NULL, Object(Config\Cache), false)
#12 E:\OpenServerPanel\domains\ht.hapy.com\index.php(48): CodeIgniter\CodeIgniter->run()
#13 {main}
CRITICAL - 2022-12-14 01:01:55 --> Undefined index: descrition
#0 E:\OpenServerPanel\domains\ht.hapy.com\app\Views\frontend\product\product\index.php(60): CodeIgniter\Debug\Exceptions->errorHandler(8, 'Undefined index...', 'E:\\OpenServerPa...', 60, Array)
#1 E:\OpenServerPanel\domains\ht.hapy.com\vendor\codeigniter4\framework\system\View\View.php(246): include('E:\\OpenServerPa...')
#2 E:\OpenServerPanel\domains\ht.hapy.com\vendor\codeigniter4\framework\system\Common.php(1119): CodeIgniter\View\View->render('frontend/produc...', Array, true)
#3 E:\OpenServerPanel\domains\ht.hapy.com\app\Views\frontend\homepage\layout\home.php(72): view('frontend/produc...')
#4 E:\OpenServerPanel\domains\ht.hapy.com\vendor\codeigniter4\framework\system\View\View.php(246): include('E:\\OpenServerPa...')
#5 E:\OpenServerPanel\domains\ht.hapy.com\vendor\codeigniter4\framework\system\Common.php(1119): CodeIgniter\View\View->render('frontend/homepa...', Array, true)
#6 E:\OpenServerPanel\domains\ht.hapy.com\app\Controllers\Frontend\Product\Product.php(127): view('frontend/homepa...', Array)
#7 E:\OpenServerPanel\domains\ht.hapy.com\vendor\codeigniter4\framework\system\View\Cell.php(180): App\Controllers\Frontend\Product\Product->index(Array, '1')
#8 E:\OpenServerPanel\domains\ht.hapy.com\vendor\codeigniter4\framework\system\Common.php(1140): CodeIgniter\View\Cell->render('\\App\\Controller...', 'id=12, page=1', 0, 'AppControllersF...')
#9 E:\OpenServerPanel\domains\ht.hapy.com\app\Controllers\Frontend\Homepage\Router.php(59): view_cell('\\App\\Controller...', 'id=12, page=1')
#10 E:\OpenServerPanel\domains\ht.hapy.com\vendor\codeigniter4\framework\system\CodeIgniter.php(918): App\Controllers\Frontend\Homepage\Router->index('thanh-hat-dinh-...')
#11 E:\OpenServerPanel\domains\ht.hapy.com\vendor\codeigniter4\framework\system\CodeIgniter.php(404): CodeIgniter\CodeIgniter->runController(Object(App\Controllers\Frontend\Homepage\Router))
#12 E:\OpenServerPanel\domains\ht.hapy.com\vendor\codeigniter4\framework\system\CodeIgniter.php(312): CodeIgniter\CodeIgniter->handleRequest(NULL, Object(Config\Cache), false)
#13 E:\OpenServerPanel\domains\ht.hapy.com\index.php(48): CodeIgniter\CodeIgniter->run()
#14 {main}
CRITICAL - 2022-12-14 01:01:57 --> Undefined index: descrition
#0 E:\OpenServerPanel\domains\ht.hapy.com\app\Views\frontend\product\product\index.php(60): CodeIgniter\Debug\Exceptions->errorHandler(8, 'Undefined index...', 'E:\\OpenServerPa...', 60, Array)
#1 E:\OpenServerPanel\domains\ht.hapy.com\vendor\codeigniter4\framework\system\View\View.php(246): include('E:\\OpenServerPa...')
#2 E:\OpenServerPanel\domains\ht.hapy.com\vendor\codeigniter4\framework\system\Common.php(1119): CodeIgniter\View\View->render('frontend/produc...', Array, true)
#3 E:\OpenServerPanel\domains\ht.hapy.com\app\Views\frontend\homepage\layout\home.php(72): view('frontend/produc...')
#4 E:\OpenServerPanel\domains\ht.hapy.com\vendor\codeigniter4\framework\system\View\View.php(246): include('E:\\OpenServerPa...')
#5 E:\OpenServerPanel\domains\ht.hapy.com\vendor\codeigniter4\framework\system\Common.php(1119): CodeIgniter\View\View->render('frontend/homepa...', Array, true)
#6 E:\OpenServerPanel\domains\ht.hapy.com\app\Controllers\Frontend\Product\Product.php(127): view('frontend/homepa...', Array)
#7 E:\OpenServerPanel\domains\ht.hapy.com\vendor\codeigniter4\framework\system\View\Cell.php(180): App\Controllers\Frontend\Product\Product->index(Array, '1')
#8 E:\OpenServerPanel\domains\ht.hapy.com\vendor\codeigniter4\framework\system\Common.php(1140): CodeIgniter\View\Cell->render('\\App\\Controller...', 'id=12, page=1', 0, 'AppControllersF...')
#9 E:\OpenServerPanel\domains\ht.hapy.com\app\Controllers\Frontend\Homepage\Router.php(59): view_cell('\\App\\Controller...', 'id=12, page=1')
#10 E:\OpenServerPanel\domains\ht.hapy.com\vendor\codeigniter4\framework\system\CodeIgniter.php(918): App\Controllers\Frontend\Homepage\Router->index('thanh-hat-dinh-...')
#11 E:\OpenServerPanel\domains\ht.hapy.com\vendor\codeigniter4\framework\system\CodeIgniter.php(404): CodeIgniter\CodeIgniter->runController(Object(App\Controllers\Frontend\Homepage\Router))
#12 E:\OpenServerPanel\domains\ht.hapy.com\vendor\codeigniter4\framework\system\CodeIgniter.php(312): CodeIgniter\CodeIgniter->handleRequest(NULL, Object(Config\Cache), false)
#13 E:\OpenServerPanel\domains\ht.hapy.com\index.php(48): CodeIgniter\CodeIgniter->run()
#14 {main}
CRITICAL - 2022-12-14 01:24:49 --> Allowed memory size of 1610612736 bytes exhausted (tried to allocate 20480 bytes)
#0 [internal function]: CodeIgniter\Debug\Exceptions->shutdownHandler()
#1 {main}
CRITICAL - 2022-12-14 01:24:54 --> Allowed memory size of 1610612736 bytes exhausted (tried to allocate 20480 bytes)
#0 [internal function]: CodeIgniter\Debug\Exceptions->shutdownHandler()
#1 {main}
CRITICAL - 2022-12-14 01:25:15 --> Allowed memory size of 1610612736 bytes exhausted (tried to allocate 20480 bytes)
#0 [internal function]: CodeIgniter\Debug\Exceptions->shutdownHandler()
#1 {main}
CRITICAL - 2022-12-14 01:26:13 --> Allowed memory size of 1610612736 bytes exhausted (tried to allocate 20480 bytes)
#0 [internal function]: CodeIgniter\Debug\Exceptions->shutdownHandler()
#1 {main}
CRITICAL - 2022-12-14 01:26:22 --> Allowed memory size of 1610612736 bytes exhausted (tried to allocate 20480 bytes)
#0 [internal function]: CodeIgniter\Debug\Exceptions->shutdownHandler()
#1 {main}
CRITICAL - 2022-12-14 01:26:33 --> Allowed memory size of 1610612736 bytes exhausted (tried to allocate 20480 bytes)
#0 [internal function]: CodeIgniter\Debug\Exceptions->shutdownHandler()
#1 {main}
CRITICAL - 2022-12-14 01:28:10 --> Undefined index: bestseller
#0 E:\OpenServerPanel\domains\ht.hapy.com\app\Views\frontend\article\article\index.php(93): CodeIgniter\Debug\Exceptions->errorHandler(8, 'Undefined index...', 'E:\\OpenServerPa...', 93, Array)
#1 E:\OpenServerPanel\domains\ht.hapy.com\vendor\codeigniter4\framework\system\View\View.php(246): include('E:\\OpenServerPa...')
#2 E:\OpenServerPanel\domains\ht.hapy.com\vendor\codeigniter4\framework\system\Common.php(1119): CodeIgniter\View\View->render('frontend/articl...', Array, true)
#3 E:\OpenServerPanel\domains\ht.hapy.com\app\Views\frontend\homepage\layout\home.php(72): view('frontend/articl...')
#4 E:\OpenServerPanel\domains\ht.hapy.com\vendor\codeigniter4\framework\system\View\View.php(246): include('E:\\OpenServerPa...')
#5 E:\OpenServerPanel\domains\ht.hapy.com\vendor\codeigniter4\framework\system\Common.php(1119): CodeIgniter\View\View->render('frontend/homepa...', Array, true)
#6 E:\OpenServerPanel\domains\ht.hapy.com\app\Controllers\Frontend\Article\Article.php(278): view('frontend/homepa...', Array)
#7 E:\OpenServerPanel\domains\ht.hapy.com\vendor\codeigniter4\framework\system\View\Cell.php(180): App\Controllers\Frontend\Article\Article->index(20, '1')
#8 E:\OpenServerPanel\domains\ht.hapy.com\vendor\codeigniter4\framework\system\Common.php(1140): CodeIgniter\View\Cell->render('\\App\\Controller...', 'id=20, page=1', 0, 'AppControllersF...')
#9 E:\OpenServerPanel\domains\ht.hapy.com\app\Controllers\Frontend\Homepage\Router.php(59): view_cell('\\App\\Controller...', 'id=20, page=1')
#10 E:\OpenServerPanel\domains\ht.hapy.com\vendor\codeigniter4\framework\system\CodeIgniter.php(918): App\Controllers\Frontend\Homepage\Router->index('behapy-namas-do...')
#11 E:\OpenServerPanel\domains\ht.hapy.com\vendor\codeigniter4\framework\system\CodeIgniter.php(404): CodeIgniter\CodeIgniter->runController(Object(App\Controllers\Frontend\Homepage\Router))
#12 E:\OpenServerPanel\domains\ht.hapy.com\vendor\codeigniter4\framework\system\CodeIgniter.php(312): CodeIgniter\CodeIgniter->handleRequest(NULL, Object(Config\Cache), false)
#13 E:\OpenServerPanel\domains\ht.hapy.com\index.php(48): CodeIgniter\CodeIgniter->run()
#14 {main}
CRITICAL - 2022-12-14 11:15:15 --> Undefined variable: URL_FLUGINFB
#0 /home/hapy/domains/hapy.codechuanseo.com.vn/public_html/app/Views/frontend/product/product/index.php(72): CodeIgniter\Debug\Exceptions->errorHandler(8, 'Undefined varia...', '/home/hapy/doma...', 72, Array)
#1 /home/hapy/domains/hapy.codechuanseo.com.vn/public_html/vendor/codeigniter4/framework/system/View/View.php(246): include('/home/hapy/doma...')
#2 /home/hapy/domains/hapy.codechuanseo.com.vn/public_html/vendor/codeigniter4/framework/system/Common.php(1119): CodeIgniter\View\View->render('frontend/produc...', Array, true)
#3 /home/hapy/domains/hapy.codechuanseo.com.vn/public_html/app/Views/frontend/homepage/layout/home.php(73): view('frontend/produc...')
#4 /home/hapy/domains/hapy.codechuanseo.com.vn/public_html/vendor/codeigniter4/framework/system/View/View.php(246): include('/home/hapy/doma...')
#5 /home/hapy/domains/hapy.codechuanseo.com.vn/public_html/vendor/codeigniter4/framework/system/Common.php(1119): CodeIgniter\View\View->render('frontend/homepa...', Array, true)
#6 /home/hapy/domains/hapy.codechuanseo.com.vn/public_html/app/Controllers/Frontend/Product/Product.php(127): view('frontend/homepa...', Array)
#7 /home/hapy/domains/hapy.codechuanseo.com.vn/public_html/vendor/codeigniter4/framework/system/View/Cell.php(180): App\Controllers\Frontend\Product\Product->index(Array, '1')
#8 /home/hapy/domains/hapy.codechuanseo.com.vn/public_html/vendor/codeigniter4/framework/system/Common.php(1140): CodeIgniter\View\Cell->render('\\App\\Controller...', 'id=39, page=1', 0, 'AppControllersF...')
#9 /home/hapy/domains/hapy.codechuanseo.com.vn/public_html/app/Controllers/Frontend/Homepage/Router.php(59): view_cell('\\App\\Controller...', 'id=39, page=1')
#10 /home/hapy/domains/hapy.codechuanseo.com.vn/public_html/vendor/codeigniter4/framework/system/CodeIgniter.php(918): App\Controllers\Frontend\Homepage\Router->index('tuong-ot-tu-nhi...')
#11 /home/hapy/domains/hapy.codechuanseo.com.vn/public_html/vendor/codeigniter4/framework/system/CodeIgniter.php(404): CodeIgniter\CodeIgniter->runController(Object(App\Controllers\Frontend\Homepage\Router))
#12 /home/hapy/domains/hapy.codechuanseo.com.vn/public_html/vendor/codeigniter4/framework/system/CodeIgniter.php(312): CodeIgniter\CodeIgniter->handleRequest(NULL, Object(Config\Cache), false)
#13 /home/hapy/domains/hapy.codechuanseo.com.vn/public_html/index.php(48): CodeIgniter\CodeIgniter->run()
#14 {main}
CRITICAL - 2022-12-14 11:30:59 --> unlink(/home/hapy/domains/hapy.codechuanseo.com.vn/public_html/writable/debugbar/debugbar_1671038226.json): No such file or directory
#0 [internal function]: CodeIgniter\Debug\Exceptions->errorHandler(2, 'unlink(/home/ha...', '/home/hapy/doma...', 106, Array)
#1 /home/hapy/domains/hapy.codechuanseo.com.vn/public_html/vendor/codeigniter4/framework/system/Debug/Toolbar/Collectors/History.php(106): unlink('/home/hapy/doma...')
#2 /home/hapy/domains/hapy.codechuanseo.com.vn/public_html/vendor/codeigniter4/framework/system/Debug/Toolbar.php(483): CodeIgniter\Debug\Toolbar\Collectors\History->setFiles(1671039059, 20)
#3 /home/hapy/domains/hapy.codechuanseo.com.vn/public_html/vendor/codeigniter4/framework/system/Debug/Toolbar.php(455): CodeIgniter\Debug\Toolbar->format(Array, 'html')
#4 /home/hapy/domains/hapy.codechuanseo.com.vn/public_html/app/Config/Events.php(44): CodeIgniter\Debug\Toolbar->respond()
#5 [internal function]: CodeIgniter\Events\Events::Config\{closure}()
#6 /home/hapy/domains/hapy.codechuanseo.com.vn/public_html/vendor/codeigniter4/framework/system/Events/Events.php(188): call_user_func(Object(Closure))
#7 /home/hapy/domains/hapy.codechuanseo.com.vn/public_html/vendor/codeigniter4/framework/system/CodeIgniter.php(293): CodeIgniter\Events\Events::trigger('pre_system')
#8 /home/hapy/domains/hapy.codechuanseo.com.vn/public_html/index.php(48): CodeIgniter\CodeIgniter->run()
#9 {main}
CRITICAL - 2022-12-14 11:32:05 --> unlink(/home/hapy/domains/hapy.codechuanseo.com.vn/public_html/writable/debugbar/debugbar_1671038268.json): No such file or directory
#0 [internal function]: CodeIgniter\Debug\Exceptions->errorHandler(2, 'unlink(/home/ha...', '/home/hapy/doma...', 106, Array)
#1 /home/hapy/domains/hapy.codechuanseo.com.vn/public_html/vendor/codeigniter4/framework/system/Debug/Toolbar/Collectors/History.php(106): unlink('/home/hapy/doma...')
#2 /home/hapy/domains/hapy.codechuanseo.com.vn/public_html/vendor/codeigniter4/framework/system/Debug/Toolbar.php(483): CodeIgniter\Debug\Toolbar\Collectors\History->setFiles(1671039124, 20)
#3 /home/hapy/domains/hapy.codechuanseo.com.vn/public_html/vendor/codeigniter4/framework/system/Debug/Toolbar.php(455): CodeIgniter\Debug\Toolbar->format(Array, 'html')
#4 /home/hapy/domains/hapy.codechuanseo.com.vn/public_html/app/Config/Events.php(44): CodeIgniter\Debug\Toolbar->respond()
#5 [internal function]: CodeIgniter\Events\Events::Config\{closure}()
#6 /home/hapy/domains/hapy.codechuanseo.com.vn/public_html/vendor/codeigniter4/framework/system/Events/Events.php(188): call_user_func(Object(Closure))
#7 /home/hapy/domains/hapy.codechuanseo.com.vn/public_html/vendor/codeigniter4/framework/system/CodeIgniter.php(293): CodeIgniter\Events\Events::trigger('pre_system')
#8 /home/hapy/domains/hapy.codechuanseo.com.vn/public_html/index.php(48): CodeIgniter\CodeIgniter->run()
#9 {main}
CRITICAL - 2022-12-14 11:37:31 --> Undefined variable: genera
#0 /home/hapy/domains/hapy.codechuanseo.com.vn/public_html/app/Views/frontend/homepage/common/call.php(9): CodeIgniter\Debug\Exceptions->errorHandler(8, 'Undefined varia...', '/home/hapy/doma...', 9, Array)
#1 /home/hapy/domains/hapy.codechuanseo.com.vn/public_html/vendor/codeigniter4/framework/system/View/View.php(246): include('/home/hapy/doma...')
#2 /home/hapy/domains/hapy.codechuanseo.com.vn/public_html/vendor/codeigniter4/framework/system/Common.php(1119): CodeIgniter\View\View->render('frontend/homepa...', Array, true)
#3 /home/hapy/domains/hapy.codechuanseo.com.vn/public_html/app/Views/frontend/homepage/layout/home.php(70): view('frontend/homepa...')
#4 /home/hapy/domains/hapy.codechuanseo.com.vn/public_html/vendor/codeigniter4/framework/system/View/View.php(246): include('/home/hapy/doma...')
#5 /home/hapy/domains/hapy.codechuanseo.com.vn/public_html/vendor/codeigniter4/framework/system/Common.php(1119): CodeIgniter\View\View->render('frontend/homepa...', Array, true)
#6 /home/hapy/domains/hapy.codechuanseo.com.vn/public_html/app/Controllers/Frontend/Product/Product.php(127): view('frontend/homepa...', Array)
#7 /home/hapy/domains/hapy.codechuanseo.com.vn/public_html/vendor/codeigniter4/framework/system/View/Cell.php(180): App\Controllers\Frontend\Product\Product->index(Array, '1')
#8 /home/hapy/domains/hapy.codechuanseo.com.vn/public_html/vendor/codeigniter4/framework/system/Common.php(1140): CodeIgniter\View\Cell->render('\\App\\Controller...', 'id=37, page=1', 0, 'AppControllersF...')
#9 /home/hapy/domains/hapy.codechuanseo.com.vn/public_html/app/Controllers/Frontend/Homepage/Router.php(59): view_cell('\\App\\Controller...', 'id=37, page=1')
#10 /home/hapy/domains/hapy.codechuanseo.com.vn/public_html/vendor/codeigniter4/framework/system/CodeIgniter.php(918): App\Controllers\Frontend\Homepage\Router->index('nuoc-xot-me-ran...')
#11 /home/hapy/domains/hapy.codechuanseo.com.vn/public_html/vendor/codeigniter4/framework/system/CodeIgniter.php(404): CodeIgniter\CodeIgniter->runController(Object(App\Controllers\Frontend\Homepage\Router))
#12 /home/hapy/domains/hapy.codechuanseo.com.vn/public_html/vendor/codeigniter4/framework/system/CodeIgniter.php(312): CodeIgniter\CodeIgniter->handleRequest(NULL, Object(Config\Cache), false)
#13 /home/hapy/domains/hapy.codechuanseo.com.vn/public_html/index.php(48): CodeIgniter\CodeIgniter->run()
#14 {main}
CRITICAL - 2022-12-14 11:37:57 --> Undefined variable: genera
#0 /home/hapy/domains/hapy.codechuanseo.com.vn/public_html/app/Views/frontend/homepage/common/call.php(9): CodeIgniter\Debug\Exceptions->errorHandler(8, 'Undefined varia...', '/home/hapy/doma...', 9, Array)
#1 /home/hapy/domains/hapy.codechuanseo.com.vn/public_html/vendor/codeigniter4/framework/system/View/View.php(246): include('/home/hapy/doma...')
#2 /home/hapy/domains/hapy.codechuanseo.com.vn/public_html/vendor/codeigniter4/framework/system/Common.php(1119): CodeIgniter\View\View->render('frontend/homepa...', Array, true)
#3 /home/hapy/domains/hapy.codechuanseo.com.vn/public_html/app/Views/frontend/homepage/layout/home.php(70): view('frontend/homepa...')
#4 /home/hapy/domains/hapy.codechuanseo.com.vn/public_html/vendor/codeigniter4/framework/system/View/View.php(246): include('/home/hapy/doma...')
#5 /home/hapy/domains/hapy.codechuanseo.com.vn/public_html/vendor/codeigniter4/framework/system/Common.php(1119): CodeIgniter\View\View->render('frontend/homepa...', Array, true)
#6 /home/hapy/domains/hapy.codechuanseo.com.vn/public_html/app/Controllers/Frontend/Product/Product.php(127): view('frontend/homepa...', Array)
#7 /home/hapy/domains/hapy.codechuanseo.com.vn/public_html/vendor/codeigniter4/framework/system/View/Cell.php(180): App\Controllers\Frontend\Product\Product->index(Array, '1')
#8 /home/hapy/domains/hapy.codechuanseo.com.vn/public_html/vendor/codeigniter4/framework/system/Common.php(1140): CodeIgniter\View\Cell->render('\\App\\Controller...', 'id=37, page=1', 0, 'AppControllersF...')
#9 /home/hapy/domains/hapy.codechuanseo.com.vn/public_html/app/Controllers/Frontend/Homepage/Router.php(59): view_cell('\\App\\Controller...', 'id=37, page=1')
#10 /home/hapy/domains/hapy.codechuanseo.com.vn/public_html/vendor/codeigniter4/framework/system/CodeIgniter.php(918): App\Controllers\Frontend\Homepage\Router->index('nuoc-xot-me-ran...')
#11 /home/hapy/domains/hapy.codechuanseo.com.vn/public_html/vendor/codeigniter4/framework/system/CodeIgniter.php(404): CodeIgniter\CodeIgniter->runController(Object(App\Controllers\Frontend\Homepage\Router))
#12 /home/hapy/domains/hapy.codechuanseo.com.vn/public_html/vendor/codeigniter4/framework/system/CodeIgniter.php(312): CodeIgniter\CodeIgniter->handleRequest(NULL, Object(Config\Cache), false)
#13 /home/hapy/domains/hapy.codechuanseo.com.vn/public_html/index.php(48): CodeIgniter\CodeIgniter->run()
#14 {main}
CRITICAL - 2022-12-14 11:38:04 --> Undefined variable: genera
#0 /home/hapy/domains/hapy.codechuanseo.com.vn/public_html/app/Views/frontend/homepage/common/call.php(9): CodeIgniter\Debug\Exceptions->errorHandler(8, 'Undefined varia...', '/home/hapy/doma...', 9, Array)
#1 /home/hapy/domains/hapy.codechuanseo.com.vn/public_html/vendor/codeigniter4/framework/system/View/View.php(246): include('/home/hapy/doma...')
#2 /home/hapy/domains/hapy.codechuanseo.com.vn/public_html/vendor/codeigniter4/framework/system/Common.php(1119): CodeIgniter\View\View->render('frontend/homepa...', Array, true)
#3 /home/hapy/domains/hapy.codechuanseo.com.vn/public_html/app/Views/frontend/homepage/layout/home.php(70): view('frontend/homepa...')
#4 /home/hapy/domains/hapy.codechuanseo.com.vn/public_html/vendor/codeigniter4/framework/system/View/View.php(246): include('/home/hapy/doma...')
#5 /home/hapy/domains/hapy.codechuanseo.com.vn/public_html/vendor/codeigniter4/framework/system/Common.php(1119): CodeIgniter\View\View->render('frontend/homepa...', Array, true)
#6 /home/hapy/domains/hapy.codechuanseo.com.vn/public_html/app/Controllers/Frontend/Product/Product.php(127): view('frontend/homepa...', Array)
#7 /home/hapy/domains/hapy.codechuanseo.com.vn/public_html/vendor/codeigniter4/framework/system/View/Cell.php(180): App\Controllers\Frontend\Product\Product->index(Array, '1')
#8 /home/hapy/domains/hapy.codechuanseo.com.vn/public_html/vendor/codeigniter4/framework/system/Common.php(1140): CodeIgniter\View\Cell->render('\\App\\Controller...', 'id=37, page=1', 0, 'AppControllersF...')
#9 /home/hapy/domains/hapy.codechuanseo.com.vn/public_html/app/Controllers/Frontend/Homepage/Router.php(59): view_cell('\\App\\Controller...', 'id=37, page=1')
#10 /home/hapy/domains/hapy.codechuanseo.com.vn/public_html/vendor/codeigniter4/framework/system/CodeIgniter.php(918): App\Controllers\Frontend\Homepage\Router->index('nuoc-xot-me-ran...')
#11 /home/hapy/domains/hapy.codechuanseo.com.vn/public_html/vendor/codeigniter4/framework/system/CodeIgniter.php(404): CodeIgniter\CodeIgniter->runController(Object(App\Controllers\Frontend\Homepage\Router))
#12 /home/hapy/domains/hapy.codechuanseo.com.vn/public_html/vendor/codeigniter4/framework/system/CodeIgniter.php(312): CodeIgniter\CodeIgniter->handleRequest(NULL, Object(Config\Cache), false)
#13 /home/hapy/domains/hapy.codechuanseo.com.vn/public_html/index.php(48): CodeIgniter\CodeIgniter->run()
#14 {main}
