CRITICAL - 2023-01-03 00:33:51 --> Argument 1 passed to check_isset() must be of the type string, null given, called in /home/hapy/domains/behapyhanoi.com/public_html/app/Views/backend/bill/bill/detail.php on line 57
#0 /home/hapy/domains/behapyhanoi.com/public_html/app/Views/backend/bill/bill/detail.php(57): check_isset(NULL)
#1 /home/hapy/domains/behapyhanoi.com/public_html/vendor/codeigniter4/framework/system/View/View.php(246): include('/home/hapy/doma...')
#2 /home/hapy/domains/behapyhanoi.com/public_html/vendor/codeigniter4/framework/system/Common.php(1119): CodeIgniter\View\View->render('backend/bill/bi...', Array, true)
#3 /home/hapy/domains/behapyhanoi.com/public_html/app/Views/backend/dashboard/layout/popup.php(40): view('backend/bill/bi...')
#4 /home/hapy/domains/behapyhanoi.com/public_html/vendor/codeigniter4/framework/system/View/View.php(246): include('/home/hapy/doma...')
#5 /home/hapy/domains/behapyhanoi.com/public_html/vendor/codeigniter4/framework/system/Common.php(1119): CodeIgniter\View\View->render('backend/dashboa...', Array, true)
#6 /home/hapy/domains/behapyhanoi.com/public_html/app/Controllers/Backend/Bill/Bill.php(111): view('backend/dashboa...', Array)
#7 /home/hapy/domains/behapyhanoi.com/public_html/vendor/codeigniter4/framework/system/CodeIgniter.php(918): App\Controllers\Backend\Bill\Bill->detail('25')
#8 /home/hapy/domains/behapyhanoi.com/public_html/vendor/codeigniter4/framework/system/CodeIgniter.php(404): CodeIgniter\CodeIgniter->runController(Object(App\Controllers\Backend\Bill\Bill))
#9 /home/hapy/domains/behapyhanoi.com/public_html/vendor/codeigniter4/framework/system/CodeIgniter.php(312): CodeIgniter\CodeIgniter->handleRequest(NULL, Object(Config\Cache), false)
#10 /home/hapy/domains/behapyhanoi.com/public_html/index.php(48): CodeIgniter\CodeIgniter->run()
#11 {main}
CRITICAL - 2023-01-03 00:37:49 --> Argument 1 passed to check_isset() must be of the type string, null given, called in /home/hapy/domains/behapyhanoi.com/public_html/app/Views/backend/bill/bill/detail.php on line 57
#0 /home/hapy/domains/behapyhanoi.com/public_html/app/Views/backend/bill/bill/detail.php(57): check_isset(NULL)
#1 /home/hapy/domains/behapyhanoi.com/public_html/vendor/codeigniter4/framework/system/View/View.php(246): include('/home/hapy/doma...')
#2 /home/hapy/domains/behapyhanoi.com/public_html/vendor/codeigniter4/framework/system/Common.php(1119): CodeIgniter\View\View->render('backend/bill/bi...', Array, true)
#3 /home/hapy/domains/behapyhanoi.com/public_html/app/Views/backend/dashboard/layout/popup.php(40): view('backend/bill/bi...')
#4 /home/hapy/domains/behapyhanoi.com/public_html/vendor/codeigniter4/framework/system/View/View.php(246): include('/home/hapy/doma...')
#5 /home/hapy/domains/behapyhanoi.com/public_html/vendor/codeigniter4/framework/system/Common.php(1119): CodeIgniter\View\View->render('backend/dashboa...', Array, true)
#6 /home/hapy/domains/behapyhanoi.com/public_html/app/Controllers/Backend/Bill/Bill.php(111): view('backend/dashboa...', Array)
#7 /home/hapy/domains/behapyhanoi.com/public_html/vendor/codeigniter4/framework/system/CodeIgniter.php(918): App\Controllers\Backend\Bill\Bill->detail('25')
#8 /home/hapy/domains/behapyhanoi.com/public_html/vendor/codeigniter4/framework/system/CodeIgniter.php(404): CodeIgniter\CodeIgniter->runController(Object(App\Controllers\Backend\Bill\Bill))
#9 /home/hapy/domains/behapyhanoi.com/public_html/vendor/codeigniter4/framework/system/CodeIgniter.php(312): CodeIgniter\CodeIgniter->handleRequest(NULL, Object(Config\Cache), false)
#10 /home/hapy/domains/behapyhanoi.com/public_html/index.php(48): CodeIgniter\CodeIgniter->run()
#11 {main}
CRITICAL - 2023-01-03 00:37:50 --> Argument 1 passed to check_isset() must be of the type string, null given, called in /home/hapy/domains/behapyhanoi.com/public_html/app/Views/backend/bill/bill/detail.php on line 57
#0 /home/hapy/domains/behapyhanoi.com/public_html/app/Views/backend/bill/bill/detail.php(57): check_isset(NULL)
#1 /home/hapy/domains/behapyhanoi.com/public_html/vendor/codeigniter4/framework/system/View/View.php(246): include('/home/hapy/doma...')
#2 /home/hapy/domains/behapyhanoi.com/public_html/vendor/codeigniter4/framework/system/Common.php(1119): CodeIgniter\View\View->render('backend/bill/bi...', Array, true)
#3 /home/hapy/domains/behapyhanoi.com/public_html/app/Views/backend/dashboard/layout/popup.php(40): view('backend/bill/bi...')
#4 /home/hapy/domains/behapyhanoi.com/public_html/vendor/codeigniter4/framework/system/View/View.php(246): include('/home/hapy/doma...')
#5 /home/hapy/domains/behapyhanoi.com/public_html/vendor/codeigniter4/framework/system/Common.php(1119): CodeIgniter\View\View->render('backend/dashboa...', Array, true)
#6 /home/hapy/domains/behapyhanoi.com/public_html/app/Controllers/Backend/Bill/Bill.php(111): view('backend/dashboa...', Array)
#7 /home/hapy/domains/behapyhanoi.com/public_html/vendor/codeigniter4/framework/system/CodeIgniter.php(918): App\Controllers\Backend\Bill\Bill->detail('25')
#8 /home/hapy/domains/behapyhanoi.com/public_html/vendor/codeigniter4/framework/system/CodeIgniter.php(404): CodeIgniter\CodeIgniter->runController(Object(App\Controllers\Backend\Bill\Bill))
#9 /home/hapy/domains/behapyhanoi.com/public_html/vendor/codeigniter4/framework/system/CodeIgniter.php(312): CodeIgniter\CodeIgniter->handleRequest(NULL, Object(Config\Cache), false)
#10 /home/hapy/domains/behapyhanoi.com/public_html/index.php(48): CodeIgniter\CodeIgniter->run()
#11 {main}
CRITICAL - 2023-01-03 00:37:51 --> Argument 1 passed to check_isset() must be of the type string, null given, called in /home/hapy/domains/behapyhanoi.com/public_html/app/Views/backend/bill/bill/detail.php on line 57
#0 /home/hapy/domains/behapyhanoi.com/public_html/app/Views/backend/bill/bill/detail.php(57): check_isset(NULL)
#1 /home/hapy/domains/behapyhanoi.com/public_html/vendor/codeigniter4/framework/system/View/View.php(246): include('/home/hapy/doma...')
#2 /home/hapy/domains/behapyhanoi.com/public_html/vendor/codeigniter4/framework/system/Common.php(1119): CodeIgniter\View\View->render('backend/bill/bi...', Array, true)
#3 /home/hapy/domains/behapyhanoi.com/public_html/app/Views/backend/dashboard/layout/popup.php(40): view('backend/bill/bi...')
#4 /home/hapy/domains/behapyhanoi.com/public_html/vendor/codeigniter4/framework/system/View/View.php(246): include('/home/hapy/doma...')
#5 /home/hapy/domains/behapyhanoi.com/public_html/vendor/codeigniter4/framework/system/Common.php(1119): CodeIgniter\View\View->render('backend/dashboa...', Array, true)
#6 /home/hapy/domains/behapyhanoi.com/public_html/app/Controllers/Backend/Bill/Bill.php(111): view('backend/dashboa...', Array)
#7 /home/hapy/domains/behapyhanoi.com/public_html/vendor/codeigniter4/framework/system/CodeIgniter.php(918): App\Controllers\Backend\Bill\Bill->detail('25')
#8 /home/hapy/domains/behapyhanoi.com/public_html/vendor/codeigniter4/framework/system/CodeIgniter.php(404): CodeIgniter\CodeIgniter->runController(Object(App\Controllers\Backend\Bill\Bill))
#9 /home/hapy/domains/behapyhanoi.com/public_html/vendor/codeigniter4/framework/system/CodeIgniter.php(312): CodeIgniter\CodeIgniter->handleRequest(NULL, Object(Config\Cache), false)
#10 /home/hapy/domains/behapyhanoi.com/public_html/index.php(48): CodeIgniter\CodeIgniter->run()
#11 {main}
CRITICAL - 2023-01-03 00:37:52 --> Argument 1 passed to check_isset() must be of the type string, null given, called in /home/hapy/domains/behapyhanoi.com/public_html/app/Views/backend/bill/bill/detail.php on line 57
#0 /home/hapy/domains/behapyhanoi.com/public_html/app/Views/backend/bill/bill/detail.php(57): check_isset(NULL)
#1 /home/hapy/domains/behapyhanoi.com/public_html/vendor/codeigniter4/framework/system/View/View.php(246): include('/home/hapy/doma...')
#2 /home/hapy/domains/behapyhanoi.com/public_html/vendor/codeigniter4/framework/system/Common.php(1119): CodeIgniter\View\View->render('backend/bill/bi...', Array, true)
#3 /home/hapy/domains/behapyhanoi.com/public_html/app/Views/backend/dashboard/layout/popup.php(40): view('backend/bill/bi...')
#4 /home/hapy/domains/behapyhanoi.com/public_html/vendor/codeigniter4/framework/system/View/View.php(246): include('/home/hapy/doma...')
#5 /home/hapy/domains/behapyhanoi.com/public_html/vendor/codeigniter4/framework/system/Common.php(1119): CodeIgniter\View\View->render('backend/dashboa...', Array, true)
#6 /home/hapy/domains/behapyhanoi.com/public_html/app/Controllers/Backend/Bill/Bill.php(111): view('backend/dashboa...', Array)
#7 /home/hapy/domains/behapyhanoi.com/public_html/vendor/codeigniter4/framework/system/CodeIgniter.php(918): App\Controllers\Backend\Bill\Bill->detail('25')
#8 /home/hapy/domains/behapyhanoi.com/public_html/vendor/codeigniter4/framework/system/CodeIgniter.php(404): CodeIgniter\CodeIgniter->runController(Object(App\Controllers\Backend\Bill\Bill))
#9 /home/hapy/domains/behapyhanoi.com/public_html/vendor/codeigniter4/framework/system/CodeIgniter.php(312): CodeIgniter\CodeIgniter->handleRequest(NULL, Object(Config\Cache), false)
#10 /home/hapy/domains/behapyhanoi.com/public_html/index.php(48): CodeIgniter\CodeIgniter->run()
#11 {main}
CRITICAL - 2023-01-03 00:37:52 --> Argument 1 passed to check_isset() must be of the type string, null given, called in /home/hapy/domains/behapyhanoi.com/public_html/app/Views/backend/bill/bill/detail.php on line 57
#0 /home/hapy/domains/behapyhanoi.com/public_html/app/Views/backend/bill/bill/detail.php(57): check_isset(NULL)
#1 /home/hapy/domains/behapyhanoi.com/public_html/vendor/codeigniter4/framework/system/View/View.php(246): include('/home/hapy/doma...')
#2 /home/hapy/domains/behapyhanoi.com/public_html/vendor/codeigniter4/framework/system/Common.php(1119): CodeIgniter\View\View->render('backend/bill/bi...', Array, true)
#3 /home/hapy/domains/behapyhanoi.com/public_html/app/Views/backend/dashboard/layout/popup.php(40): view('backend/bill/bi...')
#4 /home/hapy/domains/behapyhanoi.com/public_html/vendor/codeigniter4/framework/system/View/View.php(246): include('/home/hapy/doma...')
#5 /home/hapy/domains/behapyhanoi.com/public_html/vendor/codeigniter4/framework/system/Common.php(1119): CodeIgniter\View\View->render('backend/dashboa...', Array, true)
#6 /home/hapy/domains/behapyhanoi.com/public_html/app/Controllers/Backend/Bill/Bill.php(111): view('backend/dashboa...', Array)
#7 /home/hapy/domains/behapyhanoi.com/public_html/vendor/codeigniter4/framework/system/CodeIgniter.php(918): App\Controllers\Backend\Bill\Bill->detail('25')
#8 /home/hapy/domains/behapyhanoi.com/public_html/vendor/codeigniter4/framework/system/CodeIgniter.php(404): CodeIgniter\CodeIgniter->runController(Object(App\Controllers\Backend\Bill\Bill))
#9 /home/hapy/domains/behapyhanoi.com/public_html/vendor/codeigniter4/framework/system/CodeIgniter.php(312): CodeIgniter\CodeIgniter->handleRequest(NULL, Object(Config\Cache), false)
#10 /home/hapy/domains/behapyhanoi.com/public_html/index.php(48): CodeIgniter\CodeIgniter->run()
#11 {main}
CRITICAL - 2023-01-03 00:39:36 --> Undefined variable: bill
#0 /home/hapy/domains/behapyhanoi.com/public_html/app/Controllers/Backend/Bill/Bill.php(97): CodeIgniter\Debug\Exceptions->errorHandler(8, 'Undefined varia...', '/home/hapy/doma...', 97, Array)
#1 /home/hapy/domains/behapyhanoi.com/public_html/vendor/codeigniter4/framework/system/CodeIgniter.php(918): App\Controllers\Backend\Bill\Bill->detail('25')
#2 /home/hapy/domains/behapyhanoi.com/public_html/vendor/codeigniter4/framework/system/CodeIgniter.php(404): CodeIgniter\CodeIgniter->runController(Object(App\Controllers\Backend\Bill\Bill))
#3 /home/hapy/domains/behapyhanoi.com/public_html/vendor/codeigniter4/framework/system/CodeIgniter.php(312): CodeIgniter\CodeIgniter->handleRequest(NULL, Object(Config\Cache), false)
#4 /home/hapy/domains/behapyhanoi.com/public_html/index.php(48): CodeIgniter\CodeIgniter->run()
#5 {main}
CRITICAL - 2023-01-03 00:39:37 --> Undefined variable: bill
#0 /home/hapy/domains/behapyhanoi.com/public_html/app/Controllers/Backend/Bill/Bill.php(97): CodeIgniter\Debug\Exceptions->errorHandler(8, 'Undefined varia...', '/home/hapy/doma...', 97, Array)
#1 /home/hapy/domains/behapyhanoi.com/public_html/vendor/codeigniter4/framework/system/CodeIgniter.php(918): App\Controllers\Backend\Bill\Bill->detail('25')
#2 /home/hapy/domains/behapyhanoi.com/public_html/vendor/codeigniter4/framework/system/CodeIgniter.php(404): CodeIgniter\CodeIgniter->runController(Object(App\Controllers\Backend\Bill\Bill))
#3 /home/hapy/domains/behapyhanoi.com/public_html/vendor/codeigniter4/framework/system/CodeIgniter.php(312): CodeIgniter\CodeIgniter->handleRequest(NULL, Object(Config\Cache), false)
#4 /home/hapy/domains/behapyhanoi.com/public_html/index.php(48): CodeIgniter\CodeIgniter->run()
#5 {main}
CRITICAL - 2023-01-03 18:35:22 --> Undefined variable: totalTime
#0 /home/hapy/domains/behapyhanoi.com/public_html/vendor/codeigniter4/framework/system/Debug/Toolbar/Views/toolbar.tpl.php(56): CodeIgniter\Debug\Exceptions->errorHandler(8, 'Undefined varia...', '/home/hapy/doma...', 56, Array)
#1 /home/hapy/domains/behapyhanoi.com/public_html/vendor/codeigniter4/framework/system/Debug/Toolbar.php(498): include('/home/hapy/doma...')
#2 /home/hapy/domains/behapyhanoi.com/public_html/vendor/codeigniter4/framework/system/Debug/Toolbar.php(455): CodeIgniter\Debug\Toolbar->format(Array, 'html')
#3 /home/hapy/domains/behapyhanoi.com/public_html/app/Config/Events.php(44): CodeIgniter\Debug\Toolbar->respond()
#4 [internal function]: CodeIgniter\Events\Events::Config\{closure}()
#5 /home/hapy/domains/behapyhanoi.com/public_html/vendor/codeigniter4/framework/system/Events/Events.php(188): call_user_func(Object(Closure))
#6 /home/hapy/domains/behapyhanoi.com/public_html/vendor/codeigniter4/framework/system/CodeIgniter.php(293): CodeIgniter\Events\Events::trigger('pre_system')
#7 /home/hapy/domains/behapyhanoi.com/public_html/index.php(48): CodeIgniter\CodeIgniter->run()
#8 {main}
