CRITICAL - 2022-10-22 23:34:15 --> unlink(/home/metramhuon/domains/metramhuong.vn/public_html/writable/debugbar/debugbar_1666499582.json): No such file or directory
#0 [internal function]: CodeIgniter\Debug\Exceptions->errorHandler(2, 'unlink(/home/me...', '/home/metramhuo...', 106, Array)
#1 /home/metramhuon/domains/metramhuong.vn/public_html/vendor/codeigniter4/framework/system/Debug/Toolbar/Collectors/History.php(106): unlink('/home/metramhuo...')
#2 /home/metramhuon/domains/metramhuong.vn/public_html/vendor/codeigniter4/framework/system/Debug/Toolbar.php(483): CodeIgniter\Debug\Toolbar\Collectors\History->setFiles(1666499654, 20)
#3 /home/metramhuon/domains/metramhuong.vn/public_html/vendor/codeigniter4/framework/system/Debug/Toolbar.php(455): CodeIgniter\Debug\Toolbar->format(Array, 'html')
#4 /home/metramhuon/domains/metramhuong.vn/public_html/app/Config/Events.php(44): CodeIgniter\Debug\Toolbar->respond()
#5 [internal function]: CodeIgniter\Events\Events::Config\{closure}()
#6 /home/metramhuon/domains/metramhuong.vn/public_html/vendor/codeigniter4/framework/system/Events/Events.php(188): call_user_func(Object(Closure))
#7 /home/metramhuon/domains/metramhuong.vn/public_html/vendor/codeigniter4/framework/system/CodeIgniter.php(293): CodeIgniter\Events\Events::trigger('pre_system')
#8 /home/metramhuon/domains/metramhuong.vn/public_html/index.php(48): CodeIgniter\CodeIgniter->run()
#9 {main}
CRITICAL - 2022-10-22 23:34:22 --> file_get_contents(/home/metramhuon/domains/metramhuong.vn/public_html/writable/debugbar/debugbar_1666499603.json): failed to open stream: No such file or directory
#0 [internal function]: CodeIgniter\Debug\Exceptions->errorHandler(2, 'file_get_conten...', '/home/metramhuo...', 111, Array)
#1 /home/metramhuon/domains/metramhuong.vn/public_html/vendor/codeigniter4/framework/system/Debug/Toolbar/Collectors/History.php(111): file_get_contents('/home/metramhuo...')
#2 /home/metramhuon/domains/metramhuong.vn/public_html/vendor/codeigniter4/framework/system/Debug/Toolbar.php(483): CodeIgniter\Debug\Toolbar\Collectors\History->setFiles(1666499660, 20)
#3 /home/metramhuon/domains/metramhuong.vn/public_html/vendor/codeigniter4/framework/system/Debug/Toolbar.php(455): CodeIgniter\Debug\Toolbar->format(Array, 'html')
#4 /home/metramhuon/domains/metramhuong.vn/public_html/app/Config/Events.php(44): CodeIgniter\Debug\Toolbar->respond()
#5 [internal function]: CodeIgniter\Events\Events::Config\{closure}()
#6 /home/metramhuon/domains/metramhuong.vn/public_html/vendor/codeigniter4/framework/system/Events/Events.php(188): call_user_func(Object(Closure))
#7 /home/metramhuon/domains/metramhuong.vn/public_html/vendor/codeigniter4/framework/system/CodeIgniter.php(293): CodeIgniter\Events\Events::trigger('pre_system')
#8 /home/metramhuon/domains/metramhuong.vn/public_html/index.php(48): CodeIgniter\CodeIgniter->run()
#9 {main}
CRITICAL - 2022-10-22 23:36:16 --> file_get_contents(/home/metramhuon/domains/metramhuong.vn/public_html/writable/debugbar/debugbar_1666499729.json): failed to open stream: No such file or directory
#0 [internal function]: CodeIgniter\Debug\Exceptions->errorHandler(2, 'file_get_conten...', '/home/metramhuo...', 111, Array)
#1 /home/metramhuon/domains/metramhuong.vn/public_html/vendor/codeigniter4/framework/system/Debug/Toolbar/Collectors/History.php(111): file_get_contents('/home/metramhuo...')
#2 /home/metramhuon/domains/metramhuong.vn/public_html/vendor/codeigniter4/framework/system/Debug/Toolbar.php(483): CodeIgniter\Debug\Toolbar\Collectors\History->setFiles(1666499774, 20)
#3 /home/metramhuon/domains/metramhuong.vn/public_html/vendor/codeigniter4/framework/system/Debug/Toolbar.php(455): CodeIgniter\Debug\Toolbar->format(Array, 'html')
#4 /home/metramhuon/domains/metramhuong.vn/public_html/app/Config/Events.php(44): CodeIgniter\Debug\Toolbar->respond()
#5 [internal function]: CodeIgniter\Events\Events::Config\{closure}()
#6 /home/metramhuon/domains/metramhuong.vn/public_html/vendor/codeigniter4/framework/system/Events/Events.php(188): call_user_func(Object(Closure))
#7 /home/metramhuon/domains/metramhuong.vn/public_html/vendor/codeigniter4/framework/system/CodeIgniter.php(293): CodeIgniter\Events\Events::trigger('pre_system')
#8 /home/metramhuon/domains/metramhuong.vn/public_html/index.php(48): CodeIgniter\CodeIgniter->run()
#9 {main}
CRITICAL - 2022-10-22 23:36:28 --> unlink(/home/metramhuon/domains/metramhuong.vn/public_html/writable/debugbar/debugbar_1666499749.json): No such file or directory
#0 [internal function]: CodeIgniter\Debug\Exceptions->errorHandler(2, 'unlink(/home/me...', '/home/metramhuo...', 106, Array)
#1 /home/metramhuon/domains/metramhuong.vn/public_html/vendor/codeigniter4/framework/system/Debug/Toolbar/Collectors/History.php(106): unlink('/home/metramhuo...')
#2 /home/metramhuon/domains/metramhuong.vn/public_html/vendor/codeigniter4/framework/system/Debug/Toolbar.php(483): CodeIgniter\Debug\Toolbar\Collectors\History->setFiles(1666499780, 20)
#3 /home/metramhuon/domains/metramhuong.vn/public_html/vendor/codeigniter4/framework/system/Debug/Toolbar.php(455): CodeIgniter\Debug\Toolbar->format(Array, 'html')
#4 /home/metramhuon/domains/metramhuong.vn/public_html/app/Config/Events.php(44): CodeIgniter\Debug\Toolbar->respond()
#5 [internal function]: CodeIgniter\Events\Events::Config\{closure}()
#6 /home/metramhuon/domains/metramhuong.vn/public_html/vendor/codeigniter4/framework/system/Events/Events.php(188): call_user_func(Object(Closure))
#7 /home/metramhuon/domains/metramhuong.vn/public_html/vendor/codeigniter4/framework/system/CodeIgniter.php(293): CodeIgniter\Events\Events::trigger('pre_system')
#8 /home/metramhuon/domains/metramhuong.vn/public_html/index.php(48): CodeIgniter\CodeIgniter->run()
#9 {main}
CRITICAL - 2022-10-22 23:39:49 --> unlink(/home/metramhuon/domains/metramhuong.vn/public_html/writable/debugbar/debugbar_1666499961.json): No such file or directory
#0 [internal function]: CodeIgniter\Debug\Exceptions->errorHandler(2, 'unlink(/home/me...', '/home/metramhuo...', 106, Array)
#1 /home/metramhuon/domains/metramhuong.vn/public_html/vendor/codeigniter4/framework/system/Debug/Toolbar/Collectors/History.php(106): unlink('/home/metramhuo...')
#2 /home/metramhuon/domains/metramhuong.vn/public_html/vendor/codeigniter4/framework/system/Debug/Toolbar.php(483): CodeIgniter\Debug\Toolbar\Collectors\History->setFiles(1666499974, 20)
#3 /home/metramhuon/domains/metramhuong.vn/public_html/vendor/codeigniter4/framework/system/Debug/Toolbar.php(455): CodeIgniter\Debug\Toolbar->format(Array, 'html')
#4 /home/metramhuon/domains/metramhuong.vn/public_html/app/Config/Events.php(44): CodeIgniter\Debug\Toolbar->respond()
#5 [internal function]: CodeIgniter\Events\Events::Config\{closure}()
#6 /home/metramhuon/domains/metramhuong.vn/public_html/vendor/codeigniter4/framework/system/Events/Events.php(188): call_user_func(Object(Closure))
#7 /home/metramhuon/domains/metramhuong.vn/public_html/vendor/codeigniter4/framework/system/CodeIgniter.php(293): CodeIgniter\Events\Events::trigger('pre_system')
#8 /home/metramhuon/domains/metramhuong.vn/public_html/index.php(48): CodeIgniter\CodeIgniter->run()
#9 {main}
CRITICAL - 2022-10-22 23:39:57 --> unlink(/home/metramhuon/domains/metramhuong.vn/public_html/writable/debugbar/debugbar_1666499968.json): No such file or directory
#0 [internal function]: CodeIgniter\Debug\Exceptions->errorHandler(2, 'unlink(/home/me...', '/home/metramhuo...', 106, Array)
#1 /home/metramhuon/domains/metramhuong.vn/public_html/vendor/codeigniter4/framework/system/Debug/Toolbar/Collectors/History.php(106): unlink('/home/metramhuo...')
#2 /home/metramhuon/domains/metramhuong.vn/public_html/vendor/codeigniter4/framework/system/Debug/Toolbar.php(483): CodeIgniter\Debug\Toolbar\Collectors\History->setFiles(1666499980, 20)
#3 /home/metramhuon/domains/metramhuong.vn/public_html/vendor/codeigniter4/framework/system/Debug/Toolbar.php(455): CodeIgniter\Debug\Toolbar->format(Array, 'html')
#4 /home/metramhuon/domains/metramhuong.vn/public_html/app/Config/Events.php(44): CodeIgniter\Debug\Toolbar->respond()
#5 [internal function]: CodeIgniter\Events\Events::Config\{closure}()
#6 /home/metramhuon/domains/metramhuong.vn/public_html/vendor/codeigniter4/framework/system/Events/Events.php(188): call_user_func(Object(Closure))
#7 /home/metramhuon/domains/metramhuong.vn/public_html/vendor/codeigniter4/framework/system/CodeIgniter.php(293): CodeIgniter\Events\Events::trigger('pre_system')
#8 /home/metramhuon/domains/metramhuong.vn/public_html/index.php(48): CodeIgniter\CodeIgniter->run()
#9 {main}
CRITICAL - 2022-10-22 23:39:57 --> unlink(/home/metramhuon/domains/metramhuong.vn/public_html/writable/debugbar/debugbar_1666499968.json): No such file or directory
#0 [internal function]: CodeIgniter\Debug\Exceptions->errorHandler(2, 'unlink(/home/me...', '/home/metramhuo...', 106, Array)
#1 /home/metramhuon/domains/metramhuong.vn/public_html/vendor/codeigniter4/framework/system/Debug/Toolbar/Collectors/History.php(106): unlink('/home/metramhuo...')
#2 /home/metramhuon/domains/metramhuong.vn/public_html/vendor/codeigniter4/framework/system/Debug/Toolbar.php(483): CodeIgniter\Debug\Toolbar\Collectors\History->setFiles(1666499981, 20)
#3 /home/metramhuon/domains/metramhuong.vn/public_html/vendor/codeigniter4/framework/system/Debug/Toolbar.php(455): CodeIgniter\Debug\Toolbar->format(Array, 'html')
#4 /home/metramhuon/domains/metramhuong.vn/public_html/app/Config/Events.php(44): CodeIgniter\Debug\Toolbar->respond()
#5 [internal function]: CodeIgniter\Events\Events::Config\{closure}()
#6 /home/metramhuon/domains/metramhuong.vn/public_html/vendor/codeigniter4/framework/system/Events/Events.php(188): call_user_func(Object(Closure))
#7 /home/metramhuon/domains/metramhuong.vn/public_html/vendor/codeigniter4/framework/system/CodeIgniter.php(293): CodeIgniter\Events\Events::trigger('pre_system')
#8 /home/metramhuon/domains/metramhuong.vn/public_html/index.php(48): CodeIgniter\CodeIgniter->run()
#9 {main}
CRITICAL - 2022-10-22 23:41:28 --> unlink(/home/metramhuon/domains/metramhuong.vn/public_html/writable/debugbar/debugbar_1666500031.json): No such file or directory
#0 [internal function]: CodeIgniter\Debug\Exceptions->errorHandler(2, 'unlink(/home/me...', '/home/metramhuo...', 106, Array)
#1 /home/metramhuon/domains/metramhuong.vn/public_html/vendor/codeigniter4/framework/system/Debug/Toolbar/Collectors/History.php(106): unlink('/home/metramhuo...')
#2 /home/metramhuon/domains/metramhuong.vn/public_html/vendor/codeigniter4/framework/system/Debug/Toolbar.php(483): CodeIgniter\Debug\Toolbar\Collectors\History->setFiles(1666500086, 20)
#3 /home/metramhuon/domains/metramhuong.vn/public_html/vendor/codeigniter4/framework/system/Debug/Toolbar.php(455): CodeIgniter\Debug\Toolbar->format(Array, 'html')
#4 /home/metramhuon/domains/metramhuong.vn/public_html/app/Config/Events.php(44): CodeIgniter\Debug\Toolbar->respond()
#5 [internal function]: CodeIgniter\Events\Events::Config\{closure}()
#6 /home/metramhuon/domains/metramhuong.vn/public_html/vendor/codeigniter4/framework/system/Events/Events.php(188): call_user_func(Object(Closure))
#7 /home/metramhuon/domains/metramhuong.vn/public_html/vendor/codeigniter4/framework/system/CodeIgniter.php(293): CodeIgniter\Events\Events::trigger('pre_system')
#8 /home/metramhuon/domains/metramhuong.vn/public_html/index.php(48): CodeIgniter\CodeIgniter->run()
#9 {main}
CRITICAL - 2022-10-22 23:42:54 --> unlink(/home/metramhuon/domains/metramhuong.vn/public_html/writable/debugbar/debugbar_1666500124.json): No such file or directory
#0 [internal function]: CodeIgniter\Debug\Exceptions->errorHandler(2, 'unlink(/home/me...', '/home/metramhuo...', 106, Array)
#1 /home/metramhuon/domains/metramhuong.vn/public_html/vendor/codeigniter4/framework/system/Debug/Toolbar/Collectors/History.php(106): unlink('/home/metramhuo...')
#2 /home/metramhuon/domains/metramhuong.vn/public_html/vendor/codeigniter4/framework/system/Debug/Toolbar.php(483): CodeIgniter\Debug\Toolbar\Collectors\History->setFiles(1666500166, 20)
#3 /home/metramhuon/domains/metramhuong.vn/public_html/vendor/codeigniter4/framework/system/Debug/Toolbar.php(455): CodeIgniter\Debug\Toolbar->format(Array, 'html')
#4 /home/metramhuon/domains/metramhuong.vn/public_html/app/Config/Events.php(44): CodeIgniter\Debug\Toolbar->respond()
#5 [internal function]: CodeIgniter\Events\Events::Config\{closure}()
#6 /home/metramhuon/domains/metramhuong.vn/public_html/vendor/codeigniter4/framework/system/Events/Events.php(188): call_user_func(Object(Closure))
#7 /home/metramhuon/domains/metramhuong.vn/public_html/vendor/codeigniter4/framework/system/CodeIgniter.php(293): CodeIgniter\Events\Events::trigger('pre_system')
#8 /home/metramhuon/domains/metramhuong.vn/public_html/index.php(48): CodeIgniter\CodeIgniter->run()
#9 {main}
CRITICAL - 2022-10-22 23:43:50 --> unlink(/home/metramhuon/domains/metramhuong.vn/public_html/writable/debugbar/debugbar_1666500176.json): No such file or directory
#0 [internal function]: CodeIgniter\Debug\Exceptions->errorHandler(2, 'unlink(/home/me...', '/home/metramhuo...', 106, Array)
#1 /home/metramhuon/domains/metramhuong.vn/public_html/vendor/codeigniter4/framework/system/Debug/Toolbar/Collectors/History.php(106): unlink('/home/metramhuo...')
#2 /home/metramhuon/domains/metramhuong.vn/public_html/vendor/codeigniter4/framework/system/Debug/Toolbar.php(483): CodeIgniter\Debug\Toolbar\Collectors\History->setFiles(1666500228, 20)
#3 /home/metramhuon/domains/metramhuong.vn/public_html/vendor/codeigniter4/framework/system/Debug/Toolbar.php(455): CodeIgniter\Debug\Toolbar->format(Array, 'html')
#4 /home/metramhuon/domains/metramhuong.vn/public_html/app/Config/Events.php(44): CodeIgniter\Debug\Toolbar->respond()
#5 [internal function]: CodeIgniter\Events\Events::Config\{closure}()
#6 /home/metramhuon/domains/metramhuong.vn/public_html/vendor/codeigniter4/framework/system/Events/Events.php(188): call_user_func(Object(Closure))
#7 /home/metramhuon/domains/metramhuong.vn/public_html/vendor/codeigniter4/framework/system/CodeIgniter.php(293): CodeIgniter\Events\Events::trigger('pre_system')
#8 /home/metramhuon/domains/metramhuong.vn/public_html/index.php(48): CodeIgniter\CodeIgniter->run()
#9 {main}
CRITICAL - 2022-10-22 23:44:10 --> unlink(/home/metramhuon/domains/metramhuong.vn/public_html/writable/debugbar/debugbar_1666500212.json): No such file or directory
#0 [internal function]: CodeIgniter\Debug\Exceptions->errorHandler(2, 'unlink(/home/me...', '/home/metramhuo...', 106, Array)
#1 /home/metramhuon/domains/metramhuong.vn/public_html/vendor/codeigniter4/framework/system/Debug/Toolbar/Collectors/History.php(106): unlink('/home/metramhuo...')
#2 /home/metramhuon/domains/metramhuong.vn/public_html/vendor/codeigniter4/framework/system/Debug/Toolbar.php(483): CodeIgniter\Debug\Toolbar\Collectors\History->setFiles(1666500247, 20)
#3 /home/metramhuon/domains/metramhuong.vn/public_html/vendor/codeigniter4/framework/system/Debug/Toolbar.php(455): CodeIgniter\Debug\Toolbar->format(Array, 'html')
#4 /home/metramhuon/domains/metramhuong.vn/public_html/app/Config/Events.php(44): CodeIgniter\Debug\Toolbar->respond()
#5 [internal function]: CodeIgniter\Events\Events::Config\{closure}()
#6 /home/metramhuon/domains/metramhuong.vn/public_html/vendor/codeigniter4/framework/system/Events/Events.php(188): call_user_func(Object(Closure))
#7 /home/metramhuon/domains/metramhuong.vn/public_html/vendor/codeigniter4/framework/system/CodeIgniter.php(293): CodeIgniter\Events\Events::trigger('pre_system')
#8 /home/metramhuon/domains/metramhuong.vn/public_html/index.php(48): CodeIgniter\CodeIgniter->run()
#9 {main}
CRITICAL - 2022-10-22 23:44:40 --> unlink(/home/metramhuon/domains/metramhuong.vn/public_html/writable/debugbar/debugbar_1666500229.json): No such file or directory
#0 [internal function]: CodeIgniter\Debug\Exceptions->errorHandler(2, 'unlink(/home/me...', '/home/metramhuo...', 106, Array)
#1 /home/metramhuon/domains/metramhuong.vn/public_html/vendor/codeigniter4/framework/system/Debug/Toolbar/Collectors/History.php(106): unlink('/home/metramhuo...')
#2 /home/metramhuon/domains/metramhuong.vn/public_html/vendor/codeigniter4/framework/system/Debug/Toolbar.php(483): CodeIgniter\Debug\Toolbar\Collectors\History->setFiles(1666500272, 20)
#3 /home/metramhuon/domains/metramhuong.vn/public_html/vendor/codeigniter4/framework/system/Debug/Toolbar.php(455): CodeIgniter\Debug\Toolbar->format(Array, 'html')
#4 /home/metramhuon/domains/metramhuong.vn/public_html/app/Config/Events.php(44): CodeIgniter\Debug\Toolbar->respond()
#5 [internal function]: CodeIgniter\Events\Events::Config\{closure}()
#6 /home/metramhuon/domains/metramhuong.vn/public_html/vendor/codeigniter4/framework/system/Events/Events.php(188): call_user_func(Object(Closure))
#7 /home/metramhuon/domains/metramhuong.vn/public_html/vendor/codeigniter4/framework/system/CodeIgniter.php(293): CodeIgniter\Events\Events::trigger('pre_system')
#8 /home/metramhuon/domains/metramhuong.vn/public_html/index.php(48): CodeIgniter\CodeIgniter->run()
#9 {main}
CRITICAL - 2022-10-22 23:49:45 --> Undefined variable: totalTime
#0 /home/metramhuon/domains/metramhuong.vn/public_html/vendor/codeigniter4/framework/system/Debug/Toolbar/Views/toolbar.tpl.php(56): CodeIgniter\Debug\Exceptions->errorHandler(8, 'Undefined varia...', '/home/metramhuo...', 56, Array)
#1 /home/metramhuon/domains/metramhuong.vn/public_html/vendor/codeigniter4/framework/system/Debug/Toolbar.php(498): include('/home/metramhuo...')
#2 /home/metramhuon/domains/metramhuong.vn/public_html/vendor/codeigniter4/framework/system/Debug/Toolbar.php(455): CodeIgniter\Debug\Toolbar->format(Array, 'html')
#3 /home/metramhuon/domains/metramhuong.vn/public_html/app/Config/Events.php(44): CodeIgniter\Debug\Toolbar->respond()
#4 [internal function]: CodeIgniter\Events\Events::Config\{closure}()
#5 /home/metramhuon/domains/metramhuong.vn/public_html/vendor/codeigniter4/framework/system/Events/Events.php(188): call_user_func(Object(Closure))
#6 /home/metramhuon/domains/metramhuong.vn/public_html/vendor/codeigniter4/framework/system/CodeIgniter.php(293): CodeIgniter\Events\Events::trigger('pre_system')
#7 /home/metramhuon/domains/metramhuong.vn/public_html/index.php(48): CodeIgniter\CodeIgniter->run()
#8 {main}
CRITICAL - 2022-10-22 23:50:16 --> unlink(/home/metramhuon/domains/metramhuong.vn/public_html/writable/debugbar/debugbar_1666500533.json): No such file or directory
#0 [internal function]: CodeIgniter\Debug\Exceptions->errorHandler(2, 'unlink(/home/me...', '/home/metramhuo...', 106, Array)
#1 /home/metramhuon/domains/metramhuong.vn/public_html/vendor/codeigniter4/framework/system/Debug/Toolbar/Collectors/History.php(106): unlink('/home/metramhuo...')
#2 /home/metramhuon/domains/metramhuong.vn/public_html/vendor/codeigniter4/framework/system/Debug/Toolbar.php(483): CodeIgniter\Debug\Toolbar\Collectors\History->setFiles(1666500601, 20)
#3 /home/metramhuon/domains/metramhuong.vn/public_html/vendor/codeigniter4/framework/system/Debug/Toolbar.php(455): CodeIgniter\Debug\Toolbar->format(Array, 'html')
#4 /home/metramhuon/domains/metramhuong.vn/public_html/app/Config/Events.php(44): CodeIgniter\Debug\Toolbar->respond()
#5 [internal function]: CodeIgniter\Events\Events::Config\{closure}()
#6 /home/metramhuon/domains/metramhuong.vn/public_html/vendor/codeigniter4/framework/system/Events/Events.php(188): call_user_func(Object(Closure))
#7 /home/metramhuon/domains/metramhuong.vn/public_html/vendor/codeigniter4/framework/system/CodeIgniter.php(293): CodeIgniter\Events\Events::trigger('pre_system')
#8 /home/metramhuon/domains/metramhuong.vn/public_html/index.php(48): CodeIgniter\CodeIgniter->run()
#9 {main}
CRITICAL - 2022-10-22 23:51:19 --> unlink(/home/metramhuon/domains/metramhuong.vn/public_html/writable/debugbar/debugbar_1666500568.json): No such file or directory
#0 [internal function]: CodeIgniter\Debug\Exceptions->errorHandler(2, 'unlink(/home/me...', '/home/metramhuo...', 106, Array)
#1 /home/metramhuon/domains/metramhuong.vn/public_html/vendor/codeigniter4/framework/system/Debug/Toolbar/Collectors/History.php(106): unlink('/home/metramhuo...')
#2 /home/metramhuon/domains/metramhuong.vn/public_html/vendor/codeigniter4/framework/system/Debug/Toolbar.php(483): CodeIgniter\Debug\Toolbar\Collectors\History->setFiles(1666500669, 20)
#3 /home/metramhuon/domains/metramhuong.vn/public_html/vendor/codeigniter4/framework/system/Debug/Toolbar.php(455): CodeIgniter\Debug\Toolbar->format(Array, 'html')
#4 /home/metramhuon/domains/metramhuong.vn/public_html/app/Config/Events.php(44): CodeIgniter\Debug\Toolbar->respond()
#5 [internal function]: CodeIgniter\Events\Events::Config\{closure}()
#6 /home/metramhuon/domains/metramhuong.vn/public_html/vendor/codeigniter4/framework/system/Events/Events.php(188): call_user_func(Object(Closure))
#7 /home/metramhuon/domains/metramhuong.vn/public_html/vendor/codeigniter4/framework/system/CodeIgniter.php(293): CodeIgniter\Events\Events::trigger('pre_system')
#8 /home/metramhuon/domains/metramhuong.vn/public_html/index.php(48): CodeIgniter\CodeIgniter->run()
#9 {main}
CRITICAL - 2022-10-22 23:53:09 --> unlink(/home/metramhuon/domains/metramhuong.vn/public_html/writable/debugbar/debugbar_1666500675.json): No such file or directory
#0 [internal function]: CodeIgniter\Debug\Exceptions->errorHandler(2, 'unlink(/home/me...', '/home/metramhuo...', 106, Array)
#1 /home/metramhuon/domains/metramhuong.vn/public_html/vendor/codeigniter4/framework/system/Debug/Toolbar/Collectors/History.php(106): unlink('/home/metramhuo...')
#2 /home/metramhuon/domains/metramhuong.vn/public_html/vendor/codeigniter4/framework/system/Debug/Toolbar.php(483): CodeIgniter\Debug\Toolbar\Collectors\History->setFiles(1666500786, 20)
#3 /home/metramhuon/domains/metramhuong.vn/public_html/vendor/codeigniter4/framework/system/Debug/Toolbar.php(455): CodeIgniter\Debug\Toolbar->format(Array, 'html')
#4 /home/metramhuon/domains/metramhuong.vn/public_html/app/Config/Events.php(44): CodeIgniter\Debug\Toolbar->respond()
#5 [internal function]: CodeIgniter\Events\Events::Config\{closure}()
#6 /home/metramhuon/domains/metramhuong.vn/public_html/vendor/codeigniter4/framework/system/Events/Events.php(188): call_user_func(Object(Closure))
#7 /home/metramhuon/domains/metramhuong.vn/public_html/vendor/codeigniter4/framework/system/CodeIgniter.php(293): CodeIgniter\Events\Events::trigger('pre_system')
#8 /home/metramhuon/domains/metramhuong.vn/public_html/index.php(48): CodeIgniter\CodeIgniter->run()
#9 {main}
CRITICAL - 2022-10-22 23:56:12 --> unlink(/home/metramhuon/domains/metramhuong.vn/public_html/writable/debugbar/debugbar_1666500862.json): No such file or directory
#0 [internal function]: CodeIgniter\Debug\Exceptions->errorHandler(2, 'unlink(/home/me...', '/home/metramhuo...', 106, Array)
#1 /home/metramhuon/domains/metramhuong.vn/public_html/vendor/codeigniter4/framework/system/Debug/Toolbar/Collectors/History.php(106): unlink('/home/metramhuo...')
#2 /home/metramhuon/domains/metramhuong.vn/public_html/vendor/codeigniter4/framework/system/Debug/Toolbar.php(483): CodeIgniter\Debug\Toolbar\Collectors\History->setFiles(1666500966, 20)
#3 /home/metramhuon/domains/metramhuong.vn/public_html/vendor/codeigniter4/framework/system/Debug/Toolbar.php(455): CodeIgniter\Debug\Toolbar->format(Array, 'html')
#4 /home/metramhuon/domains/metramhuong.vn/public_html/app/Config/Events.php(44): CodeIgniter\Debug\Toolbar->respond()
#5 [internal function]: CodeIgniter\Events\Events::Config\{closure}()
#6 /home/metramhuon/domains/metramhuong.vn/public_html/vendor/codeigniter4/framework/system/Events/Events.php(188): call_user_func(Object(Closure))
#7 /home/metramhuon/domains/metramhuong.vn/public_html/vendor/codeigniter4/framework/system/CodeIgniter.php(293): CodeIgniter\Events\Events::trigger('pre_system')
#8 /home/metramhuon/domains/metramhuong.vn/public_html/index.php(48): CodeIgniter\CodeIgniter->run()
#9 {main}
