CRITICAL - 2022-12-15 00:10:40 --> Undefined index: social_instagram
#0 /home/hapy/domains/hapy.codechuanseo.com.vn/public_html/app/Views/frontend/homepage/common/header.php(10): CodeIgniter\Debug\Exceptions->errorHandler(8, 'Undefined index...', '/home/hapy/doma...', 10, Array)
#1 /home/hapy/domains/hapy.codechuanseo.com.vn/public_html/vendor/codeigniter4/framework/system/View/View.php(246): include('/home/hapy/doma...')
#2 /home/hapy/domains/hapy.codechuanseo.com.vn/public_html/vendor/codeigniter4/framework/system/Common.php(1119): CodeIgniter\View\View->render('frontend/homepa...', Array, true)
#3 /home/hapy/domains/hapy.codechuanseo.com.vn/public_html/app/Views/frontend/homepage/layout/home.php(69): view('frontend/homepa...')
#4 /home/hapy/domains/hapy.codechuanseo.com.vn/public_html/vendor/codeigniter4/framework/system/View/View.php(246): include('/home/hapy/doma...')
#5 /home/hapy/domains/hapy.codechuanseo.com.vn/public_html/vendor/codeigniter4/framework/system/Common.php(1119): CodeIgniter\View\View->render('frontend/homepa...', Array, true)
#6 /home/hapy/domains/hapy.codechuanseo.com.vn/public_html/app/Controllers/Frontend/Homepage/Home.php(151): view('frontend/homepa...', Array)
#7 /home/hapy/domains/hapy.codechuanseo.com.vn/public_html/vendor/codeigniter4/framework/system/CodeIgniter.php(918): App\Controllers\Frontend\Homepage\Home->index()
#8 /home/hapy/domains/hapy.codechuanseo.com.vn/public_html/vendor/codeigniter4/framework/system/CodeIgniter.php(404): CodeIgniter\CodeIgniter->runController(Object(App\Controllers\Frontend\Homepage\Home))
#9 /home/hapy/domains/hapy.codechuanseo.com.vn/public_html/vendor/codeigniter4/framework/system/CodeIgniter.php(312): CodeIgniter\CodeIgniter->handleRequest(NULL, Object(Config\Cache), false)
#10 /home/hapy/domains/hapy.codechuanseo.com.vn/public_html/index.php(48): CodeIgniter\CodeIgniter->run()
#11 {main}
CRITICAL - 2022-12-15 20:26:59 --> unlink(/home/hapy/domains/hapy.codechuanseo.com.vn/public_html/writable/debugbar/debugbar_1671157228.json): No such file or directory
#0 [internal function]: CodeIgniter\Debug\Exceptions->errorHandler(2, 'unlink(/home/ha...', '/home/hapy/doma...', 106, Array)
#1 /home/hapy/domains/hapy.codechuanseo.com.vn/public_html/vendor/codeigniter4/framework/system/Debug/Toolbar/Collectors/History.php(106): unlink('/home/hapy/doma...')
#2 /home/hapy/domains/hapy.codechuanseo.com.vn/public_html/vendor/codeigniter4/framework/system/Debug/Toolbar.php(483): CodeIgniter\Debug\Toolbar\Collectors\History->setFiles(1671157618, 20)
#3 /home/hapy/domains/hapy.codechuanseo.com.vn/public_html/vendor/codeigniter4/framework/system/Debug/Toolbar.php(455): CodeIgniter\Debug\Toolbar->format(Array, 'html')
#4 /home/hapy/domains/hapy.codechuanseo.com.vn/public_html/app/Config/Events.php(44): CodeIgniter\Debug\Toolbar->respond()
#5 [internal function]: CodeIgniter\Events\Events::Config\{closure}()
#6 /home/hapy/domains/hapy.codechuanseo.com.vn/public_html/vendor/codeigniter4/framework/system/Events/Events.php(188): call_user_func(Object(Closure))
#7 /home/hapy/domains/hapy.codechuanseo.com.vn/public_html/vendor/codeigniter4/framework/system/CodeIgniter.php(293): CodeIgniter\Events\Events::trigger('pre_system')
#8 /home/hapy/domains/hapy.codechuanseo.com.vn/public_html/index.php(48): CodeIgniter\CodeIgniter->run()
#9 {main}
