CRITICAL - 2024-10-17 22:00:53 --> Optional parameter $verbs declared before required parameter $to is implicitly treated as a required parameter
#0 C:\Openserver\OSPanelNew\domains\anseboo\vendor\codeigniter4\framework\system\Autoloader\Autoloader.php(365): CodeIgniter\Debug\Exceptions->errorHandler()
#1 C:\Openserver\OSPanelNew\domains\anseboo\vendor\codeigniter4\framework\system\Autoloader\Autoloader.php(365): require_once()
#2 C:\Openserver\OSPanelNew\domains\anseboo\vendor\codeigniter4\framework\system\Autoloader\Autoloader.php(296): CodeIgniter\Autoloader\Autoloader->requireFile()
#3 C:\Openserver\OSPanelNew\domains\anseboo\vendor\codeigniter4\framework\system\Autoloader\Autoloader.php(258): CodeIgniter\Autoloader\Autoloader->loadInNamespace()
#4 C:\Openserver\OSPanelNew\domains\anseboo\vendor\codeigniter4\framework\system\Config\Services.php(699): CodeIgniter\Autoloader\Autoloader->loadClass()
#5 C:\Openserver\OSPanelNew\domains\anseboo\vendor\codeigniter4\framework\system\Config\BaseService.php(123): CodeIgniter\Config\Services::routes()
#6 C:\Openserver\OSPanelNew\domains\anseboo\vendor\codeigniter4\framework\system\Config\Services.php(696): CodeIgniter\Config\BaseService::getSharedInstance()
#7 C:\Openserver\OSPanelNew\domains\anseboo\app\Config\Routes.php(4): CodeIgniter\Config\Services::routes()
#8 C:\Openserver\OSPanelNew\domains\anseboo\vendor\codeigniter4\framework\system\CodeIgniter.php(780): require('C:\\Openserver\\O...')
#9 C:\Openserver\OSPanelNew\domains\anseboo\vendor\codeigniter4\framework\system\CodeIgniter.php(364): CodeIgniter\CodeIgniter->tryToRouteIt()
#10 C:\Openserver\OSPanelNew\domains\anseboo\vendor\codeigniter4\framework\system\CodeIgniter.php(312): CodeIgniter\CodeIgniter->handleRequest()
#11 C:\Openserver\OSPanelNew\domains\anseboo\index.php(48): CodeIgniter\CodeIgniter->run()
#12 {main}
CRITICAL - 2024-10-17 22:00:53 --> Uncaught ErrorException: Cannot modify header information - headers already sent by (output started at C:\Openserver\OSPanelNew\domains\anseboo\app\Config\Events.php:27) in C:\Openserver\OSPanelNew\domains\anseboo\vendor\codeigniter4\framework\system\Debug\Exceptions.php:164
Stack trace:
#0 [internal function]: CodeIgniter\Debug\Exceptions->errorHandler()
#1 C:\Openserver\OSPanelNew\domains\anseboo\vendor\codeigniter4\framework\system\Debug\Exceptions.php(164): header()
#2 [internal function]: CodeIgniter\Debug\Exceptions->exceptionHandler()
#3 {main}
  thrown
#0 [internal function]: CodeIgniter\Debug\Exceptions->shutdownHandler()
#1 {main}
CRITICAL - 2024-10-17 22:00:54 --> Optional parameter $verbs declared before required parameter $to is implicitly treated as a required parameter
#0 C:\Openserver\OSPanelNew\domains\anseboo\vendor\codeigniter4\framework\system\Autoloader\Autoloader.php(365): CodeIgniter\Debug\Exceptions->errorHandler()
#1 C:\Openserver\OSPanelNew\domains\anseboo\vendor\codeigniter4\framework\system\Autoloader\Autoloader.php(365): require_once()
#2 C:\Openserver\OSPanelNew\domains\anseboo\vendor\codeigniter4\framework\system\Autoloader\Autoloader.php(296): CodeIgniter\Autoloader\Autoloader->requireFile()
#3 C:\Openserver\OSPanelNew\domains\anseboo\vendor\codeigniter4\framework\system\Autoloader\Autoloader.php(258): CodeIgniter\Autoloader\Autoloader->loadInNamespace()
#4 C:\Openserver\OSPanelNew\domains\anseboo\vendor\codeigniter4\framework\system\Config\Services.php(699): CodeIgniter\Autoloader\Autoloader->loadClass()
#5 C:\Openserver\OSPanelNew\domains\anseboo\vendor\codeigniter4\framework\system\Config\BaseService.php(123): CodeIgniter\Config\Services::routes()
#6 C:\Openserver\OSPanelNew\domains\anseboo\vendor\codeigniter4\framework\system\Config\Services.php(696): CodeIgniter\Config\BaseService::getSharedInstance()
#7 C:\Openserver\OSPanelNew\domains\anseboo\app\Config\Routes.php(4): CodeIgniter\Config\Services::routes()
#8 C:\Openserver\OSPanelNew\domains\anseboo\vendor\codeigniter4\framework\system\CodeIgniter.php(780): require('C:\\Openserver\\O...')
#9 C:\Openserver\OSPanelNew\domains\anseboo\vendor\codeigniter4\framework\system\CodeIgniter.php(364): CodeIgniter\CodeIgniter->tryToRouteIt()
#10 C:\Openserver\OSPanelNew\domains\anseboo\vendor\codeigniter4\framework\system\CodeIgniter.php(312): CodeIgniter\CodeIgniter->handleRequest()
#11 C:\Openserver\OSPanelNew\domains\anseboo\index.php(48): CodeIgniter\CodeIgniter->run()
#12 {main}
CRITICAL - 2024-10-17 22:00:54 --> Uncaught ErrorException: Cannot modify header information - headers already sent by (output started at C:\Openserver\OSPanelNew\domains\anseboo\app\Config\Events.php:27) in C:\Openserver\OSPanelNew\domains\anseboo\vendor\codeigniter4\framework\system\Debug\Exceptions.php:164
Stack trace:
#0 [internal function]: CodeIgniter\Debug\Exceptions->errorHandler()
#1 C:\Openserver\OSPanelNew\domains\anseboo\vendor\codeigniter4\framework\system\Debug\Exceptions.php(164): header()
#2 [internal function]: CodeIgniter\Debug\Exceptions->exceptionHandler()
#3 {main}
  thrown
#0 [internal function]: CodeIgniter\Debug\Exceptions->shutdownHandler()
#1 {main}
CRITICAL - 2024-10-17 22:01:02 --> Optional parameter $verbs declared before required parameter $to is implicitly treated as a required parameter
#0 C:\Openserver\OSPanelNew\domains\anseboo\vendor\codeigniter4\framework\system\Autoloader\Autoloader.php(365): CodeIgniter\Debug\Exceptions->errorHandler()
#1 C:\Openserver\OSPanelNew\domains\anseboo\vendor\codeigniter4\framework\system\Autoloader\Autoloader.php(365): require_once()
#2 C:\Openserver\OSPanelNew\domains\anseboo\vendor\codeigniter4\framework\system\Autoloader\Autoloader.php(296): CodeIgniter\Autoloader\Autoloader->requireFile()
#3 C:\Openserver\OSPanelNew\domains\anseboo\vendor\codeigniter4\framework\system\Autoloader\Autoloader.php(258): CodeIgniter\Autoloader\Autoloader->loadInNamespace()
#4 C:\Openserver\OSPanelNew\domains\anseboo\vendor\codeigniter4\framework\system\Config\Services.php(699): CodeIgniter\Autoloader\Autoloader->loadClass()
#5 C:\Openserver\OSPanelNew\domains\anseboo\vendor\codeigniter4\framework\system\Config\BaseService.php(123): CodeIgniter\Config\Services::routes()
#6 C:\Openserver\OSPanelNew\domains\anseboo\vendor\codeigniter4\framework\system\Config\Services.php(696): CodeIgniter\Config\BaseService::getSharedInstance()
#7 C:\Openserver\OSPanelNew\domains\anseboo\app\Config\Routes.php(4): CodeIgniter\Config\Services::routes()
#8 C:\Openserver\OSPanelNew\domains\anseboo\vendor\codeigniter4\framework\system\CodeIgniter.php(780): require('C:\\Openserver\\O...')
#9 C:\Openserver\OSPanelNew\domains\anseboo\vendor\codeigniter4\framework\system\CodeIgniter.php(364): CodeIgniter\CodeIgniter->tryToRouteIt()
#10 C:\Openserver\OSPanelNew\domains\anseboo\vendor\codeigniter4\framework\system\CodeIgniter.php(312): CodeIgniter\CodeIgniter->handleRequest()
#11 C:\Openserver\OSPanelNew\domains\anseboo\index.php(48): CodeIgniter\CodeIgniter->run()
#12 {main}
CRITICAL - 2024-10-17 22:01:02 --> Uncaught ErrorException: Cannot modify header information - headers already sent by (output started at C:\Openserver\OSPanelNew\domains\anseboo\app\Config\Events.php:27) in C:\Openserver\OSPanelNew\domains\anseboo\vendor\codeigniter4\framework\system\Debug\Exceptions.php:164
Stack trace:
#0 [internal function]: CodeIgniter\Debug\Exceptions->errorHandler()
#1 C:\Openserver\OSPanelNew\domains\anseboo\vendor\codeigniter4\framework\system\Debug\Exceptions.php(164): header()
#2 [internal function]: CodeIgniter\Debug\Exceptions->exceptionHandler()
#3 {main}
  thrown
#0 [internal function]: CodeIgniter\Debug\Exceptions->shutdownHandler()
#1 {main}
CRITICAL - 2024-10-17 22:01:02 --> Optional parameter $verbs declared before required parameter $to is implicitly treated as a required parameter
#0 C:\Openserver\OSPanelNew\domains\anseboo\vendor\codeigniter4\framework\system\Autoloader\Autoloader.php(365): CodeIgniter\Debug\Exceptions->errorHandler()
#1 C:\Openserver\OSPanelNew\domains\anseboo\vendor\codeigniter4\framework\system\Autoloader\Autoloader.php(365): require_once()
#2 C:\Openserver\OSPanelNew\domains\anseboo\vendor\codeigniter4\framework\system\Autoloader\Autoloader.php(296): CodeIgniter\Autoloader\Autoloader->requireFile()
#3 C:\Openserver\OSPanelNew\domains\anseboo\vendor\codeigniter4\framework\system\Autoloader\Autoloader.php(258): CodeIgniter\Autoloader\Autoloader->loadInNamespace()
#4 C:\Openserver\OSPanelNew\domains\anseboo\vendor\codeigniter4\framework\system\Config\Services.php(699): CodeIgniter\Autoloader\Autoloader->loadClass()
#5 C:\Openserver\OSPanelNew\domains\anseboo\vendor\codeigniter4\framework\system\Config\BaseService.php(123): CodeIgniter\Config\Services::routes()
#6 C:\Openserver\OSPanelNew\domains\anseboo\vendor\codeigniter4\framework\system\Config\Services.php(696): CodeIgniter\Config\BaseService::getSharedInstance()
#7 C:\Openserver\OSPanelNew\domains\anseboo\app\Config\Routes.php(4): CodeIgniter\Config\Services::routes()
#8 C:\Openserver\OSPanelNew\domains\anseboo\vendor\codeigniter4\framework\system\CodeIgniter.php(780): require('C:\\Openserver\\O...')
#9 C:\Openserver\OSPanelNew\domains\anseboo\vendor\codeigniter4\framework\system\CodeIgniter.php(364): CodeIgniter\CodeIgniter->tryToRouteIt()
#10 C:\Openserver\OSPanelNew\domains\anseboo\vendor\codeigniter4\framework\system\CodeIgniter.php(312): CodeIgniter\CodeIgniter->handleRequest()
#11 C:\Openserver\OSPanelNew\domains\anseboo\index.php(48): CodeIgniter\CodeIgniter->run()
#12 {main}
CRITICAL - 2024-10-17 22:01:02 --> Uncaught ErrorException: Cannot modify header information - headers already sent by (output started at C:\Openserver\OSPanelNew\domains\anseboo\app\Config\Events.php:27) in C:\Openserver\OSPanelNew\domains\anseboo\vendor\codeigniter4\framework\system\Debug\Exceptions.php:164
Stack trace:
#0 [internal function]: CodeIgniter\Debug\Exceptions->errorHandler()
#1 C:\Openserver\OSPanelNew\domains\anseboo\vendor\codeigniter4\framework\system\Debug\Exceptions.php(164): header()
#2 [internal function]: CodeIgniter\Debug\Exceptions->exceptionHandler()
#3 {main}
  thrown
#0 [internal function]: CodeIgniter\Debug\Exceptions->shutdownHandler()
#1 {main}
CRITICAL - 2024-10-17 22:01:55 --> Unable to connect to the database.
#0 C:\Openserver\OSPanelNew\domains\anseboo\vendor\codeigniter4\framework\system\Database\BaseConnection.php(646): CodeIgniter\Database\BaseConnection->initialize()
#1 C:\Openserver\OSPanelNew\domains\anseboo\vendor\codeigniter4\framework\system\Database\BaseBuilder.php(1860): CodeIgniter\Database\BaseConnection->query('SELECT `keyword...', Array, false)
#2 C:\Openserver\OSPanelNew\domains\anseboo\app\Models\AutoloadModel.php(76): CodeIgniter\Database\BaseBuilder->get()
#3 C:\Openserver\OSPanelNew\domains\anseboo\app\Helpers\mydatafrontend_helper.php(176): App\Models\AutoloadModel->_get_where(Array, true)
#4 C:\Openserver\OSPanelNew\domains\anseboo\app\Controllers\FrontendController.php(27): get_general('vi')
#5 C:\Openserver\OSPanelNew\domains\anseboo\vendor\codeigniter4\framework\system\CodeIgniter.php(891): App\Controllers\FrontendController->initController(Object(CodeIgniter\HTTP\IncomingRequest), Object(CodeIgniter\HTTP\Response), Object(CodeIgniter\Log\Logger))
#6 C:\Openserver\OSPanelNew\domains\anseboo\vendor\codeigniter4\framework\system\CodeIgniter.php(399): CodeIgniter\CodeIgniter->createController()
#7 C:\Openserver\OSPanelNew\domains\anseboo\vendor\codeigniter4\framework\system\CodeIgniter.php(312): CodeIgniter\CodeIgniter->handleRequest(NULL, Object(Config\Cache), false)
#8 C:\Openserver\OSPanelNew\domains\anseboo\index.php(48): CodeIgniter\CodeIgniter->run()
#9 {main}
CRITICAL - 2024-10-17 22:01:55 --> Unable to connect to the database.
#0 C:\Openserver\OSPanelNew\domains\anseboo\vendor\codeigniter4\framework\system\Database\BaseConnection.php(646): CodeIgniter\Database\BaseConnection->initialize()
#1 C:\Openserver\OSPanelNew\domains\anseboo\vendor\codeigniter4\framework\system\Database\BaseBuilder.php(1860): CodeIgniter\Database\BaseConnection->query('SELECT `keyword...', Array, false)
#2 C:\Openserver\OSPanelNew\domains\anseboo\app\Models\AutoloadModel.php(76): CodeIgniter\Database\BaseBuilder->get()
#3 C:\Openserver\OSPanelNew\domains\anseboo\app\Helpers\mydatafrontend_helper.php(176): App\Models\AutoloadModel->_get_where(Array, true)
#4 C:\Openserver\OSPanelNew\domains\anseboo\app\Controllers\FrontendController.php(27): get_general('vi')
#5 C:\Openserver\OSPanelNew\domains\anseboo\vendor\codeigniter4\framework\system\CodeIgniter.php(891): App\Controllers\FrontendController->initController(Object(CodeIgniter\HTTP\IncomingRequest), Object(CodeIgniter\HTTP\Response), Object(CodeIgniter\Log\Logger))
#6 C:\Openserver\OSPanelNew\domains\anseboo\vendor\codeigniter4\framework\system\CodeIgniter.php(399): CodeIgniter\CodeIgniter->createController()
#7 C:\Openserver\OSPanelNew\domains\anseboo\vendor\codeigniter4\framework\system\CodeIgniter.php(312): CodeIgniter\CodeIgniter->handleRequest(NULL, Object(Config\Cache), false)
#8 C:\Openserver\OSPanelNew\domains\anseboo\index.php(48): CodeIgniter\CodeIgniter->run()
#9 {main}
CRITICAL - 2024-10-17 22:02:01 --> Unable to connect to the database.
#0 C:\Openserver\OSPanelNew\domains\anseboo\vendor\codeigniter4\framework\system\Database\BaseConnection.php(646): CodeIgniter\Database\BaseConnection->initialize()
#1 C:\Openserver\OSPanelNew\domains\anseboo\vendor\codeigniter4\framework\system\Database\BaseBuilder.php(1860): CodeIgniter\Database\BaseConnection->query('SELECT `keyword...', Array, false)
#2 C:\Openserver\OSPanelNew\domains\anseboo\app\Models\AutoloadModel.php(76): CodeIgniter\Database\BaseBuilder->get()
#3 C:\Openserver\OSPanelNew\domains\anseboo\app\Helpers\mydatafrontend_helper.php(176): App\Models\AutoloadModel->_get_where(Array, true)
#4 C:\Openserver\OSPanelNew\domains\anseboo\app\Controllers\FrontendController.php(27): get_general('vi')
#5 C:\Openserver\OSPanelNew\domains\anseboo\vendor\codeigniter4\framework\system\CodeIgniter.php(891): App\Controllers\FrontendController->initController(Object(CodeIgniter\HTTP\IncomingRequest), Object(CodeIgniter\HTTP\Response), Object(CodeIgniter\Log\Logger))
#6 C:\Openserver\OSPanelNew\domains\anseboo\vendor\codeigniter4\framework\system\CodeIgniter.php(399): CodeIgniter\CodeIgniter->createController()
#7 C:\Openserver\OSPanelNew\domains\anseboo\vendor\codeigniter4\framework\system\CodeIgniter.php(312): CodeIgniter\CodeIgniter->handleRequest(NULL, Object(Config\Cache), false)
#8 C:\Openserver\OSPanelNew\domains\anseboo\index.php(48): CodeIgniter\CodeIgniter->run()
#9 {main}
CRITICAL - 2024-10-17 22:02:17 --> Unable to connect to the database.
#0 C:\Openserver\OSPanelNew\domains\anseboo\vendor\codeigniter4\framework\system\Database\BaseConnection.php(646): CodeIgniter\Database\BaseConnection->initialize()
#1 C:\Openserver\OSPanelNew\domains\anseboo\vendor\codeigniter4\framework\system\Database\BaseBuilder.php(1860): CodeIgniter\Database\BaseConnection->query('SELECT `canonic...', Array, false)
#2 C:\Openserver\OSPanelNew\domains\anseboo\app\Models\AutoloadModel.php(74): CodeIgniter\Database\BaseBuilder->get()
#3 C:\Openserver\OSPanelNew\domains\anseboo\app\Controllers\BaseController.php(64): App\Models\AutoloadModel->_get_where(Array)
#4 C:\Openserver\OSPanelNew\domains\anseboo\vendor\codeigniter4\framework\system\CodeIgniter.php(891): App\Controllers\BaseController->initController(Object(CodeIgniter\HTTP\IncomingRequest), Object(CodeIgniter\HTTP\Response), Object(CodeIgniter\Log\Logger))
#5 C:\Openserver\OSPanelNew\domains\anseboo\vendor\codeigniter4\framework\system\CodeIgniter.php(399): CodeIgniter\CodeIgniter->createController()
#6 C:\Openserver\OSPanelNew\domains\anseboo\vendor\codeigniter4\framework\system\CodeIgniter.php(312): CodeIgniter\CodeIgniter->handleRequest(NULL, Object(Config\Cache), false)
#7 C:\Openserver\OSPanelNew\domains\anseboo\index.php(48): CodeIgniter\CodeIgniter->run()
#8 {main}
