CRITICAL - 2022-12-12 23:01:32 --> Undefined index: homepage_favicon
#0 E:\OpenServerPanel\domains\ht.hapy.com\app\Views\frontend\product\cart\index.php(17): CodeIgniter\Debug\Exceptions->errorHandler(8, 'Undefined index...', 'E:\\OpenServerPa...', 17, Array)
#1 E:\OpenServerPanel\domains\ht.hapy.com\vendor\codeigniter4\framework\system\View\View.php(246): include('E:\\OpenServerPa...')
#2 E:\OpenServerPanel\domains\ht.hapy.com\vendor\codeigniter4\framework\system\Common.php(1119): CodeIgniter\View\View->render('frontend/produc...', Array, true)
#3 E:\OpenServerPanel\domains\ht.hapy.com\app\Controllers\Frontend\Product\Cart.php(55): view('frontend/produc...', Array)
#4 E:\OpenServerPanel\domains\ht.hapy.com\vendor\codeigniter4\framework\system\CodeIgniter.php(918): App\Controllers\Frontend\Product\Cart->index()
#5 E:\OpenServerPanel\domains\ht.hapy.com\vendor\codeigniter4\framework\system\CodeIgniter.php(404): CodeIgniter\CodeIgniter->runController(Object(App\Controllers\Frontend\Product\Cart))
#6 E:\OpenServerPanel\domains\ht.hapy.com\vendor\codeigniter4\framework\system\CodeIgniter.php(312): CodeIgniter\CodeIgniter->handleRequest(NULL, Object(Config\Cache), false)
#7 E:\OpenServerPanel\domains\ht.hapy.com\index.php(48): CodeIgniter\CodeIgniter->run()
#8 {main}
CRITICAL - 2022-12-12 23:01:52 --> Undefined index: homepage_favicon
#0 E:\OpenServerPanel\domains\ht.hapy.com\app\Views\frontend\homepage\layout\home.php(18): CodeIgniter\Debug\Exceptions->errorHandler(8, 'Undefined index...', 'E:\\OpenServerPa...', 18, Array)
#1 E:\OpenServerPanel\domains\ht.hapy.com\vendor\codeigniter4\framework\system\View\View.php(246): include('E:\\OpenServerPa...')
#2 E:\OpenServerPanel\domains\ht.hapy.com\vendor\codeigniter4\framework\system\Common.php(1119): CodeIgniter\View\View->render('frontend/homepa...', Array, true)
#3 E:\OpenServerPanel\domains\ht.hapy.com\app\Controllers\Frontend\Homepage\Home.php(115): view('frontend/homepa...', Array)
#4 E:\OpenServerPanel\domains\ht.hapy.com\vendor\codeigniter4\framework\system\CodeIgniter.php(918): App\Controllers\Frontend\Homepage\Home->index()
#5 E:\OpenServerPanel\domains\ht.hapy.com\vendor\codeigniter4\framework\system\CodeIgniter.php(404): CodeIgniter\CodeIgniter->runController(Object(App\Controllers\Frontend\Homepage\Home))
#6 E:\OpenServerPanel\domains\ht.hapy.com\vendor\codeigniter4\framework\system\CodeIgniter.php(312): CodeIgniter\CodeIgniter->handleRequest(NULL, Object(Config\Cache), false)
#7 E:\OpenServerPanel\domains\ht.hapy.com\index.php(48): CodeIgniter\CodeIgniter->run()
#8 {main}
CRITICAL - 2022-12-12 23:20:55 --> syntax error, unexpected ''where'' (T_CONSTANT_ENCAPSED_STRING), expecting ']'
#0 E:\OpenServerPanel\domains\ht.hapy.com\vendor\codeigniter4\framework\system\Common.php(1119): CodeIgniter\View\View->render('frontend/homepa...', Array, true)
#1 E:\OpenServerPanel\domains\ht.hapy.com\app\Views\frontend\homepage\layout\home.php(72): view('frontend/homepa...')
#2 E:\OpenServerPanel\domains\ht.hapy.com\vendor\codeigniter4\framework\system\View\View.php(246): include('E:\\OpenServerPa...')
#3 E:\OpenServerPanel\domains\ht.hapy.com\vendor\codeigniter4\framework\system\Common.php(1119): CodeIgniter\View\View->render('frontend/homepa...', Array, true)
#4 E:\OpenServerPanel\domains\ht.hapy.com\app\Controllers\Frontend\Homepage\Home.php(115): view('frontend/homepa...', Array)
#5 E:\OpenServerPanel\domains\ht.hapy.com\vendor\codeigniter4\framework\system\CodeIgniter.php(918): App\Controllers\Frontend\Homepage\Home->index()
#6 E:\OpenServerPanel\domains\ht.hapy.com\vendor\codeigniter4\framework\system\CodeIgniter.php(404): CodeIgniter\CodeIgniter->runController(Object(App\Controllers\Frontend\Homepage\Home))
#7 E:\OpenServerPanel\domains\ht.hapy.com\vendor\codeigniter4\framework\system\CodeIgniter.php(312): CodeIgniter\CodeIgniter->handleRequest(NULL, Object(Config\Cache), false)
#8 E:\OpenServerPanel\domains\ht.hapy.com\index.php(48): CodeIgniter\CodeIgniter->run()
#9 {main}
CRITICAL - 2022-12-12 23:20:56 --> syntax error, unexpected ''where'' (T_CONSTANT_ENCAPSED_STRING), expecting ']'
#0 E:\OpenServerPanel\domains\ht.hapy.com\vendor\codeigniter4\framework\system\Common.php(1119): CodeIgniter\View\View->render('frontend/homepa...', Array, true)
#1 E:\OpenServerPanel\domains\ht.hapy.com\app\Views\frontend\homepage\layout\home.php(72): view('frontend/homepa...')
#2 E:\OpenServerPanel\domains\ht.hapy.com\vendor\codeigniter4\framework\system\View\View.php(246): include('E:\\OpenServerPa...')
#3 E:\OpenServerPanel\domains\ht.hapy.com\vendor\codeigniter4\framework\system\Common.php(1119): CodeIgniter\View\View->render('frontend/homepa...', Array, true)
#4 E:\OpenServerPanel\domains\ht.hapy.com\app\Controllers\Frontend\Homepage\Home.php(115): view('frontend/homepa...', Array)
#5 E:\OpenServerPanel\domains\ht.hapy.com\vendor\codeigniter4\framework\system\CodeIgniter.php(918): App\Controllers\Frontend\Homepage\Home->index()
#6 E:\OpenServerPanel\domains\ht.hapy.com\vendor\codeigniter4\framework\system\CodeIgniter.php(404): CodeIgniter\CodeIgniter->runController(Object(App\Controllers\Frontend\Homepage\Home))
#7 E:\OpenServerPanel\domains\ht.hapy.com\vendor\codeigniter4\framework\system\CodeIgniter.php(312): CodeIgniter\CodeIgniter->handleRequest(NULL, Object(Config\Cache), false)
#8 E:\OpenServerPanel\domains\ht.hapy.com\index.php(48): CodeIgniter\CodeIgniter->run()
#9 {main}
CRITICAL - 2022-12-12 23:33:39 --> Undefined index: social_instagram
#0 E:\OpenServerPanel\domains\ht.hapy.com\app\Views\frontend\homepage\home\index.php(240): CodeIgniter\Debug\Exceptions->errorHandler(8, 'Undefined index...', 'E:\\OpenServerPa...', 240, Array)
#1 E:\OpenServerPanel\domains\ht.hapy.com\vendor\codeigniter4\framework\system\View\View.php(246): include('E:\\OpenServerPa...')
#2 E:\OpenServerPanel\domains\ht.hapy.com\vendor\codeigniter4\framework\system\Common.php(1119): CodeIgniter\View\View->render('frontend/homepa...', Array, true)
#3 E:\OpenServerPanel\domains\ht.hapy.com\app\Views\frontend\homepage\layout\home.php(72): view('frontend/homepa...')
#4 E:\OpenServerPanel\domains\ht.hapy.com\vendor\codeigniter4\framework\system\View\View.php(246): include('E:\\OpenServerPa...')
#5 E:\OpenServerPanel\domains\ht.hapy.com\vendor\codeigniter4\framework\system\Common.php(1119): CodeIgniter\View\View->render('frontend/homepa...', Array, true)
#6 E:\OpenServerPanel\domains\ht.hapy.com\app\Controllers\Frontend\Homepage\Home.php(115): view('frontend/homepa...', Array)
#7 E:\OpenServerPanel\domains\ht.hapy.com\vendor\codeigniter4\framework\system\CodeIgniter.php(918): App\Controllers\Frontend\Homepage\Home->index()
#8 E:\OpenServerPanel\domains\ht.hapy.com\vendor\codeigniter4\framework\system\CodeIgniter.php(404): CodeIgniter\CodeIgniter->runController(Object(App\Controllers\Frontend\Homepage\Home))
#9 E:\OpenServerPanel\domains\ht.hapy.com\vendor\codeigniter4\framework\system\CodeIgniter.php(312): CodeIgniter\CodeIgniter->handleRequest(NULL, Object(Config\Cache), false)
#10 E:\OpenServerPanel\domains\ht.hapy.com\index.php(48): CodeIgniter\CodeIgniter->run()
#11 {main}
CRITICAL - 2022-12-12 23:36:07 --> Undefined index: bestseller
#0 E:\OpenServerPanel\domains\ht.hapy.com\app\Views\frontend\homepage\common\aside.php(79): CodeIgniter\Debug\Exceptions->errorHandler(8, 'Undefined index...', 'E:\\OpenServerPa...', 79, Array)
#1 E:\OpenServerPanel\domains\ht.hapy.com\vendor\codeigniter4\framework\system\View\View.php(246): include('E:\\OpenServerPa...')
#2 E:\OpenServerPanel\domains\ht.hapy.com\vendor\codeigniter4\framework\system\Common.php(1119): CodeIgniter\View\View->render('frontend/homepa...', Array, true)
#3 E:\OpenServerPanel\domains\ht.hapy.com\app\Views\frontend\product\catalogue\index.php(16): view('frontend/homepa...')
#4 E:\OpenServerPanel\domains\ht.hapy.com\vendor\codeigniter4\framework\system\View\View.php(246): include('E:\\OpenServerPa...')
#5 E:\OpenServerPanel\domains\ht.hapy.com\vendor\codeigniter4\framework\system\Common.php(1119): CodeIgniter\View\View->render('frontend/produc...', Array, true)
#6 E:\OpenServerPanel\domains\ht.hapy.com\app\Views\frontend\homepage\layout\home.php(72): view('frontend/produc...')
#7 E:\OpenServerPanel\domains\ht.hapy.com\vendor\codeigniter4\framework\system\View\View.php(246): include('E:\\OpenServerPa...')
#8 E:\OpenServerPanel\domains\ht.hapy.com\vendor\codeigniter4\framework\system\Common.php(1119): CodeIgniter\View\View->render('frontend/homepa...', Array, true)
#9 E:\OpenServerPanel\domains\ht.hapy.com\app\Controllers\Frontend\Product\Catalogue.php(216): view('frontend/homepa...', Array)
#10 E:\OpenServerPanel\domains\ht.hapy.com\vendor\codeigniter4\framework\system\View\Cell.php(180): App\Controllers\Frontend\Product\Catalogue->index(1, 1)
#11 E:\OpenServerPanel\domains\ht.hapy.com\vendor\codeigniter4\framework\system\Common.php(1140): CodeIgniter\View\Cell->render('\\App\\Controller...', 'id=1, page=1', 0, 'AppControllersF...')
#12 E:\OpenServerPanel\domains\ht.hapy.com\app\Controllers\Frontend\Homepage\Router.php(59): view_cell('\\App\\Controller...', 'id=1, page=1')
#13 E:\OpenServerPanel\domains\ht.hapy.com\vendor\codeigniter4\framework\system\CodeIgniter.php(918): App\Controllers\Frontend\Homepage\Router->index('banh-granola')
#14 E:\OpenServerPanel\domains\ht.hapy.com\vendor\codeigniter4\framework\system\CodeIgniter.php(404): CodeIgniter\CodeIgniter->runController(Object(App\Controllers\Frontend\Homepage\Router))
#15 E:\OpenServerPanel\domains\ht.hapy.com\vendor\codeigniter4\framework\system\CodeIgniter.php(312): CodeIgniter\CodeIgniter->handleRequest(NULL, Object(Config\Cache), false)
#16 E:\OpenServerPanel\domains\ht.hapy.com\index.php(48): CodeIgniter\CodeIgniter->run()
#17 {main}
CRITICAL - 2022-12-12 23:44:15 --> syntax error, unexpected ''where'' (T_CONSTANT_ENCAPSED_STRING), expecting ']'
#0 E:\OpenServerPanel\domains\ht.hapy.com\vendor\codeigniter4\framework\system\Router\Router.php(195): CodeIgniter\Router\Router->autoRoute('frontend/homepa...')
#1 E:\OpenServerPanel\domains\ht.hapy.com\vendor\codeigniter4\framework\system\CodeIgniter.php(793): CodeIgniter\Router\Router->handle('frontend/homepa...')
#2 E:\OpenServerPanel\domains\ht.hapy.com\vendor\codeigniter4\framework\system\CodeIgniter.php(364): CodeIgniter\CodeIgniter->tryToRouteIt(Object(CodeIgniter\Router\RouteCollection))
#3 E:\OpenServerPanel\domains\ht.hapy.com\vendor\codeigniter4\framework\system\CodeIgniter.php(312): CodeIgniter\CodeIgniter->handleRequest(NULL, Object(Config\Cache), false)
#4 E:\OpenServerPanel\domains\ht.hapy.com\index.php(48): CodeIgniter\CodeIgniter->run()
#5 {main}
CRITICAL - 2022-12-12 23:45:11 --> App\Controllers\Frontend\Homepage\Home::curl(): Failed opening required 'E:\OpenServerPanel\domains\ht.hapy.com\plugins/simple_html_dom.php' (include_path='.')
#0 [internal function]: CodeIgniter\Debug\Exceptions->shutdownHandler()
#1 {main}
CRITICAL - 2022-12-12 23:45:21 --> App\Controllers\Frontend\Homepage\Home::curl(): Failed opening required 'E:\OpenServerPanel\domains\ht.hapy.com\plugin/simple_html_dom.php' (include_path='.')
#0 [internal function]: CodeIgniter\Debug\Exceptions->shutdownHandler()
#1 {main}
CRITICAL - 2022-12-12 23:46:52 --> Trying to get property 'plaintext' of non-object
#0 E:\OpenServerPanel\domains\ht.hapy.com\app\Controllers\Frontend\Homepage\Home.php(48): CodeIgniter\Debug\Exceptions->errorHandler(8, 'Trying to get p...', 'E:\\OpenServerPa...', 48, Array)
#1 E:\OpenServerPanel\domains\ht.hapy.com\vendor\codeigniter4\framework\system\CodeIgniter.php(918): App\Controllers\Frontend\Homepage\Home->crawler()
#2 E:\OpenServerPanel\domains\ht.hapy.com\vendor\codeigniter4\framework\system\CodeIgniter.php(404): CodeIgniter\CodeIgniter->runController(Object(App\Controllers\Frontend\Homepage\Home))
#3 E:\OpenServerPanel\domains\ht.hapy.com\vendor\codeigniter4\framework\system\CodeIgniter.php(312): CodeIgniter\CodeIgniter->handleRequest(NULL, Object(Config\Cache), false)
#4 E:\OpenServerPanel\domains\ht.hapy.com\index.php(48): CodeIgniter\CodeIgniter->run()
#5 {main}
CRITICAL - 2022-12-12 23:48:00 --> file_get_contents(): stream does not support seeking
#0 [internal function]: CodeIgniter\Debug\Exceptions->errorHandler(2, 'file_get_conten...', 'E:\\OpenServerPa...', 70, Array)
#1 E:\OpenServerPanel\domains\ht.hapy.com\plugin\simple_html_dom.php(70): file_get_contents('https://behapyh...', false, NULL, -1)
#2 E:\OpenServerPanel\domains\ht.hapy.com\app\Controllers\Frontend\Homepage\Home.php(48): file_get_html('https://behapyh...')
#3 E:\OpenServerPanel\domains\ht.hapy.com\vendor\codeigniter4\framework\system\CodeIgniter.php(918): App\Controllers\Frontend\Homepage\Home->crawler()
#4 E:\OpenServerPanel\domains\ht.hapy.com\vendor\codeigniter4\framework\system\CodeIgniter.php(404): CodeIgniter\CodeIgniter->runController(Object(App\Controllers\Frontend\Homepage\Home))
#5 E:\OpenServerPanel\domains\ht.hapy.com\vendor\codeigniter4\framework\system\CodeIgniter.php(312): CodeIgniter\CodeIgniter->handleRequest(NULL, Object(Config\Cache), false)
#6 E:\OpenServerPanel\domains\ht.hapy.com\index.php(48): CodeIgniter\CodeIgniter->run()
#7 {main}
CRITICAL - 2022-12-12 23:48:55 --> file_get_contents(): stream does not support seeking
#0 [internal function]: CodeIgniter\Debug\Exceptions->errorHandler(2, 'file_get_conten...', 'E:\\OpenServerPa...', 70, Array)
#1 E:\OpenServerPanel\domains\ht.hapy.com\plugin\simple_html_dom.php(70): file_get_contents('https://behapyh...', false, NULL, -1)
#2 E:\OpenServerPanel\domains\ht.hapy.com\app\Controllers\Frontend\Homepage\Home.php(48): file_get_html('https://behapyh...')
#3 E:\OpenServerPanel\domains\ht.hapy.com\vendor\codeigniter4\framework\system\CodeIgniter.php(918): App\Controllers\Frontend\Homepage\Home->crawler()
#4 E:\OpenServerPanel\domains\ht.hapy.com\vendor\codeigniter4\framework\system\CodeIgniter.php(404): CodeIgniter\CodeIgniter->runController(Object(App\Controllers\Frontend\Homepage\Home))
#5 E:\OpenServerPanel\domains\ht.hapy.com\vendor\codeigniter4\framework\system\CodeIgniter.php(312): CodeIgniter\CodeIgniter->handleRequest(NULL, Object(Config\Cache), false)
#6 E:\OpenServerPanel\domains\ht.hapy.com\index.php(48): CodeIgniter\CodeIgniter->run()
#7 {main}
CRITICAL - 2022-12-12 23:52:34 --> Allowed memory size of 1610612736 bytes exhausted (tried to allocate 803213312 bytes)
#0 [internal function]: CodeIgniter\Debug\Exceptions->shutdownHandler()
#1 {main}
CRITICAL - 2022-12-12 23:55:25 --> Allowed memory size of 1610612736 bytes exhausted (tried to allocate 803213312 bytes)
#0 [internal function]: CodeIgniter\Debug\Exceptions->shutdownHandler()
#1 {main}
