CRITICAL - 2022-11-05 17:29:50 --> Undefined index: another_benh
#0 /home/metramhuon/domains/metramhuong.vn/public_html/app/Views/frontend/contact/contact/datlich.php(2): CodeIgniter\Debug\Exceptions->errorHandler(8, 'Undefined index...', '/home/metramhuo...', 2, Array)
#1 /home/metramhuon/domains/metramhuong.vn/public_html/vendor/codeigniter4/framework/system/View/View.php(246): include('/home/metramhuo...')
#2 /home/metramhuon/domains/metramhuong.vn/public_html/vendor/codeigniter4/framework/system/Common.php(1119): CodeIgniter\View\View->render('frontend/contac...', Array, true)
#3 /home/metramhuon/domains/metramhuong.vn/public_html/app/Views/frontend/homepage/layout/home.php(72): view('frontend/contac...')
#4 /home/metramhuon/domains/metramhuong.vn/public_html/vendor/codeigniter4/framework/system/View/View.php(246): include('/home/metramhuo...')
#5 /home/metramhuon/domains/metramhuong.vn/public_html/vendor/codeigniter4/framework/system/Common.php(1119): CodeIgniter\View\View->render('frontend/homepa...', Array, true)
#6 /home/metramhuon/domains/metramhuong.vn/public_html/app/Controllers/Frontend/Contact/Contact.php(112): view('frontend/homepa...', Array)
#7 /home/metramhuon/domains/metramhuong.vn/public_html/vendor/codeigniter4/framework/system/CodeIgniter.php(918): App\Controllers\Frontend\Contact\Contact->datlich()
#8 /home/metramhuon/domains/metramhuong.vn/public_html/vendor/codeigniter4/framework/system/CodeIgniter.php(404): CodeIgniter\CodeIgniter->runController(Object(App\Controllers\Frontend\Contact\Contact))
#9 /home/metramhuon/domains/metramhuong.vn/public_html/vendor/codeigniter4/framework/system/CodeIgniter.php(312): CodeIgniter\CodeIgniter->handleRequest(NULL, Object(Config\Cache), false)
#10 /home/metramhuon/domains/metramhuong.vn/public_html/index.php(48): CodeIgniter\CodeIgniter->run()
#11 {main}
CRITICAL - 2022-11-05 17:30:24 --> Undefined index: another_benh
#0 /home/metramhuon/domains/metramhuong.vn/public_html/app/Views/frontend/contact/contact/datlich.php(2): CodeIgniter\Debug\Exceptions->errorHandler(8, 'Undefined index...', '/home/metramhuo...', 2, Array)
#1 /home/metramhuon/domains/metramhuong.vn/public_html/vendor/codeigniter4/framework/system/View/View.php(246): include('/home/metramhuo...')
#2 /home/metramhuon/domains/metramhuong.vn/public_html/vendor/codeigniter4/framework/system/Common.php(1119): CodeIgniter\View\View->render('frontend/contac...', Array, true)
#3 /home/metramhuon/domains/metramhuong.vn/public_html/app/Views/frontend/homepage/layout/home.php(72): view('frontend/contac...')
#4 /home/metramhuon/domains/metramhuong.vn/public_html/vendor/codeigniter4/framework/system/View/View.php(246): include('/home/metramhuo...')
#5 /home/metramhuon/domains/metramhuong.vn/public_html/vendor/codeigniter4/framework/system/Common.php(1119): CodeIgniter\View\View->render('frontend/homepa...', Array, true)
#6 /home/metramhuon/domains/metramhuong.vn/public_html/app/Controllers/Frontend/Contact/Contact.php(112): view('frontend/homepa...', Array)
#7 /home/metramhuon/domains/metramhuong.vn/public_html/vendor/codeigniter4/framework/system/CodeIgniter.php(918): App\Controllers\Frontend\Contact\Contact->datlich()
#8 /home/metramhuon/domains/metramhuong.vn/public_html/vendor/codeigniter4/framework/system/CodeIgniter.php(404): CodeIgniter\CodeIgniter->runController(Object(App\Controllers\Frontend\Contact\Contact))
#9 /home/metramhuon/domains/metramhuong.vn/public_html/vendor/codeigniter4/framework/system/CodeIgniter.php(312): CodeIgniter\CodeIgniter->handleRequest(NULL, Object(Config\Cache), false)
#10 /home/metramhuon/domains/metramhuong.vn/public_html/index.php(48): CodeIgniter\CodeIgniter->run()
#11 {main}
CRITICAL - 2022-11-05 17:33:44 --> Undefined index: another_benh
#0 /home/metramhuon/domains/metramhuong.vn/public_html/app/Views/frontend/contact/contact/datlich.php(2): CodeIgniter\Debug\Exceptions->errorHandler(8, 'Undefined index...', '/home/metramhuo...', 2, Array)
#1 /home/metramhuon/domains/metramhuong.vn/public_html/vendor/codeigniter4/framework/system/View/View.php(246): include('/home/metramhuo...')
#2 /home/metramhuon/domains/metramhuong.vn/public_html/vendor/codeigniter4/framework/system/Common.php(1119): CodeIgniter\View\View->render('frontend/contac...', Array, true)
#3 /home/metramhuon/domains/metramhuong.vn/public_html/app/Views/frontend/homepage/layout/home.php(72): view('frontend/contac...')
#4 /home/metramhuon/domains/metramhuong.vn/public_html/vendor/codeigniter4/framework/system/View/View.php(246): include('/home/metramhuo...')
#5 /home/metramhuon/domains/metramhuong.vn/public_html/vendor/codeigniter4/framework/system/Common.php(1119): CodeIgniter\View\View->render('frontend/homepa...', Array, true)
#6 /home/metramhuon/domains/metramhuong.vn/public_html/app/Controllers/Frontend/Contact/Contact.php(112): view('frontend/homepa...', Array)
#7 /home/metramhuon/domains/metramhuong.vn/public_html/vendor/codeigniter4/framework/system/CodeIgniter.php(918): App\Controllers\Frontend\Contact\Contact->datlich()
#8 /home/metramhuon/domains/metramhuong.vn/public_html/vendor/codeigniter4/framework/system/CodeIgniter.php(404): CodeIgniter\CodeIgniter->runController(Object(App\Controllers\Frontend\Contact\Contact))
#9 /home/metramhuon/domains/metramhuong.vn/public_html/vendor/codeigniter4/framework/system/CodeIgniter.php(312): CodeIgniter\CodeIgniter->handleRequest(NULL, Object(Config\Cache), false)
#10 /home/metramhuon/domains/metramhuong.vn/public_html/index.php(48): CodeIgniter\CodeIgniter->run()
#11 {main}
CRITICAL - 2022-11-05 17:34:02 --> Undefined index: another_benh
#0 /home/metramhuon/domains/metramhuong.vn/public_html/app/Views/frontend/contact/contact/datlich.php(2): CodeIgniter\Debug\Exceptions->errorHandler(8, 'Undefined index...', '/home/metramhuo...', 2, Array)
#1 /home/metramhuon/domains/metramhuong.vn/public_html/vendor/codeigniter4/framework/system/View/View.php(246): include('/home/metramhuo...')
#2 /home/metramhuon/domains/metramhuong.vn/public_html/vendor/codeigniter4/framework/system/Common.php(1119): CodeIgniter\View\View->render('frontend/contac...', Array, true)
#3 /home/metramhuon/domains/metramhuong.vn/public_html/app/Views/frontend/homepage/layout/home.php(72): view('frontend/contac...')
#4 /home/metramhuon/domains/metramhuong.vn/public_html/vendor/codeigniter4/framework/system/View/View.php(246): include('/home/metramhuo...')
#5 /home/metramhuon/domains/metramhuong.vn/public_html/vendor/codeigniter4/framework/system/Common.php(1119): CodeIgniter\View\View->render('frontend/homepa...', Array, true)
#6 /home/metramhuon/domains/metramhuong.vn/public_html/app/Controllers/Frontend/Contact/Contact.php(112): view('frontend/homepa...', Array)
#7 /home/metramhuon/domains/metramhuong.vn/public_html/vendor/codeigniter4/framework/system/CodeIgniter.php(918): App\Controllers\Frontend\Contact\Contact->datlich()
#8 /home/metramhuon/domains/metramhuong.vn/public_html/vendor/codeigniter4/framework/system/CodeIgniter.php(404): CodeIgniter\CodeIgniter->runController(Object(App\Controllers\Frontend\Contact\Contact))
#9 /home/metramhuon/domains/metramhuong.vn/public_html/vendor/codeigniter4/framework/system/CodeIgniter.php(312): CodeIgniter\CodeIgniter->handleRequest(NULL, Object(Config\Cache), false)
#10 /home/metramhuon/domains/metramhuong.vn/public_html/index.php(48): CodeIgniter\CodeIgniter->run()
#11 {main}
CRITICAL - 2022-11-05 17:34:02 --> Undefined index: another_benh
#0 /home/metramhuon/domains/metramhuong.vn/public_html/app/Views/frontend/contact/contact/datlich.php(2): CodeIgniter\Debug\Exceptions->errorHandler(8, 'Undefined index...', '/home/metramhuo...', 2, Array)
#1 /home/metramhuon/domains/metramhuong.vn/public_html/vendor/codeigniter4/framework/system/View/View.php(246): include('/home/metramhuo...')
#2 /home/metramhuon/domains/metramhuong.vn/public_html/vendor/codeigniter4/framework/system/Common.php(1119): CodeIgniter\View\View->render('frontend/contac...', Array, true)
#3 /home/metramhuon/domains/metramhuong.vn/public_html/app/Views/frontend/homepage/layout/home.php(72): view('frontend/contac...')
#4 /home/metramhuon/domains/metramhuong.vn/public_html/vendor/codeigniter4/framework/system/View/View.php(246): include('/home/metramhuo...')
#5 /home/metramhuon/domains/metramhuong.vn/public_html/vendor/codeigniter4/framework/system/Common.php(1119): CodeIgniter\View\View->render('frontend/homepa...', Array, true)
#6 /home/metramhuon/domains/metramhuong.vn/public_html/app/Controllers/Frontend/Contact/Contact.php(112): view('frontend/homepa...', Array)
#7 /home/metramhuon/domains/metramhuong.vn/public_html/vendor/codeigniter4/framework/system/CodeIgniter.php(918): App\Controllers\Frontend\Contact\Contact->datlich()
#8 /home/metramhuon/domains/metramhuong.vn/public_html/vendor/codeigniter4/framework/system/CodeIgniter.php(404): CodeIgniter\CodeIgniter->runController(Object(App\Controllers\Frontend\Contact\Contact))
#9 /home/metramhuon/domains/metramhuong.vn/public_html/vendor/codeigniter4/framework/system/CodeIgniter.php(312): CodeIgniter\CodeIgniter->handleRequest(NULL, Object(Config\Cache), false)
#10 /home/metramhuon/domains/metramhuong.vn/public_html/index.php(48): CodeIgniter\CodeIgniter->run()
#11 {main}
CRITICAL - 2022-11-05 20:07:52 --> unlink(/home/metramhuon/domains/metramhuong.vn/public_html/writable/debugbar/debugbar_1667691587.json): No such file or directory
#0 [internal function]: CodeIgniter\Debug\Exceptions->errorHandler(2, 'unlink(/home/me...', '/home/metramhuo...', 106, Array)
#1 /home/metramhuon/domains/metramhuong.vn/public_html/vendor/codeigniter4/framework/system/Debug/Toolbar/Collectors/History.php(106): unlink('/home/metramhuo...')
#2 /home/metramhuon/domains/metramhuong.vn/public_html/vendor/codeigniter4/framework/system/Debug/Toolbar.php(483): CodeIgniter\Debug\Toolbar\Collectors\History->setFiles(1667696868, 20)
#3 /home/metramhuon/domains/metramhuong.vn/public_html/vendor/codeigniter4/framework/system/Debug/Toolbar.php(455): CodeIgniter\Debug\Toolbar->format(Array, 'html')
#4 /home/metramhuon/domains/metramhuong.vn/public_html/app/Config/Events.php(44): CodeIgniter\Debug\Toolbar->respond()
#5 [internal function]: CodeIgniter\Events\Events::Config\{closure}()
#6 /home/metramhuon/domains/metramhuong.vn/public_html/vendor/codeigniter4/framework/system/Events/Events.php(188): call_user_func(Object(Closure))
#7 /home/metramhuon/domains/metramhuong.vn/public_html/vendor/codeigniter4/framework/system/CodeIgniter.php(293): CodeIgniter\Events\Events::trigger('pre_system')
#8 /home/metramhuon/domains/metramhuong.vn/public_html/index.php(48): CodeIgniter\CodeIgniter->run()
#9 {main}
