CRITICAL - 2023-12-05 16:08:03 --> Unable to connect to the database.
#0 /home/hapylangso/domains/behapylangson.com/public_html/vendor/codeigniter4/framework/system/Database/BaseConnection.php(646): CodeIgniter\Database\BaseConnection->initialize()
#1 /home/hapylangso/domains/behapylangson.com/public_html/vendor/codeigniter4/framework/system/Database/BaseBuilder.php(1860): CodeIgniter\Database\BaseConnection->query('SELECT `keyword...', Array, false)
#2 /home/hapylangso/domains/behapylangson.com/public_html/app/Models/AutoloadModel.php(76): CodeIgniter\Database\BaseBuilder->get()
#3 /home/hapylangso/domains/behapylangson.com/public_html/app/Helpers/mydatafrontend_helper.php(176): App\Models\AutoloadModel->_get_where(Array, true)
#4 /home/hapylangso/domains/behapylangson.com/public_html/app/Controllers/FrontendController.php(27): get_general('vi')
#5 /home/hapylangso/domains/behapylangson.com/public_html/vendor/codeigniter4/framework/system/CodeIgniter.php(891): App\Controllers\FrontendController->initController(Object(CodeIgniter\HTTP\IncomingRequest), Object(CodeIgniter\HTTP\Response), Object(CodeIgniter\Log\Logger))
#6 /home/hapylangso/domains/behapylangson.com/public_html/vendor/codeigniter4/framework/system/CodeIgniter.php(399): CodeIgniter\CodeIgniter->createController()
#7 /home/hapylangso/domains/behapylangson.com/public_html/vendor/codeigniter4/framework/system/CodeIgniter.php(312): CodeIgniter\CodeIgniter->handleRequest(NULL, Object(Config\Cache), false)
#8 /home/hapylangso/domains/behapylangson.com/public_html/index.php(48): CodeIgniter\CodeIgniter->run()
#9 {main}
CRITICAL - 2023-12-05 16:50:13 --> Unable to connect to the database.
#0 /home/hapylangso/domains/behapylangson.com/public_html/vendor/codeigniter4/framework/system/Database/BaseConnection.php(646): CodeIgniter\Database\BaseConnection->initialize()
#1 /home/hapylangso/domains/behapylangson.com/public_html/vendor/codeigniter4/framework/system/Database/BaseBuilder.php(1860): CodeIgniter\Database\BaseConnection->query('SELECT `keyword...', Array, false)
#2 /home/hapylangso/domains/behapylangson.com/public_html/app/Models/AutoloadModel.php(76): CodeIgniter\Database\BaseBuilder->get()
#3 /home/hapylangso/domains/behapylangson.com/public_html/app/Helpers/mydatafrontend_helper.php(176): App\Models\AutoloadModel->_get_where(Array, true)
#4 /home/hapylangso/domains/behapylangson.com/public_html/app/Controllers/FrontendController.php(27): get_general('vi')
#5 /home/hapylangso/domains/behapylangson.com/public_html/vendor/codeigniter4/framework/system/CodeIgniter.php(891): App\Controllers\FrontendController->initController(Object(CodeIgniter\HTTP\IncomingRequest), Object(CodeIgniter\HTTP\Response), Object(CodeIgniter\Log\Logger))
#6 /home/hapylangso/domains/behapylangson.com/public_html/vendor/codeigniter4/framework/system/CodeIgniter.php(399): CodeIgniter\CodeIgniter->createController()
#7 /home/hapylangso/domains/behapylangson.com/public_html/vendor/codeigniter4/framework/system/CodeIgniter.php(312): CodeIgniter\CodeIgniter->handleRequest(NULL, Object(Config\Cache), false)
#8 /home/hapylangso/domains/behapylangson.com/public_html/index.php(48): CodeIgniter\CodeIgniter->run()
#9 {main}
CRITICAL - 2023-12-05 17:39:18 --> Unable to connect to the database.
#0 /home/hapylangso/domains/behapylangson.com/public_html/vendor/codeigniter4/framework/system/Database/BaseConnection.php(646): CodeIgniter\Database\BaseConnection->initialize()
#1 /home/hapylangso/domains/behapylangson.com/public_html/vendor/codeigniter4/framework/system/Database/BaseBuilder.php(1860): CodeIgniter\Database\BaseConnection->query('SELECT `keyword...', Array, false)
#2 /home/hapylangso/domains/behapylangson.com/public_html/app/Models/AutoloadModel.php(76): CodeIgniter\Database\BaseBuilder->get()
#3 /home/hapylangso/domains/behapylangson.com/public_html/app/Helpers/mydatafrontend_helper.php(176): App\Models\AutoloadModel->_get_where(Array, true)
#4 /home/hapylangso/domains/behapylangson.com/public_html/app/Controllers/FrontendController.php(27): get_general('vi')
#5 /home/hapylangso/domains/behapylangson.com/public_html/vendor/codeigniter4/framework/system/CodeIgniter.php(891): App\Controllers\FrontendController->initController(Object(CodeIgniter\HTTP\IncomingRequest), Object(CodeIgniter\HTTP\Response), Object(CodeIgniter\Log\Logger))
#6 /home/hapylangso/domains/behapylangson.com/public_html/vendor/codeigniter4/framework/system/CodeIgniter.php(399): CodeIgniter\CodeIgniter->createController()
#7 /home/hapylangso/domains/behapylangson.com/public_html/vendor/codeigniter4/framework/system/CodeIgniter.php(312): CodeIgniter\CodeIgniter->handleRequest(NULL, Object(Config\Cache), false)
#8 /home/hapylangso/domains/behapylangson.com/public_html/index.php(48): CodeIgniter\CodeIgniter->run()
#9 {main}
CRITICAL - 2023-12-05 18:37:42 --> Unable to connect to the database.
#0 /home/hapylangso/domains/behapylangson.com/public_html/vendor/codeigniter4/framework/system/Database/BaseConnection.php(646): CodeIgniter\Database\BaseConnection->initialize()
#1 /home/hapylangso/domains/behapylangson.com/public_html/vendor/codeigniter4/framework/system/Database/BaseBuilder.php(1860): CodeIgniter\Database\BaseConnection->query('SELECT `keyword...', Array, false)
#2 /home/hapylangso/domains/behapylangson.com/public_html/app/Models/AutoloadModel.php(76): CodeIgniter\Database\BaseBuilder->get()
#3 /home/hapylangso/domains/behapylangson.com/public_html/app/Helpers/mydatafrontend_helper.php(176): App\Models\AutoloadModel->_get_where(Array, true)
#4 /home/hapylangso/domains/behapylangson.com/public_html/app/Controllers/FrontendController.php(27): get_general('vi')
#5 /home/hapylangso/domains/behapylangson.com/public_html/vendor/codeigniter4/framework/system/CodeIgniter.php(891): App\Controllers\FrontendController->initController(Object(CodeIgniter\HTTP\IncomingRequest), Object(CodeIgniter\HTTP\Response), Object(CodeIgniter\Log\Logger))
#6 /home/hapylangso/domains/behapylangson.com/public_html/vendor/codeigniter4/framework/system/CodeIgniter.php(399): CodeIgniter\CodeIgniter->createController()
#7 /home/hapylangso/domains/behapylangson.com/public_html/vendor/codeigniter4/framework/system/CodeIgniter.php(312): CodeIgniter\CodeIgniter->handleRequest(NULL, Object(Config\Cache), false)
#8 /home/hapylangso/domains/behapylangson.com/public_html/index.php(48): CodeIgniter\CodeIgniter->run()
#9 {main}
CRITICAL - 2023-12-05 19:44:45 --> Unable to connect to the database.
#0 /home/hapylangso/domains/behapylangson.com/public_html/vendor/codeigniter4/framework/system/Database/BaseConnection.php(646): CodeIgniter\Database\BaseConnection->initialize()
#1 /home/hapylangso/domains/behapylangson.com/public_html/vendor/codeigniter4/framework/system/Database/BaseBuilder.php(1860): CodeIgniter\Database\BaseConnection->query('SELECT `keyword...', Array, false)
#2 /home/hapylangso/domains/behapylangson.com/public_html/app/Models/AutoloadModel.php(76): CodeIgniter\Database\BaseBuilder->get()
#3 /home/hapylangso/domains/behapylangson.com/public_html/app/Helpers/mydatafrontend_helper.php(176): App\Models\AutoloadModel->_get_where(Array, true)
#4 /home/hapylangso/domains/behapylangson.com/public_html/app/Controllers/FrontendController.php(27): get_general('vi')
#5 /home/hapylangso/domains/behapylangson.com/public_html/vendor/codeigniter4/framework/system/CodeIgniter.php(891): App\Controllers\FrontendController->initController(Object(CodeIgniter\HTTP\IncomingRequest), Object(CodeIgniter\HTTP\Response), Object(CodeIgniter\Log\Logger))
#6 /home/hapylangso/domains/behapylangson.com/public_html/vendor/codeigniter4/framework/system/CodeIgniter.php(399): CodeIgniter\CodeIgniter->createController()
#7 /home/hapylangso/domains/behapylangson.com/public_html/vendor/codeigniter4/framework/system/CodeIgniter.php(312): CodeIgniter\CodeIgniter->handleRequest(NULL, Object(Config\Cache), false)
#8 /home/hapylangso/domains/behapylangson.com/public_html/index.php(48): CodeIgniter\CodeIgniter->run()
#9 {main}
CRITICAL - 2023-12-05 19:44:49 --> Unable to connect to the database.
#0 /home/hapylangso/domains/behapylangson.com/public_html/vendor/codeigniter4/framework/system/Database/BaseConnection.php(646): CodeIgniter\Database\BaseConnection->initialize()
#1 /home/hapylangso/domains/behapylangson.com/public_html/vendor/codeigniter4/framework/system/Database/BaseBuilder.php(1860): CodeIgniter\Database\BaseConnection->query('SELECT `keyword...', Array, false)
#2 /home/hapylangso/domains/behapylangson.com/public_html/app/Models/AutoloadModel.php(76): CodeIgniter\Database\BaseBuilder->get()
#3 /home/hapylangso/domains/behapylangson.com/public_html/app/Helpers/mydatafrontend_helper.php(176): App\Models\AutoloadModel->_get_where(Array, true)
#4 /home/hapylangso/domains/behapylangson.com/public_html/app/Controllers/FrontendController.php(27): get_general('vi')
#5 /home/hapylangso/domains/behapylangson.com/public_html/vendor/codeigniter4/framework/system/CodeIgniter.php(891): App\Controllers\FrontendController->initController(Object(CodeIgniter\HTTP\IncomingRequest), Object(CodeIgniter\HTTP\Response), Object(CodeIgniter\Log\Logger))
#6 /home/hapylangso/domains/behapylangson.com/public_html/vendor/codeigniter4/framework/system/CodeIgniter.php(399): CodeIgniter\CodeIgniter->createController()
#7 /home/hapylangso/domains/behapylangson.com/public_html/vendor/codeigniter4/framework/system/CodeIgniter.php(312): CodeIgniter\CodeIgniter->handleRequest(NULL, Object(Config\Cache), false)
#8 /home/hapylangso/domains/behapylangson.com/public_html/index.php(48): CodeIgniter\CodeIgniter->run()
#9 {main}
