CRITICAL - 2024-05-20 22:15:46 --> file_get_contents(https://behapyhealthy.com/vi-chat-vinidi/): failed to open stream: HTTP request failed! HTTP/1.0 404 Not Found

#0 [internal function]: CodeIgniter\Debug\Exceptions->errorHandler(2, 'file_get_conten...', '/home/hapylangs...', 70, Array)
#1 /home/hapylangso/domains/behapylangson.com/public_html/plugin/simple_html_dom.php(70): file_get_contents('https://behapyh...', false, NULL, 0)
#2 /home/hapylangso/domains/behapylangson.com/public_html/app/Controllers/Frontend/Homepage/Home.php(56): file_get_html('https://behapyh...')
#3 /home/hapylangso/domains/behapylangson.com/public_html/vendor/codeigniter4/framework/system/CodeIgniter.php(918): App\Controllers\Frontend\Homepage\Home->crawler()
#4 /home/hapylangso/domains/behapylangson.com/public_html/vendor/codeigniter4/framework/system/CodeIgniter.php(404): CodeIgniter\CodeIgniter->runController(Object(App\Controllers\Frontend\Homepage\Home))
#5 /home/hapylangso/domains/behapylangson.com/public_html/vendor/codeigniter4/framework/system/CodeIgniter.php(312): CodeIgniter\CodeIgniter->handleRequest(NULL, Object(Config\Cache), false)
#6 /home/hapylangso/domains/behapylangson.com/public_html/index.php(48): CodeIgniter\CodeIgniter->run()
#7 {main}
CRITICAL - 2024-05-20 22:21:06 --> file_get_contents(https://behapyhealthy.com/vi-chat-vinidi/): failed to open stream: HTTP request failed! HTTP/1.0 404 Not Found

#0 [internal function]: CodeIgniter\Debug\Exceptions->errorHandler(2, 'file_get_conten...', '/home/hapylangs...', 70, Array)
#1 /home/hapylangso/domains/behapylangson.com/public_html/plugin/simple_html_dom.php(70): file_get_contents('https://behapyh...', false, NULL, 0)
#2 /home/hapylangso/domains/behapylangson.com/public_html/app/Controllers/Frontend/Homepage/Home.php(56): file_get_html('https://behapyh...')
#3 /home/hapylangso/domains/behapylangson.com/public_html/vendor/codeigniter4/framework/system/CodeIgniter.php(918): App\Controllers\Frontend\Homepage\Home->crawler()
#4 /home/hapylangso/domains/behapylangson.com/public_html/vendor/codeigniter4/framework/system/CodeIgniter.php(404): CodeIgniter\CodeIgniter->runController(Object(App\Controllers\Frontend\Homepage\Home))
#5 /home/hapylangso/domains/behapylangson.com/public_html/vendor/codeigniter4/framework/system/CodeIgniter.php(312): CodeIgniter\CodeIgniter->handleRequest(NULL, Object(Config\Cache), false)
#6 /home/hapylangso/domains/behapylangson.com/public_html/index.php(48): CodeIgniter\CodeIgniter->run()
#7 {main}
CRITICAL - 2024-05-20 22:37:00 --> file_get_contents(https://behapyhealthy.com/vi-chat-vinidi/): failed to open stream: HTTP request failed! HTTP/1.0 404 Not Found

#0 [internal function]: CodeIgniter\Debug\Exceptions->errorHandler(2, 'file_get_conten...', '/home/hapylangs...', 70, Array)
#1 /home/hapylangso/domains/behapylangson.com/public_html/plugin/simple_html_dom.php(70): file_get_contents('https://behapyh...', false, NULL, 0)
#2 /home/hapylangso/domains/behapylangson.com/public_html/app/Controllers/Frontend/Homepage/Home.php(56): file_get_html('https://behapyh...')
#3 /home/hapylangso/domains/behapylangson.com/public_html/vendor/codeigniter4/framework/system/CodeIgniter.php(918): App\Controllers\Frontend\Homepage\Home->crawler()
#4 /home/hapylangso/domains/behapylangson.com/public_html/vendor/codeigniter4/framework/system/CodeIgniter.php(404): CodeIgniter\CodeIgniter->runController(Object(App\Controllers\Frontend\Homepage\Home))
#5 /home/hapylangso/domains/behapylangson.com/public_html/vendor/codeigniter4/framework/system/CodeIgniter.php(312): CodeIgniter\CodeIgniter->handleRequest(NULL, Object(Config\Cache), false)
#6 /home/hapylangso/domains/behapylangson.com/public_html/index.php(48): CodeIgniter\CodeIgniter->run()
#7 {main}
CRITICAL - 2024-05-20 23:20:41 --> unlink(/home/hapylangso/domains/behapylangson.com/public_html/writable/debugbar/debugbar_1716265206.json): No such file or directory
#0 [internal function]: CodeIgniter\Debug\Exceptions->errorHandler(2, 'unlink(/home/ha...', '/home/hapylangs...', 106, Array)
#1 /home/hapylangso/domains/behapylangson.com/public_html/vendor/codeigniter4/framework/system/Debug/Toolbar/Collectors/History.php(106): unlink('/home/hapylangs...')
#2 /home/hapylangso/domains/behapylangson.com/public_html/vendor/codeigniter4/framework/system/Debug/Toolbar.php(483): CodeIgniter\Debug\Toolbar\Collectors\History->setFiles(1716265240, 20)
#3 /home/hapylangso/domains/behapylangson.com/public_html/vendor/codeigniter4/framework/system/Debug/Toolbar.php(455): CodeIgniter\Debug\Toolbar->format(Array, 'html')
#4 /home/hapylangso/domains/behapylangson.com/public_html/app/Config/Events.php(44): CodeIgniter\Debug\Toolbar->respond()
#5 [internal function]: CodeIgniter\Events\Events::Config\{closure}()
#6 /home/hapylangso/domains/behapylangson.com/public_html/vendor/codeigniter4/framework/system/Events/Events.php(188): call_user_func(Object(Closure))
#7 /home/hapylangso/domains/behapylangson.com/public_html/vendor/codeigniter4/framework/system/CodeIgniter.php(293): CodeIgniter\Events\Events::trigger('pre_system')
#8 /home/hapylangso/domains/behapylangson.com/public_html/index.php(48): CodeIgniter\CodeIgniter->run()
#9 {main}
CRITICAL - 2024-05-20 23:24:59 --> file_get_contents(https://behapyhealthy.com/vi-chat-vinidi/): failed to open stream: HTTP request failed! HTTP/1.0 404 Not Found

#0 [internal function]: CodeIgniter\Debug\Exceptions->errorHandler(2, 'file_get_conten...', '/home/hapylangs...', 70, Array)
#1 /home/hapylangso/domains/behapylangson.com/public_html/plugin/simple_html_dom.php(70): file_get_contents('https://behapyh...', false, NULL, 0)
#2 /home/hapylangso/domains/behapylangson.com/public_html/app/Controllers/Frontend/Homepage/Home.php(56): file_get_html('https://behapyh...')
#3 /home/hapylangso/domains/behapylangson.com/public_html/vendor/codeigniter4/framework/system/CodeIgniter.php(918): App\Controllers\Frontend\Homepage\Home->crawler()
#4 /home/hapylangso/domains/behapylangson.com/public_html/vendor/codeigniter4/framework/system/CodeIgniter.php(404): CodeIgniter\CodeIgniter->runController(Object(App\Controllers\Frontend\Homepage\Home))
#5 /home/hapylangso/domains/behapylangson.com/public_html/vendor/codeigniter4/framework/system/CodeIgniter.php(312): CodeIgniter\CodeIgniter->handleRequest(NULL, Object(Config\Cache), false)
#6 /home/hapylangso/domains/behapylangson.com/public_html/index.php(48): CodeIgniter\CodeIgniter->run()
#7 {main}
CRITICAL - 2024-05-20 23:25:55 --> file_get_contents(https://behapyhealthy.com/vi-chat-vinidi/): failed to open stream: HTTP request failed! HTTP/1.0 404 Not Found

#0 [internal function]: CodeIgniter\Debug\Exceptions->errorHandler(2, 'file_get_conten...', '/home/hapylangs...', 70, Array)
#1 /home/hapylangso/domains/behapylangson.com/public_html/plugin/simple_html_dom.php(70): file_get_contents('https://behapyh...', false, NULL, 0)
#2 /home/hapylangso/domains/behapylangson.com/public_html/app/Controllers/Frontend/Homepage/Home.php(56): file_get_html('https://behapyh...')
#3 /home/hapylangso/domains/behapylangson.com/public_html/vendor/codeigniter4/framework/system/CodeIgniter.php(918): App\Controllers\Frontend\Homepage\Home->crawler()
#4 /home/hapylangso/domains/behapylangson.com/public_html/vendor/codeigniter4/framework/system/CodeIgniter.php(404): CodeIgniter\CodeIgniter->runController(Object(App\Controllers\Frontend\Homepage\Home))
#5 /home/hapylangso/domains/behapylangson.com/public_html/vendor/codeigniter4/framework/system/CodeIgniter.php(312): CodeIgniter\CodeIgniter->handleRequest(NULL, Object(Config\Cache), false)
#6 /home/hapylangso/domains/behapylangson.com/public_html/index.php(48): CodeIgniter\CodeIgniter->run()
#7 {main}
CRITICAL - 2024-05-20 23:31:36 --> Allowed memory size of 268435456 bytes exhausted (tried to allocate 199233536 bytes)
#0 [internal function]: CodeIgniter\Debug\Exceptions->shutdownHandler()
#1 {main}
CRITICAL - 2024-05-20 23:34:57 --> Allowed memory size of 268435456 bytes exhausted (tried to allocate 199233536 bytes)
#0 [internal function]: CodeIgniter\Debug\Exceptions->shutdownHandler()
#1 {main}
CRITICAL - 2024-05-20 23:37:55 --> Allowed memory size of 268435456 bytes exhausted (tried to allocate 199233536 bytes)
#0 [internal function]: CodeIgniter\Debug\Exceptions->shutdownHandler()
#1 {main}
CRITICAL - 2024-05-20 23:41:40 --> Allowed memory size of 268435456 bytes exhausted (tried to allocate 199233536 bytes)
#0 [internal function]: CodeIgniter\Debug\Exceptions->shutdownHandler()
#1 {main}
CRITICAL - 2024-05-20 23:41:41 --> Allowed memory size of 268435456 bytes exhausted (tried to allocate 199233536 bytes)
#0 [internal function]: CodeIgniter\Debug\Exceptions->shutdownHandler()
#1 {main}
CRITICAL - 2024-05-20 23:44:22 --> Allowed memory size of 268435456 bytes exhausted (tried to allocate 199233536 bytes)
#0 [internal function]: CodeIgniter\Debug\Exceptions->shutdownHandler()
#1 {main}
CRITICAL - 2024-05-20 23:48:14 --> syntax error, unexpected '''' (T_CONSTANT_ENCAPSED_STRING)
#0 /home/hapylangso/domains/behapylangson.com/public_html/vendor/codeigniter4/framework/system/Router/Router.php(195): CodeIgniter\Router\Router->autoRoute('frontend/homepa...')
#1 /home/hapylangso/domains/behapylangson.com/public_html/vendor/codeigniter4/framework/system/CodeIgniter.php(793): CodeIgniter\Router\Router->handle('frontend/homepa...')
#2 /home/hapylangso/domains/behapylangson.com/public_html/vendor/codeigniter4/framework/system/CodeIgniter.php(364): CodeIgniter\CodeIgniter->tryToRouteIt(Object(CodeIgniter\Router\RouteCollection))
#3 /home/hapylangso/domains/behapylangson.com/public_html/vendor/codeigniter4/framework/system/CodeIgniter.php(312): CodeIgniter\CodeIgniter->handleRequest(NULL, Object(Config\Cache), false)
#4 /home/hapylangso/domains/behapylangson.com/public_html/index.php(48): CodeIgniter\CodeIgniter->run()
#5 {main}
CRITICAL - 2024-05-20 23:53:24 --> file_get_contents(https://behapyhealthy.com/vi-chat-vinidi/): failed to open stream: HTTP request failed! HTTP/1.0 404 Not Found

#0 [internal function]: CodeIgniter\Debug\Exceptions->errorHandler(2, 'file_get_conten...', '/home/hapylangs...', 70, Array)
#1 /home/hapylangso/domains/behapylangson.com/public_html/plugin/simple_html_dom.php(70): file_get_contents('https://behapyh...', false, NULL, 0)
#2 /home/hapylangso/domains/behapylangson.com/public_html/app/Controllers/Frontend/Homepage/Home.php(56): file_get_html('https://behapyh...')
#3 /home/hapylangso/domains/behapylangson.com/public_html/vendor/codeigniter4/framework/system/CodeIgniter.php(918): App\Controllers\Frontend\Homepage\Home->crawler()
#4 /home/hapylangso/domains/behapylangson.com/public_html/vendor/codeigniter4/framework/system/CodeIgniter.php(404): CodeIgniter\CodeIgniter->runController(Object(App\Controllers\Frontend\Homepage\Home))
#5 /home/hapylangso/domains/behapylangson.com/public_html/vendor/codeigniter4/framework/system/CodeIgniter.php(312): CodeIgniter\CodeIgniter->handleRequest(NULL, Object(Config\Cache), false)
#6 /home/hapylangso/domains/behapylangson.com/public_html/index.php(48): CodeIgniter\CodeIgniter->run()
#7 {main}
CRITICAL - 2024-05-20 23:53:34 --> file_get_contents(https://behapyhealthy.com/vi-chat-vinidi/): failed to open stream: HTTP request failed! HTTP/1.0 404 Not Found

#0 [internal function]: CodeIgniter\Debug\Exceptions->errorHandler(2, 'file_get_conten...', '/home/hapylangs...', 70, Array)
#1 /home/hapylangso/domains/behapylangson.com/public_html/plugin/simple_html_dom.php(70): file_get_contents('https://behapyh...', false, NULL, 0)
#2 /home/hapylangso/domains/behapylangson.com/public_html/app/Controllers/Frontend/Homepage/Home.php(56): file_get_html('https://behapyh...')
#3 /home/hapylangso/domains/behapylangson.com/public_html/vendor/codeigniter4/framework/system/CodeIgniter.php(918): App\Controllers\Frontend\Homepage\Home->crawler()
#4 /home/hapylangso/domains/behapylangson.com/public_html/vendor/codeigniter4/framework/system/CodeIgniter.php(404): CodeIgniter\CodeIgniter->runController(Object(App\Controllers\Frontend\Homepage\Home))
#5 /home/hapylangso/domains/behapylangson.com/public_html/vendor/codeigniter4/framework/system/CodeIgniter.php(312): CodeIgniter\CodeIgniter->handleRequest(NULL, Object(Config\Cache), false)
#6 /home/hapylangso/domains/behapylangson.com/public_html/index.php(48): CodeIgniter\CodeIgniter->run()
#7 {main}
CRITICAL - 2024-05-20 23:53:51 --> file_get_contents(https://behapyhealthy.com/vi-chat-vinidi/): failed to open stream: HTTP request failed! HTTP/1.0 404 Not Found

#0 [internal function]: CodeIgniter\Debug\Exceptions->errorHandler(2, 'file_get_conten...', '/home/hapylangs...', 70, Array)
#1 /home/hapylangso/domains/behapylangson.com/public_html/plugin/simple_html_dom.php(70): file_get_contents('https://behapyh...', false, NULL, 0)
#2 /home/hapylangso/domains/behapylangson.com/public_html/app/Controllers/Frontend/Homepage/Home.php(56): file_get_html('https://behapyh...')
#3 /home/hapylangso/domains/behapylangson.com/public_html/vendor/codeigniter4/framework/system/CodeIgniter.php(918): App\Controllers\Frontend\Homepage\Home->crawler()
#4 /home/hapylangso/domains/behapylangson.com/public_html/vendor/codeigniter4/framework/system/CodeIgniter.php(404): CodeIgniter\CodeIgniter->runController(Object(App\Controllers\Frontend\Homepage\Home))
#5 /home/hapylangso/domains/behapylangson.com/public_html/vendor/codeigniter4/framework/system/CodeIgniter.php(312): CodeIgniter\CodeIgniter->handleRequest(NULL, Object(Config\Cache), false)
#6 /home/hapylangso/domains/behapylangson.com/public_html/index.php(48): CodeIgniter\CodeIgniter->run()
#7 {main}
CRITICAL - 2024-05-20 23:53:57 --> file_get_contents(https://behapyhealthy.com/vi-chat-vinidi/): failed to open stream: HTTP request failed! HTTP/1.0 404 Not Found

#0 [internal function]: CodeIgniter\Debug\Exceptions->errorHandler(2, 'file_get_conten...', '/home/hapylangs...', 70, Array)
#1 /home/hapylangso/domains/behapylangson.com/public_html/plugin/simple_html_dom.php(70): file_get_contents('https://behapyh...', false, NULL, 0)
#2 /home/hapylangso/domains/behapylangson.com/public_html/app/Controllers/Frontend/Homepage/Home.php(56): file_get_html('https://behapyh...')
#3 /home/hapylangso/domains/behapylangson.com/public_html/vendor/codeigniter4/framework/system/CodeIgniter.php(918): App\Controllers\Frontend\Homepage\Home->crawler()
#4 /home/hapylangso/domains/behapylangson.com/public_html/vendor/codeigniter4/framework/system/CodeIgniter.php(404): CodeIgniter\CodeIgniter->runController(Object(App\Controllers\Frontend\Homepage\Home))
#5 /home/hapylangso/domains/behapylangson.com/public_html/vendor/codeigniter4/framework/system/CodeIgniter.php(312): CodeIgniter\CodeIgniter->handleRequest(NULL, Object(Config\Cache), false)
#6 /home/hapylangso/domains/behapylangson.com/public_html/index.php(48): CodeIgniter\CodeIgniter->run()
#7 {main}
CRITICAL - 2024-05-20 23:53:57 --> file_get_contents(https://behapyhealthy.com/vi-chat-vinidi/): failed to open stream: HTTP request failed! HTTP/1.0 404 Not Found

#0 [internal function]: CodeIgniter\Debug\Exceptions->errorHandler(2, 'file_get_conten...', '/home/hapylangs...', 70, Array)
#1 /home/hapylangso/domains/behapylangson.com/public_html/plugin/simple_html_dom.php(70): file_get_contents('https://behapyh...', false, NULL, 0)
#2 /home/hapylangso/domains/behapylangson.com/public_html/app/Controllers/Frontend/Homepage/Home.php(56): file_get_html('https://behapyh...')
#3 /home/hapylangso/domains/behapylangson.com/public_html/vendor/codeigniter4/framework/system/CodeIgniter.php(918): App\Controllers\Frontend\Homepage\Home->crawler()
#4 /home/hapylangso/domains/behapylangson.com/public_html/vendor/codeigniter4/framework/system/CodeIgniter.php(404): CodeIgniter\CodeIgniter->runController(Object(App\Controllers\Frontend\Homepage\Home))
#5 /home/hapylangso/domains/behapylangson.com/public_html/vendor/codeigniter4/framework/system/CodeIgniter.php(312): CodeIgniter\CodeIgniter->handleRequest(NULL, Object(Config\Cache), false)
#6 /home/hapylangso/domains/behapylangson.com/public_html/index.php(48): CodeIgniter\CodeIgniter->run()
#7 {main}
CRITICAL - 2024-05-20 23:53:57 --> file_get_contents(https://behapyhealthy.com/vi-chat-vinidi/): failed to open stream: HTTP request failed! HTTP/1.0 404 Not Found

#0 [internal function]: CodeIgniter\Debug\Exceptions->errorHandler(2, 'file_get_conten...', '/home/hapylangs...', 70, Array)
#1 /home/hapylangso/domains/behapylangson.com/public_html/plugin/simple_html_dom.php(70): file_get_contents('https://behapyh...', false, NULL, 0)
#2 /home/hapylangso/domains/behapylangson.com/public_html/app/Controllers/Frontend/Homepage/Home.php(56): file_get_html('https://behapyh...')
#3 /home/hapylangso/domains/behapylangson.com/public_html/vendor/codeigniter4/framework/system/CodeIgniter.php(918): App\Controllers\Frontend\Homepage\Home->crawler()
#4 /home/hapylangso/domains/behapylangson.com/public_html/vendor/codeigniter4/framework/system/CodeIgniter.php(404): CodeIgniter\CodeIgniter->runController(Object(App\Controllers\Frontend\Homepage\Home))
#5 /home/hapylangso/domains/behapylangson.com/public_html/vendor/codeigniter4/framework/system/CodeIgniter.php(312): CodeIgniter\CodeIgniter->handleRequest(NULL, Object(Config\Cache), false)
#6 /home/hapylangso/domains/behapylangson.com/public_html/index.php(48): CodeIgniter\CodeIgniter->run()
#7 {main}
CRITICAL - 2024-05-20 23:53:57 --> file_get_contents(https://behapyhealthy.com/vi-chat-vinidi/): failed to open stream: HTTP request failed! HTTP/1.0 404 Not Found

#0 [internal function]: CodeIgniter\Debug\Exceptions->errorHandler(2, 'file_get_conten...', '/home/hapylangs...', 70, Array)
#1 /home/hapylangso/domains/behapylangson.com/public_html/plugin/simple_html_dom.php(70): file_get_contents('https://behapyh...', false, NULL, 0)
#2 /home/hapylangso/domains/behapylangson.com/public_html/app/Controllers/Frontend/Homepage/Home.php(56): file_get_html('https://behapyh...')
#3 /home/hapylangso/domains/behapylangson.com/public_html/vendor/codeigniter4/framework/system/CodeIgniter.php(918): App\Controllers\Frontend\Homepage\Home->crawler()
#4 /home/hapylangso/domains/behapylangson.com/public_html/vendor/codeigniter4/framework/system/CodeIgniter.php(404): CodeIgniter\CodeIgniter->runController(Object(App\Controllers\Frontend\Homepage\Home))
#5 /home/hapylangso/domains/behapylangson.com/public_html/vendor/codeigniter4/framework/system/CodeIgniter.php(312): CodeIgniter\CodeIgniter->handleRequest(NULL, Object(Config\Cache), false)
#6 /home/hapylangso/domains/behapylangson.com/public_html/index.php(48): CodeIgniter\CodeIgniter->run()
#7 {main}
CRITICAL - 2024-05-20 23:54:30 --> file_get_contents(https://behapyhealthy.com/vi-chat-vinidi/): failed to open stream: HTTP request failed! HTTP/1.0 404 Not Found

#0 [internal function]: CodeIgniter\Debug\Exceptions->errorHandler(2, 'file_get_conten...', '/home/hapylangs...', 70, Array)
#1 /home/hapylangso/domains/behapylangson.com/public_html/plugin/simple_html_dom.php(70): file_get_contents('https://behapyh...', false, NULL, 0)
#2 /home/hapylangso/domains/behapylangson.com/public_html/app/Controllers/Frontend/Homepage/Home.php(56): file_get_html('https://behapyh...')
#3 /home/hapylangso/domains/behapylangson.com/public_html/vendor/codeigniter4/framework/system/CodeIgniter.php(918): App\Controllers\Frontend\Homepage\Home->crawler()
#4 /home/hapylangso/domains/behapylangson.com/public_html/vendor/codeigniter4/framework/system/CodeIgniter.php(404): CodeIgniter\CodeIgniter->runController(Object(App\Controllers\Frontend\Homepage\Home))
#5 /home/hapylangso/domains/behapylangson.com/public_html/vendor/codeigniter4/framework/system/CodeIgniter.php(312): CodeIgniter\CodeIgniter->handleRequest(NULL, Object(Config\Cache), false)
#6 /home/hapylangso/domains/behapylangson.com/public_html/index.php(48): CodeIgniter\CodeIgniter->run()
#7 {main}
CRITICAL - 2024-05-20 23:54:43 --> file_get_contents(https://behapyhealthy.com/vi-chat-vinidi/): failed to open stream: HTTP request failed! HTTP/1.0 404 Not Found

#0 [internal function]: CodeIgniter\Debug\Exceptions->errorHandler(2, 'file_get_conten...', '/home/hapylangs...', 70, Array)
#1 /home/hapylangso/domains/behapylangson.com/public_html/plugin/simple_html_dom.php(70): file_get_contents('https://behapyh...', false, NULL, 0)
#2 /home/hapylangso/domains/behapylangson.com/public_html/app/Controllers/Frontend/Homepage/Home.php(56): file_get_html('https://behapyh...')
#3 /home/hapylangso/domains/behapylangson.com/public_html/vendor/codeigniter4/framework/system/CodeIgniter.php(918): App\Controllers\Frontend\Homepage\Home->crawler()
#4 /home/hapylangso/domains/behapylangson.com/public_html/vendor/codeigniter4/framework/system/CodeIgniter.php(404): CodeIgniter\CodeIgniter->runController(Object(App\Controllers\Frontend\Homepage\Home))
#5 /home/hapylangso/domains/behapylangson.com/public_html/vendor/codeigniter4/framework/system/CodeIgniter.php(312): CodeIgniter\CodeIgniter->handleRequest(NULL, Object(Config\Cache), false)
#6 /home/hapylangso/domains/behapylangson.com/public_html/index.php(48): CodeIgniter\CodeIgniter->run()
#7 {main}
CRITICAL - 2024-05-20 23:56:53 --> file_get_contents(https://behapyhealthy.com/vi-chat-vinidi/): failed to open stream: HTTP request failed! HTTP/1.0 404 Not Found

#0 [internal function]: CodeIgniter\Debug\Exceptions->errorHandler(2, 'file_get_conten...', '/home/hapylangs...', 70, Array)
#1 /home/hapylangso/domains/behapylangson.com/public_html/plugin/simple_html_dom.php(70): file_get_contents('https://behapyh...', false, NULL, 0)
#2 /home/hapylangso/domains/behapylangson.com/public_html/app/Controllers/Frontend/Homepage/Home.php(56): file_get_html('https://behapyh...')
#3 /home/hapylangso/domains/behapylangson.com/public_html/vendor/codeigniter4/framework/system/CodeIgniter.php(918): App\Controllers\Frontend\Homepage\Home->crawler()
#4 /home/hapylangso/domains/behapylangson.com/public_html/vendor/codeigniter4/framework/system/CodeIgniter.php(404): CodeIgniter\CodeIgniter->runController(Object(App\Controllers\Frontend\Homepage\Home))
#5 /home/hapylangso/domains/behapylangson.com/public_html/vendor/codeigniter4/framework/system/CodeIgniter.php(312): CodeIgniter\CodeIgniter->handleRequest(NULL, Object(Config\Cache), false)
#6 /home/hapylangso/domains/behapylangson.com/public_html/index.php(48): CodeIgniter\CodeIgniter->run()
#7 {main}
CRITICAL - 2024-05-20 23:57:12 --> file_get_contents(https://behapyhealthy.com/vi-chat-vinidi/): failed to open stream: HTTP request failed! HTTP/1.0 404 Not Found

#0 [internal function]: CodeIgniter\Debug\Exceptions->errorHandler(2, 'file_get_conten...', '/home/hapylangs...', 70, Array)
#1 /home/hapylangso/domains/behapylangson.com/public_html/plugin/simple_html_dom.php(70): file_get_contents('https://behapyh...', false, NULL, 0)
#2 /home/hapylangso/domains/behapylangson.com/public_html/app/Controllers/Frontend/Homepage/Home.php(56): file_get_html('https://behapyh...')
#3 /home/hapylangso/domains/behapylangson.com/public_html/vendor/codeigniter4/framework/system/CodeIgniter.php(918): App\Controllers\Frontend\Homepage\Home->crawler()
#4 /home/hapylangso/domains/behapylangson.com/public_html/vendor/codeigniter4/framework/system/CodeIgniter.php(404): CodeIgniter\CodeIgniter->runController(Object(App\Controllers\Frontend\Homepage\Home))
#5 /home/hapylangso/domains/behapylangson.com/public_html/vendor/codeigniter4/framework/system/CodeIgniter.php(312): CodeIgniter\CodeIgniter->handleRequest(NULL, Object(Config\Cache), false)
#6 /home/hapylangso/domains/behapylangson.com/public_html/index.php(48): CodeIgniter\CodeIgniter->run()
#7 {main}
CRITICAL - 2024-05-20 23:57:27 --> file_get_contents(https://behapyhealthy.com/vi-chat-vinidi/): failed to open stream: HTTP request failed! HTTP/1.0 404 Not Found

#0 [internal function]: CodeIgniter\Debug\Exceptions->errorHandler(2, 'file_get_conten...', '/home/hapylangs...', 70, Array)
#1 /home/hapylangso/domains/behapylangson.com/public_html/plugin/simple_html_dom.php(70): file_get_contents('https://behapyh...', false, NULL, 0)
#2 /home/hapylangso/domains/behapylangson.com/public_html/app/Controllers/Frontend/Homepage/Home.php(56): file_get_html('https://behapyh...')
#3 /home/hapylangso/domains/behapylangson.com/public_html/vendor/codeigniter4/framework/system/CodeIgniter.php(918): App\Controllers\Frontend\Homepage\Home->crawler()
#4 /home/hapylangso/domains/behapylangson.com/public_html/vendor/codeigniter4/framework/system/CodeIgniter.php(404): CodeIgniter\CodeIgniter->runController(Object(App\Controllers\Frontend\Homepage\Home))
#5 /home/hapylangso/domains/behapylangson.com/public_html/vendor/codeigniter4/framework/system/CodeIgniter.php(312): CodeIgniter\CodeIgniter->handleRequest(NULL, Object(Config\Cache), false)
#6 /home/hapylangso/domains/behapylangson.com/public_html/index.php(48): CodeIgniter\CodeIgniter->run()
#7 {main}
CRITICAL - 2024-05-20 23:57:53 --> file_get_contents(https://behapyhealthy.com/vi-chat-vinidi/): failed to open stream: HTTP request failed! HTTP/1.0 404 Not Found

#0 [internal function]: CodeIgniter\Debug\Exceptions->errorHandler(2, 'file_get_conten...', '/home/hapylangs...', 70, Array)
#1 /home/hapylangso/domains/behapylangson.com/public_html/plugin/simple_html_dom.php(70): file_get_contents('https://behapyh...', false, NULL, 0)
#2 /home/hapylangso/domains/behapylangson.com/public_html/app/Controllers/Frontend/Homepage/Home.php(56): file_get_html('https://behapyh...')
#3 /home/hapylangso/domains/behapylangson.com/public_html/vendor/codeigniter4/framework/system/CodeIgniter.php(918): App\Controllers\Frontend\Homepage\Home->crawler()
#4 /home/hapylangso/domains/behapylangson.com/public_html/vendor/codeigniter4/framework/system/CodeIgniter.php(404): CodeIgniter\CodeIgniter->runController(Object(App\Controllers\Frontend\Homepage\Home))
#5 /home/hapylangso/domains/behapylangson.com/public_html/vendor/codeigniter4/framework/system/CodeIgniter.php(312): CodeIgniter\CodeIgniter->handleRequest(NULL, Object(Config\Cache), false)
#6 /home/hapylangso/domains/behapylangson.com/public_html/index.php(48): CodeIgniter\CodeIgniter->run()
#7 {main}
