CRITICAL - 2022-12-28 21:41:03 --> syntax error, unexpected ''tb2.level'' (T_CONSTANT_ENCAPSED_STRING), expecting ']'
#0 /home/hapy/domains/behapyhanoi.com/public_html/vendor/codeigniter4/framework/system/Common.php(1119): CodeIgniter\View\View->render('frontend/articl...', Array, true)
#1 /home/hapy/domains/behapyhanoi.com/public_html/app/Views/frontend/homepage/layout/home.php(73): view('frontend/articl...')
#2 /home/hapy/domains/behapyhanoi.com/public_html/vendor/codeigniter4/framework/system/View/View.php(246): include('/home/hapy/doma...')
#3 /home/hapy/domains/behapyhanoi.com/public_html/vendor/codeigniter4/framework/system/Common.php(1119): CodeIgniter\View\View->render('frontend/homepa...', Array, true)
#4 /home/hapy/domains/behapyhanoi.com/public_html/app/Controllers/Frontend/Article/Catalogue.php(146): view('frontend/homepa...', Array)
#5 /home/hapy/domains/behapyhanoi.com/public_html/vendor/codeigniter4/framework/system/View/Cell.php(180): App\Controllers\Frontend\Article\Catalogue->index(20, 1)
#6 /home/hapy/domains/behapyhanoi.com/public_html/vendor/codeigniter4/framework/system/Common.php(1140): CodeIgniter\View\Cell->render('\\App\\Controller...', 'id=20, page=1', 0, 'AppControllersF...')
#7 /home/hapy/domains/behapyhanoi.com/public_html/app/Controllers/Frontend/Homepage/Router.php(59): view_cell('\\App\\Controller...', 'id=20, page=1')
#8 /home/hapy/domains/behapyhanoi.com/public_html/vendor/codeigniter4/framework/system/CodeIgniter.php(918): App\Controllers\Frontend\Homepage\Router->index('chi-tiet-cong-t...')
#9 /home/hapy/domains/behapyhanoi.com/public_html/vendor/codeigniter4/framework/system/CodeIgniter.php(404): CodeIgniter\CodeIgniter->runController(Object(App\Controllers\Frontend\Homepage\Router))
#10 /home/hapy/domains/behapyhanoi.com/public_html/vendor/codeigniter4/framework/system/CodeIgniter.php(312): CodeIgniter\CodeIgniter->handleRequest(NULL, Object(Config\Cache), false)
#11 /home/hapy/domains/behapyhanoi.com/public_html/index.php(48): CodeIgniter\CodeIgniter->run()
#12 {main}
CRITICAL - 2022-12-28 21:41:06 --> syntax error, unexpected ''tb2.level'' (T_CONSTANT_ENCAPSED_STRING), expecting ']'
#0 /home/hapy/domains/behapyhanoi.com/public_html/vendor/codeigniter4/framework/system/Common.php(1119): CodeIgniter\View\View->render('frontend/articl...', Array, true)
#1 /home/hapy/domains/behapyhanoi.com/public_html/app/Views/frontend/homepage/layout/home.php(73): view('frontend/articl...')
#2 /home/hapy/domains/behapyhanoi.com/public_html/vendor/codeigniter4/framework/system/View/View.php(246): include('/home/hapy/doma...')
#3 /home/hapy/domains/behapyhanoi.com/public_html/vendor/codeigniter4/framework/system/Common.php(1119): CodeIgniter\View\View->render('frontend/homepa...', Array, true)
#4 /home/hapy/domains/behapyhanoi.com/public_html/app/Controllers/Frontend/Article/Catalogue.php(146): view('frontend/homepa...', Array)
#5 /home/hapy/domains/behapyhanoi.com/public_html/vendor/codeigniter4/framework/system/View/Cell.php(180): App\Controllers\Frontend\Article\Catalogue->index(20, 1)
#6 /home/hapy/domains/behapyhanoi.com/public_html/vendor/codeigniter4/framework/system/Common.php(1140): CodeIgniter\View\Cell->render('\\App\\Controller...', 'id=20, page=1', 0, 'AppControllersF...')
#7 /home/hapy/domains/behapyhanoi.com/public_html/app/Controllers/Frontend/Homepage/Router.php(59): view_cell('\\App\\Controller...', 'id=20, page=1')
#8 /home/hapy/domains/behapyhanoi.com/public_html/vendor/codeigniter4/framework/system/CodeIgniter.php(918): App\Controllers\Frontend\Homepage\Router->index('chi-tiet-cong-t...')
#9 /home/hapy/domains/behapyhanoi.com/public_html/vendor/codeigniter4/framework/system/CodeIgniter.php(404): CodeIgniter\CodeIgniter->runController(Object(App\Controllers\Frontend\Homepage\Router))
#10 /home/hapy/domains/behapyhanoi.com/public_html/vendor/codeigniter4/framework/system/CodeIgniter.php(312): CodeIgniter\CodeIgniter->handleRequest(NULL, Object(Config\Cache), false)
#11 /home/hapy/domains/behapyhanoi.com/public_html/index.php(48): CodeIgniter\CodeIgniter->run()
#12 {main}
CRITICAL - 2022-12-28 21:41:12 --> syntax error, unexpected ''tb1.level'' (T_CONSTANT_ENCAPSED_STRING), expecting ']'
#0 /home/hapy/domains/behapyhanoi.com/public_html/vendor/codeigniter4/framework/system/Common.php(1119): CodeIgniter\View\View->render('frontend/articl...', Array, true)
#1 /home/hapy/domains/behapyhanoi.com/public_html/app/Views/frontend/homepage/layout/home.php(73): view('frontend/articl...')
#2 /home/hapy/domains/behapyhanoi.com/public_html/vendor/codeigniter4/framework/system/View/View.php(246): include('/home/hapy/doma...')
#3 /home/hapy/domains/behapyhanoi.com/public_html/vendor/codeigniter4/framework/system/Common.php(1119): CodeIgniter\View\View->render('frontend/homepa...', Array, true)
#4 /home/hapy/domains/behapyhanoi.com/public_html/app/Controllers/Frontend/Article/Catalogue.php(146): view('frontend/homepa...', Array)
#5 /home/hapy/domains/behapyhanoi.com/public_html/vendor/codeigniter4/framework/system/View/Cell.php(180): App\Controllers\Frontend\Article\Catalogue->index(20, 1)
#6 /home/hapy/domains/behapyhanoi.com/public_html/vendor/codeigniter4/framework/system/Common.php(1140): CodeIgniter\View\Cell->render('\\App\\Controller...', 'id=20, page=1', 0, 'AppControllersF...')
#7 /home/hapy/domains/behapyhanoi.com/public_html/app/Controllers/Frontend/Homepage/Router.php(59): view_cell('\\App\\Controller...', 'id=20, page=1')
#8 /home/hapy/domains/behapyhanoi.com/public_html/vendor/codeigniter4/framework/system/CodeIgniter.php(918): App\Controllers\Frontend\Homepage\Router->index('chi-tiet-cong-t...')
#9 /home/hapy/domains/behapyhanoi.com/public_html/vendor/codeigniter4/framework/system/CodeIgniter.php(404): CodeIgniter\CodeIgniter->runController(Object(App\Controllers\Frontend\Homepage\Router))
#10 /home/hapy/domains/behapyhanoi.com/public_html/vendor/codeigniter4/framework/system/CodeIgniter.php(312): CodeIgniter\CodeIgniter->handleRequest(NULL, Object(Config\Cache), false)
#11 /home/hapy/domains/behapyhanoi.com/public_html/index.php(48): CodeIgniter\CodeIgniter->run()
#12 {main}
CRITICAL - 2022-12-28 21:41:14 --> syntax error, unexpected ''tb1.level'' (T_CONSTANT_ENCAPSED_STRING), expecting ']'
#0 /home/hapy/domains/behapyhanoi.com/public_html/vendor/codeigniter4/framework/system/Common.php(1119): CodeIgniter\View\View->render('frontend/articl...', Array, true)
#1 /home/hapy/domains/behapyhanoi.com/public_html/app/Views/frontend/homepage/layout/home.php(73): view('frontend/articl...')
#2 /home/hapy/domains/behapyhanoi.com/public_html/vendor/codeigniter4/framework/system/View/View.php(246): include('/home/hapy/doma...')
#3 /home/hapy/domains/behapyhanoi.com/public_html/vendor/codeigniter4/framework/system/Common.php(1119): CodeIgniter\View\View->render('frontend/homepa...', Array, true)
#4 /home/hapy/domains/behapyhanoi.com/public_html/app/Controllers/Frontend/Article/Catalogue.php(146): view('frontend/homepa...', Array)
#5 /home/hapy/domains/behapyhanoi.com/public_html/vendor/codeigniter4/framework/system/View/Cell.php(180): App\Controllers\Frontend\Article\Catalogue->index(20, 1)
#6 /home/hapy/domains/behapyhanoi.com/public_html/vendor/codeigniter4/framework/system/Common.php(1140): CodeIgniter\View\Cell->render('\\App\\Controller...', 'id=20, page=1', 0, 'AppControllersF...')
#7 /home/hapy/domains/behapyhanoi.com/public_html/app/Controllers/Frontend/Homepage/Router.php(59): view_cell('\\App\\Controller...', 'id=20, page=1')
#8 /home/hapy/domains/behapyhanoi.com/public_html/vendor/codeigniter4/framework/system/CodeIgniter.php(918): App\Controllers\Frontend\Homepage\Router->index('chi-tiet-cong-t...')
#9 /home/hapy/domains/behapyhanoi.com/public_html/vendor/codeigniter4/framework/system/CodeIgniter.php(404): CodeIgniter\CodeIgniter->runController(Object(App\Controllers\Frontend\Homepage\Router))
#10 /home/hapy/domains/behapyhanoi.com/public_html/vendor/codeigniter4/framework/system/CodeIgniter.php(312): CodeIgniter\CodeIgniter->handleRequest(NULL, Object(Config\Cache), false)
#11 /home/hapy/domains/behapyhanoi.com/public_html/index.php(48): CodeIgniter\CodeIgniter->run()
#12 {main}
CRITICAL - 2022-12-28 21:41:16 --> syntax error, unexpected ''tb1.level'' (T_CONSTANT_ENCAPSED_STRING), expecting ']'
#0 /home/hapy/domains/behapyhanoi.com/public_html/vendor/codeigniter4/framework/system/Common.php(1119): CodeIgniter\View\View->render('frontend/articl...', Array, true)
#1 /home/hapy/domains/behapyhanoi.com/public_html/app/Views/frontend/homepage/layout/home.php(73): view('frontend/articl...')
#2 /home/hapy/domains/behapyhanoi.com/public_html/vendor/codeigniter4/framework/system/View/View.php(246): include('/home/hapy/doma...')
#3 /home/hapy/domains/behapyhanoi.com/public_html/vendor/codeigniter4/framework/system/Common.php(1119): CodeIgniter\View\View->render('frontend/homepa...', Array, true)
#4 /home/hapy/domains/behapyhanoi.com/public_html/app/Controllers/Frontend/Article/Catalogue.php(146): view('frontend/homepa...', Array)
#5 /home/hapy/domains/behapyhanoi.com/public_html/vendor/codeigniter4/framework/system/View/Cell.php(180): App\Controllers\Frontend\Article\Catalogue->index(20, 1)
#6 /home/hapy/domains/behapyhanoi.com/public_html/vendor/codeigniter4/framework/system/Common.php(1140): CodeIgniter\View\Cell->render('\\App\\Controller...', 'id=20, page=1', 0, 'AppControllersF...')
#7 /home/hapy/domains/behapyhanoi.com/public_html/app/Controllers/Frontend/Homepage/Router.php(59): view_cell('\\App\\Controller...', 'id=20, page=1')
#8 /home/hapy/domains/behapyhanoi.com/public_html/vendor/codeigniter4/framework/system/CodeIgniter.php(918): App\Controllers\Frontend\Homepage\Router->index('chi-tiet-cong-t...')
#9 /home/hapy/domains/behapyhanoi.com/public_html/vendor/codeigniter4/framework/system/CodeIgniter.php(404): CodeIgniter\CodeIgniter->runController(Object(App\Controllers\Frontend\Homepage\Router))
#10 /home/hapy/domains/behapyhanoi.com/public_html/vendor/codeigniter4/framework/system/CodeIgniter.php(312): CodeIgniter\CodeIgniter->handleRequest(NULL, Object(Config\Cache), false)
#11 /home/hapy/domains/behapyhanoi.com/public_html/index.php(48): CodeIgniter\CodeIgniter->run()
#12 {main}
