CRITICAL - 2022-12-13 21:48:39 --> Undefined variable: html
#0 E:\OpenServerPanel\domains\ht.hapy.com\app\Controllers\Frontend\Homepage\Home.php(50): CodeIgniter\Debug\Exceptions->errorHandler(8, 'Undefined varia...', 'E:\\OpenServerPa...', 50, Array)
#1 E:\OpenServerPanel\domains\ht.hapy.com\vendor\codeigniter4\framework\system\CodeIgniter.php(918): App\Controllers\Frontend\Homepage\Home->crawler()
#2 E:\OpenServerPanel\domains\ht.hapy.com\vendor\codeigniter4\framework\system\CodeIgniter.php(404): CodeIgniter\CodeIgniter->runController(Object(App\Controllers\Frontend\Homepage\Home))
#3 E:\OpenServerPanel\domains\ht.hapy.com\vendor\codeigniter4\framework\system\CodeIgniter.php(312): CodeIgniter\CodeIgniter->handleRequest(NULL, Object(Config\Cache), false)
#4 E:\OpenServerPanel\domains\ht.hapy.com\index.php(48): CodeIgniter\CodeIgniter->run()
#5 {main}
CRITICAL - 2022-12-13 21:48:40 --> Undefined variable: html
#0 E:\OpenServerPanel\domains\ht.hapy.com\app\Controllers\Frontend\Homepage\Home.php(50): CodeIgniter\Debug\Exceptions->errorHandler(8, 'Undefined varia...', 'E:\\OpenServerPa...', 50, Array)
#1 E:\OpenServerPanel\domains\ht.hapy.com\vendor\codeigniter4\framework\system\CodeIgniter.php(918): App\Controllers\Frontend\Homepage\Home->crawler()
#2 E:\OpenServerPanel\domains\ht.hapy.com\vendor\codeigniter4\framework\system\CodeIgniter.php(404): CodeIgniter\CodeIgniter->runController(Object(App\Controllers\Frontend\Homepage\Home))
#3 E:\OpenServerPanel\domains\ht.hapy.com\vendor\codeigniter4\framework\system\CodeIgniter.php(312): CodeIgniter\CodeIgniter->handleRequest(NULL, Object(Config\Cache), false)
#4 E:\OpenServerPanel\domains\ht.hapy.com\index.php(48): CodeIgniter\CodeIgniter->run()
#5 {main}
CRITICAL - 2022-12-13 21:48:55 --> Undefined variable: html
#0 E:\OpenServerPanel\domains\ht.hapy.com\app\Controllers\Frontend\Homepage\Home.php(48): CodeIgniter\Debug\Exceptions->errorHandler(8, 'Undefined varia...', 'E:\\OpenServerPa...', 48, Array)
#1 E:\OpenServerPanel\domains\ht.hapy.com\vendor\codeigniter4\framework\system\CodeIgniter.php(918): App\Controllers\Frontend\Homepage\Home->crawler()
#2 E:\OpenServerPanel\domains\ht.hapy.com\vendor\codeigniter4\framework\system\CodeIgniter.php(404): CodeIgniter\CodeIgniter->runController(Object(App\Controllers\Frontend\Homepage\Home))
#3 E:\OpenServerPanel\domains\ht.hapy.com\vendor\codeigniter4\framework\system\CodeIgniter.php(312): CodeIgniter\CodeIgniter->handleRequest(NULL, Object(Config\Cache), false)
#4 E:\OpenServerPanel\domains\ht.hapy.com\index.php(48): CodeIgniter\CodeIgniter->run()
#5 {main}
CRITICAL - 2022-12-13 21:54:07 --> file_get_contents(https://behapyhealthy.com/granola-vi-matcha-hu-500gr/): failed to open stream: HTTP request failed! HTTP/1.0 404 Not Found

#0 [internal function]: CodeIgniter\Debug\Exceptions->errorHandler(2, 'file_get_conten...', 'E:\\OpenServerPa...', 70, Array)
#1 E:\OpenServerPanel\domains\ht.hapy.com\plugin\simple_html_dom.php(70): file_get_contents('https://behapyh...', false, NULL, 0)
#2 E:\OpenServerPanel\domains\ht.hapy.com\app\Controllers\Frontend\Homepage\Home.php(50): file_get_html('https://behapyh...')
#3 E:\OpenServerPanel\domains\ht.hapy.com\vendor\codeigniter4\framework\system\CodeIgniter.php(918): App\Controllers\Frontend\Homepage\Home->crawler()
#4 E:\OpenServerPanel\domains\ht.hapy.com\vendor\codeigniter4\framework\system\CodeIgniter.php(404): CodeIgniter\CodeIgniter->runController(Object(App\Controllers\Frontend\Homepage\Home))
#5 E:\OpenServerPanel\domains\ht.hapy.com\vendor\codeigniter4\framework\system\CodeIgniter.php(312): CodeIgniter\CodeIgniter->handleRequest(NULL, Object(Config\Cache), false)
#6 E:\OpenServerPanel\domains\ht.hapy.com\index.php(48): CodeIgniter\CodeIgniter->run()
#7 {main}
CRITICAL - 2022-12-13 21:55:44 --> file_get_contents(https://behapyhealthy.com/granola-vi-nguyen-ban-hu-500gr/): failed to open stream: HTTP request failed! HTTP/1.0 404 Not Found

#0 [internal function]: CodeIgniter\Debug\Exceptions->errorHandler(2, 'file_get_conten...', 'E:\\OpenServerPa...', 70, Array)
#1 E:\OpenServerPanel\domains\ht.hapy.com\plugin\simple_html_dom.php(70): file_get_contents('https://behapyh...', false, NULL, 0)
#2 E:\OpenServerPanel\domains\ht.hapy.com\app\Controllers\Frontend\Homepage\Home.php(50): file_get_html('https://behapyh...')
#3 E:\OpenServerPanel\domains\ht.hapy.com\vendor\codeigniter4\framework\system\CodeIgniter.php(918): App\Controllers\Frontend\Homepage\Home->crawler()
#4 E:\OpenServerPanel\domains\ht.hapy.com\vendor\codeigniter4\framework\system\CodeIgniter.php(404): CodeIgniter\CodeIgniter->runController(Object(App\Controllers\Frontend\Homepage\Home))
#5 E:\OpenServerPanel\domains\ht.hapy.com\vendor\codeigniter4\framework\system\CodeIgniter.php(312): CodeIgniter\CodeIgniter->handleRequest(NULL, Object(Config\Cache), false)
#6 E:\OpenServerPanel\domains\ht.hapy.com\index.php(48): CodeIgniter\CodeIgniter->run()
#7 {main}
CRITICAL - 2022-12-13 21:56:36 --> file_get_contents(https://behapyhealthy.com/granola-vi-phomai-hu-500gr/): failed to open stream: HTTP request failed! HTTP/1.0 404 Not Found

#0 [internal function]: CodeIgniter\Debug\Exceptions->errorHandler(2, 'file_get_conten...', 'E:\\OpenServerPa...', 70, Array)
#1 E:\OpenServerPanel\domains\ht.hapy.com\plugin\simple_html_dom.php(70): file_get_contents('https://behapyh...', false, NULL, 0)
#2 E:\OpenServerPanel\domains\ht.hapy.com\app\Controllers\Frontend\Homepage\Home.php(53): file_get_html('https://behapyh...')
#3 E:\OpenServerPanel\domains\ht.hapy.com\vendor\codeigniter4\framework\system\CodeIgniter.php(918): App\Controllers\Frontend\Homepage\Home->crawler()
#4 E:\OpenServerPanel\domains\ht.hapy.com\vendor\codeigniter4\framework\system\CodeIgniter.php(404): CodeIgniter\CodeIgniter->runController(Object(App\Controllers\Frontend\Homepage\Home))
#5 E:\OpenServerPanel\domains\ht.hapy.com\vendor\codeigniter4\framework\system\CodeIgniter.php(312): CodeIgniter\CodeIgniter->handleRequest(NULL, Object(Config\Cache), false)
#6 E:\OpenServerPanel\domains\ht.hapy.com\index.php(48): CodeIgniter\CodeIgniter->run()
#7 {main}
CRITICAL - 2022-12-13 21:57:58 --> file_get_contents(https://behapyhealthy.com/granola-vi-socola-hu-500gr/): failed to open stream: HTTP request failed! HTTP/1.0 404 Not Found

#0 [internal function]: CodeIgniter\Debug\Exceptions->errorHandler(2, 'file_get_conten...', 'E:\\OpenServerPa...', 70, Array)
#1 E:\OpenServerPanel\domains\ht.hapy.com\plugin\simple_html_dom.php(70): file_get_contents('https://behapyh...', false, NULL, 0)
#2 E:\OpenServerPanel\domains\ht.hapy.com\app\Controllers\Frontend\Homepage\Home.php(53): file_get_html('https://behapyh...')
#3 E:\OpenServerPanel\domains\ht.hapy.com\vendor\codeigniter4\framework\system\CodeIgniter.php(918): App\Controllers\Frontend\Homepage\Home->crawler()
#4 E:\OpenServerPanel\domains\ht.hapy.com\vendor\codeigniter4\framework\system\CodeIgniter.php(404): CodeIgniter\CodeIgniter->runController(Object(App\Controllers\Frontend\Homepage\Home))
#5 E:\OpenServerPanel\domains\ht.hapy.com\vendor\codeigniter4\framework\system\CodeIgniter.php(312): CodeIgniter\CodeIgniter->handleRequest(NULL, Object(Config\Cache), false)
#6 E:\OpenServerPanel\domains\ht.hapy.com\index.php(48): CodeIgniter\CodeIgniter->run()
#7 {main}
CRITICAL - 2022-12-13 21:58:15 --> file_get_contents(https://behapyhealthy.com/bot-ngu-coc-tami-khong-duong-hop/): failed to open stream: HTTP request failed! HTTP/1.0 404 Not Found

#0 [internal function]: CodeIgniter\Debug\Exceptions->errorHandler(2, 'file_get_conten...', 'E:\\OpenServerPa...', 70, Array)
#1 E:\OpenServerPanel\domains\ht.hapy.com\plugin\simple_html_dom.php(70): file_get_contents('https://behapyh...', false, NULL, 0)
#2 E:\OpenServerPanel\domains\ht.hapy.com\app\Controllers\Frontend\Homepage\Home.php(53): file_get_html('https://behapyh...')
#3 E:\OpenServerPanel\domains\ht.hapy.com\vendor\codeigniter4\framework\system\CodeIgniter.php(918): App\Controllers\Frontend\Homepage\Home->crawler()
#4 E:\OpenServerPanel\domains\ht.hapy.com\vendor\codeigniter4\framework\system\CodeIgniter.php(404): CodeIgniter\CodeIgniter->runController(Object(App\Controllers\Frontend\Homepage\Home))
#5 E:\OpenServerPanel\domains\ht.hapy.com\vendor\codeigniter4\framework\system\CodeIgniter.php(312): CodeIgniter\CodeIgniter->handleRequest(NULL, Object(Config\Cache), false)
#6 E:\OpenServerPanel\domains\ht.hapy.com\index.php(48): CodeIgniter\CodeIgniter->run()
#7 {main}
CRITICAL - 2022-12-13 21:58:41 --> file_get_contents(https://behapyhealthy.com/nuoc-mam-thuc-duong-homefood-200ml/): failed to open stream: HTTP request failed! HTTP/1.0 404 Not Found

#0 [internal function]: CodeIgniter\Debug\Exceptions->errorHandler(2, 'file_get_conten...', 'E:\\OpenServerPa...', 70, Array)
#1 E:\OpenServerPanel\domains\ht.hapy.com\plugin\simple_html_dom.php(70): file_get_contents('https://behapyh...', false, NULL, 0)
#2 E:\OpenServerPanel\domains\ht.hapy.com\app\Controllers\Frontend\Homepage\Home.php(53): file_get_html('https://behapyh...')
#3 E:\OpenServerPanel\domains\ht.hapy.com\vendor\codeigniter4\framework\system\CodeIgniter.php(918): App\Controllers\Frontend\Homepage\Home->crawler()
#4 E:\OpenServerPanel\domains\ht.hapy.com\vendor\codeigniter4\framework\system\CodeIgniter.php(404): CodeIgniter\CodeIgniter->runController(Object(App\Controllers\Frontend\Homepage\Home))
#5 E:\OpenServerPanel\domains\ht.hapy.com\vendor\codeigniter4\framework\system\CodeIgniter.php(312): CodeIgniter\CodeIgniter->handleRequest(NULL, Object(Config\Cache), false)
#6 E:\OpenServerPanel\domains\ht.hapy.com\index.php(48): CodeIgniter\CodeIgniter->run()
#7 {main}
CRITICAL - 2022-12-13 22:00:35 --> Undefined offset: 0
#0 E:\OpenServerPanel\domains\ht.hapy.com\app\Controllers\Frontend\Homepage\Home.php(63): CodeIgniter\Debug\Exceptions->errorHandler(8, 'Undefined offse...', 'E:\\OpenServerPa...', 63, Array)
#1 E:\OpenServerPanel\domains\ht.hapy.com\vendor\codeigniter4\framework\system\CodeIgniter.php(918): App\Controllers\Frontend\Homepage\Home->crawler()
#2 E:\OpenServerPanel\domains\ht.hapy.com\vendor\codeigniter4\framework\system\CodeIgniter.php(404): CodeIgniter\CodeIgniter->runController(Object(App\Controllers\Frontend\Homepage\Home))
#3 E:\OpenServerPanel\domains\ht.hapy.com\vendor\codeigniter4\framework\system\CodeIgniter.php(312): CodeIgniter\CodeIgniter->handleRequest(NULL, Object(Config\Cache), false)
#4 E:\OpenServerPanel\domains\ht.hapy.com\index.php(48): CodeIgniter\CodeIgniter->run()
#5 {main}
CRITICAL - 2022-12-13 22:01:26 --> Allowed memory size of 1610612736 bytes exhausted (tried to allocate 803213312 bytes)
#0 [internal function]: CodeIgniter\Debug\Exceptions->shutdownHandler()
#1 {main}
CRITICAL - 2022-12-13 22:01:44 --> Undefined offset: 0
#0 E:\OpenServerPanel\domains\ht.hapy.com\app\Controllers\Frontend\Homepage\Home.php(63): CodeIgniter\Debug\Exceptions->errorHandler(8, 'Undefined offse...', 'E:\\OpenServerPa...', 63, Array)
#1 E:\OpenServerPanel\domains\ht.hapy.com\vendor\codeigniter4\framework\system\CodeIgniter.php(918): App\Controllers\Frontend\Homepage\Home->crawler()
#2 E:\OpenServerPanel\domains\ht.hapy.com\vendor\codeigniter4\framework\system\CodeIgniter.php(404): CodeIgniter\CodeIgniter->runController(Object(App\Controllers\Frontend\Homepage\Home))
#3 E:\OpenServerPanel\domains\ht.hapy.com\vendor\codeigniter4\framework\system\CodeIgniter.php(312): CodeIgniter\CodeIgniter->handleRequest(NULL, Object(Config\Cache), false)
#4 E:\OpenServerPanel\domains\ht.hapy.com\index.php(48): CodeIgniter\CodeIgniter->run()
#5 {main}
CRITICAL - 2022-12-13 22:02:24 --> Undefined offset: 0
#0 E:\OpenServerPanel\domains\ht.hapy.com\app\Controllers\Frontend\Homepage\Home.php(63): CodeIgniter\Debug\Exceptions->errorHandler(8, 'Undefined offse...', 'E:\\OpenServerPa...', 63, Array)
#1 E:\OpenServerPanel\domains\ht.hapy.com\vendor\codeigniter4\framework\system\CodeIgniter.php(918): App\Controllers\Frontend\Homepage\Home->crawler()
#2 E:\OpenServerPanel\domains\ht.hapy.com\vendor\codeigniter4\framework\system\CodeIgniter.php(404): CodeIgniter\CodeIgniter->runController(Object(App\Controllers\Frontend\Homepage\Home))
#3 E:\OpenServerPanel\domains\ht.hapy.com\vendor\codeigniter4\framework\system\CodeIgniter.php(312): CodeIgniter\CodeIgniter->handleRequest(NULL, Object(Config\Cache), false)
#4 E:\OpenServerPanel\domains\ht.hapy.com\index.php(48): CodeIgniter\CodeIgniter->run()
#5 {main}
CRITICAL - 2022-12-13 22:02:34 --> Allowed memory size of 1610612736 bytes exhausted (tried to allocate 803213312 bytes)
#0 [internal function]: CodeIgniter\Debug\Exceptions->shutdownHandler()
#1 {main}
CRITICAL - 2022-12-13 22:03:09 --> Undefined offset: 0
#0 E:\OpenServerPanel\domains\ht.hapy.com\app\Controllers\Frontend\Homepage\Home.php(63): CodeIgniter\Debug\Exceptions->errorHandler(8, 'Undefined offse...', 'E:\\OpenServerPa...', 63, Array)
#1 E:\OpenServerPanel\domains\ht.hapy.com\vendor\codeigniter4\framework\system\CodeIgniter.php(918): App\Controllers\Frontend\Homepage\Home->crawler()
#2 E:\OpenServerPanel\domains\ht.hapy.com\vendor\codeigniter4\framework\system\CodeIgniter.php(404): CodeIgniter\CodeIgniter->runController(Object(App\Controllers\Frontend\Homepage\Home))
#3 E:\OpenServerPanel\domains\ht.hapy.com\vendor\codeigniter4\framework\system\CodeIgniter.php(312): CodeIgniter\CodeIgniter->handleRequest(NULL, Object(Config\Cache), false)
#4 E:\OpenServerPanel\domains\ht.hapy.com\index.php(48): CodeIgniter\CodeIgniter->run()
#5 {main}
CRITICAL - 2022-12-13 22:03:18 --> Allowed memory size of 1610612736 bytes exhausted (tried to allocate 805310464 bytes)
#0 [internal function]: CodeIgniter\Debug\Exceptions->shutdownHandler()
#1 {main}
CRITICAL - 2022-12-13 22:03:59 --> Allowed memory size of 1610612736 bytes exhausted (tried to allocate 803213312 bytes)
#0 [internal function]: CodeIgniter\Debug\Exceptions->shutdownHandler()
#1 {main}
CRITICAL - 2022-12-13 22:04:29 --> file_get_contents(https://behapyhealthy.com/nhan-oc-cho-chile/): failed to open stream: HTTP request failed! HTTP/1.0 404 Not Found

#0 [internal function]: CodeIgniter\Debug\Exceptions->errorHandler(2, 'file_get_conten...', 'E:\\OpenServerPa...', 70, Array)
#1 E:\OpenServerPanel\domains\ht.hapy.com\plugin\simple_html_dom.php(70): file_get_contents('https://behapyh...', false, NULL, 0)
#2 E:\OpenServerPanel\domains\ht.hapy.com\app\Controllers\Frontend\Homepage\Home.php(53): file_get_html('https://behapyh...')
#3 E:\OpenServerPanel\domains\ht.hapy.com\vendor\codeigniter4\framework\system\CodeIgniter.php(918): App\Controllers\Frontend\Homepage\Home->crawler()
#4 E:\OpenServerPanel\domains\ht.hapy.com\vendor\codeigniter4\framework\system\CodeIgniter.php(404): CodeIgniter\CodeIgniter->runController(Object(App\Controllers\Frontend\Homepage\Home))
#5 E:\OpenServerPanel\domains\ht.hapy.com\vendor\codeigniter4\framework\system\CodeIgniter.php(312): CodeIgniter\CodeIgniter->handleRequest(NULL, Object(Config\Cache), false)
#6 E:\OpenServerPanel\domains\ht.hapy.com\index.php(48): CodeIgniter\CodeIgniter->run()
#7 {main}
CRITICAL - 2022-12-13 22:09:59 --> Undefined offset: 0
#0 E:\OpenServerPanel\domains\ht.hapy.com\app\Controllers\Frontend\Homepage\Home.php(63): CodeIgniter\Debug\Exceptions->errorHandler(8, 'Undefined offse...', 'E:\\OpenServerPa...', 63, Array)
#1 E:\OpenServerPanel\domains\ht.hapy.com\vendor\codeigniter4\framework\system\CodeIgniter.php(918): App\Controllers\Frontend\Homepage\Home->crawler()
#2 E:\OpenServerPanel\domains\ht.hapy.com\vendor\codeigniter4\framework\system\CodeIgniter.php(404): CodeIgniter\CodeIgniter->runController(Object(App\Controllers\Frontend\Homepage\Home))
#3 E:\OpenServerPanel\domains\ht.hapy.com\vendor\codeigniter4\framework\system\CodeIgniter.php(312): CodeIgniter\CodeIgniter->handleRequest(NULL, Object(Config\Cache), false)
#4 E:\OpenServerPanel\domains\ht.hapy.com\index.php(48): CodeIgniter\CodeIgniter->run()
#5 {main}
CRITICAL - 2022-12-13 22:10:39 --> Allowed memory size of 1610612736 bytes exhausted (tried to allocate 803213312 bytes)
#0 [internal function]: CodeIgniter\Debug\Exceptions->shutdownHandler()
#1 {main}
CRITICAL - 2022-12-13 22:25:10 --> file_get_contents(https://behapyhealthy.com/may-say-thuc-pham-morphy-richards/): failed to open stream: HTTP request failed! HTTP/1.0 404 Not Found

#0 [internal function]: CodeIgniter\Debug\Exceptions->errorHandler(2, 'file_get_conten...', 'E:\\OpenServerPa...', 70, Array)
#1 E:\OpenServerPanel\domains\ht.hapy.com\plugin\simple_html_dom.php(70): file_get_contents('https://behapyh...', false, NULL, 0)
#2 E:\OpenServerPanel\domains\ht.hapy.com\app\Controllers\Frontend\Homepage\Home.php(53): file_get_html('https://behapyh...')
#3 E:\OpenServerPanel\domains\ht.hapy.com\vendor\codeigniter4\framework\system\CodeIgniter.php(918): App\Controllers\Frontend\Homepage\Home->crawler()
#4 E:\OpenServerPanel\domains\ht.hapy.com\vendor\codeigniter4\framework\system\CodeIgniter.php(404): CodeIgniter\CodeIgniter->runController(Object(App\Controllers\Frontend\Homepage\Home))
#5 E:\OpenServerPanel\domains\ht.hapy.com\vendor\codeigniter4\framework\system\CodeIgniter.php(312): CodeIgniter\CodeIgniter->handleRequest(NULL, Object(Config\Cache), false)
#6 E:\OpenServerPanel\domains\ht.hapy.com\index.php(48): CodeIgniter\CodeIgniter->run()
#7 {main}
CRITICAL - 2022-12-13 22:25:40 --> file_get_contents(https://behapyhealthy.com/may-xay-sinh-to-kalite-keb4171/): failed to open stream: HTTP request failed! HTTP/1.0 404 Not Found

#0 [internal function]: CodeIgniter\Debug\Exceptions->errorHandler(2, 'file_get_conten...', 'E:\\OpenServerPa...', 70, Array)
#1 E:\OpenServerPanel\domains\ht.hapy.com\plugin\simple_html_dom.php(70): file_get_contents('https://behapyh...', false, NULL, 0)
#2 E:\OpenServerPanel\domains\ht.hapy.com\app\Controllers\Frontend\Homepage\Home.php(53): file_get_html('https://behapyh...')
#3 E:\OpenServerPanel\domains\ht.hapy.com\vendor\codeigniter4\framework\system\CodeIgniter.php(918): App\Controllers\Frontend\Homepage\Home->crawler()
#4 E:\OpenServerPanel\domains\ht.hapy.com\vendor\codeigniter4\framework\system\CodeIgniter.php(404): CodeIgniter\CodeIgniter->runController(Object(App\Controllers\Frontend\Homepage\Home))
#5 E:\OpenServerPanel\domains\ht.hapy.com\vendor\codeigniter4\framework\system\CodeIgniter.php(312): CodeIgniter\CodeIgniter->handleRequest(NULL, Object(Config\Cache), false)
#6 E:\OpenServerPanel\domains\ht.hapy.com\index.php(48): CodeIgniter\CodeIgniter->run()
#7 {main}
CRITICAL - 2022-12-13 22:26:22 --> file_get_contents(https://behapyhealthy.com/noi-ap-suat-nau-cham-snapbee-queen-s45-xanh-navy/): failed to open stream: HTTP request failed! HTTP/1.0 404 Not Found

#0 [internal function]: CodeIgniter\Debug\Exceptions->errorHandler(2, 'file_get_conten...', 'E:\\OpenServerPa...', 70, Array)
#1 E:\OpenServerPanel\domains\ht.hapy.com\plugin\simple_html_dom.php(70): file_get_contents('https://behapyh...', false, NULL, 0)
#2 E:\OpenServerPanel\domains\ht.hapy.com\app\Controllers\Frontend\Homepage\Home.php(53): file_get_html('https://behapyh...')
#3 E:\OpenServerPanel\domains\ht.hapy.com\vendor\codeigniter4\framework\system\CodeIgniter.php(918): App\Controllers\Frontend\Homepage\Home->crawler()
#4 E:\OpenServerPanel\domains\ht.hapy.com\vendor\codeigniter4\framework\system\CodeIgniter.php(404): CodeIgniter\CodeIgniter->runController(Object(App\Controllers\Frontend\Homepage\Home))
#5 E:\OpenServerPanel\domains\ht.hapy.com\vendor\codeigniter4\framework\system\CodeIgniter.php(312): CodeIgniter\CodeIgniter->handleRequest(NULL, Object(Config\Cache), false)
#6 E:\OpenServerPanel\domains\ht.hapy.com\index.php(48): CodeIgniter\CodeIgniter->run()
#7 {main}
CRITICAL - 2022-12-13 22:27:25 --> file_get_contents(https://behapyhealthy.com/noi-chien-khong-dau-livenkz-d5501/): failed to open stream: HTTP request failed! HTTP/1.0 404 Not Found

#0 [internal function]: CodeIgniter\Debug\Exceptions->errorHandler(2, 'file_get_conten...', 'E:\\OpenServerPa...', 70, Array)
#1 E:\OpenServerPanel\domains\ht.hapy.com\plugin\simple_html_dom.php(70): file_get_contents('https://behapyh...', false, NULL, 0)
#2 E:\OpenServerPanel\domains\ht.hapy.com\app\Controllers\Frontend\Homepage\Home.php(53): file_get_html('https://behapyh...')
#3 E:\OpenServerPanel\domains\ht.hapy.com\vendor\codeigniter4\framework\system\CodeIgniter.php(918): App\Controllers\Frontend\Homepage\Home->crawler()
#4 E:\OpenServerPanel\domains\ht.hapy.com\vendor\codeigniter4\framework\system\CodeIgniter.php(404): CodeIgniter\CodeIgniter->runController(Object(App\Controllers\Frontend\Homepage\Home))
#5 E:\OpenServerPanel\domains\ht.hapy.com\vendor\codeigniter4\framework\system\CodeIgniter.php(312): CodeIgniter\CodeIgniter->handleRequest(NULL, Object(Config\Cache), false)
#6 E:\OpenServerPanel\domains\ht.hapy.com\index.php(48): CodeIgniter\CodeIgniter->run()
#7 {main}
CRITICAL - 2022-12-13 22:33:40 --> file_get_contents(https://behapyhealthy.com/noi-chien-khong-dau-livenkz-d5501/): failed to open stream: HTTP request failed! HTTP/1.0 404 Not Found

#0 [internal function]: CodeIgniter\Debug\Exceptions->errorHandler(2, 'file_get_conten...', 'E:\\OpenServerPa...', 70, Array)
#1 E:\OpenServerPanel\domains\ht.hapy.com\plugin\simple_html_dom.php(70): file_get_contents('https://behapyh...', false, NULL, 0)
#2 E:\OpenServerPanel\domains\ht.hapy.com\app\Controllers\Frontend\Homepage\Home.php(53): file_get_html('https://behapyh...')
#3 E:\OpenServerPanel\domains\ht.hapy.com\vendor\codeigniter4\framework\system\CodeIgniter.php(918): App\Controllers\Frontend\Homepage\Home->crawler()
#4 E:\OpenServerPanel\domains\ht.hapy.com\vendor\codeigniter4\framework\system\CodeIgniter.php(404): CodeIgniter\CodeIgniter->runController(Object(App\Controllers\Frontend\Homepage\Home))
#5 E:\OpenServerPanel\domains\ht.hapy.com\vendor\codeigniter4\framework\system\CodeIgniter.php(312): CodeIgniter\CodeIgniter->handleRequest(NULL, Object(Config\Cache), false)
#6 E:\OpenServerPanel\domains\ht.hapy.com\index.php(48): CodeIgniter\CodeIgniter->run()
#7 {main}
CRITICAL - 2022-12-13 22:34:46 --> file_get_contents(https://behapyhealthy.com/noi-chien-khong-dau-livenkz-d5501/): failed to open stream: HTTP request failed! HTTP/1.0 404 Not Found

#0 [internal function]: CodeIgniter\Debug\Exceptions->errorHandler(2, 'file_get_conten...', 'E:\\OpenServerPa...', 70, Array)
#1 E:\OpenServerPanel\domains\ht.hapy.com\plugin\simple_html_dom.php(70): file_get_contents('https://behapyh...', false, NULL, 0)
#2 E:\OpenServerPanel\domains\ht.hapy.com\app\Controllers\Frontend\Homepage\Home.php(53): file_get_html('https://behapyh...')
#3 E:\OpenServerPanel\domains\ht.hapy.com\vendor\codeigniter4\framework\system\CodeIgniter.php(918): App\Controllers\Frontend\Homepage\Home->crawler()
#4 E:\OpenServerPanel\domains\ht.hapy.com\vendor\codeigniter4\framework\system\CodeIgniter.php(404): CodeIgniter\CodeIgniter->runController(Object(App\Controllers\Frontend\Homepage\Home))
#5 E:\OpenServerPanel\domains\ht.hapy.com\vendor\codeigniter4\framework\system\CodeIgniter.php(312): CodeIgniter\CodeIgniter->handleRequest(NULL, Object(Config\Cache), false)
#6 E:\OpenServerPanel\domains\ht.hapy.com\index.php(48): CodeIgniter\CodeIgniter->run()
#7 {main}
CRITICAL - 2022-12-13 22:35:22 --> file_get_contents(https://behapyhealthy.com/noi-chien-khong-dau-snapbee-queen-rf15-xanh-navy/): failed to open stream: HTTP request failed! HTTP/1.0 404 Not Found

#0 [internal function]: CodeIgniter\Debug\Exceptions->errorHandler(2, 'file_get_conten...', 'E:\\OpenServerPa...', 70, Array)
#1 E:\OpenServerPanel\domains\ht.hapy.com\plugin\simple_html_dom.php(70): file_get_contents('https://behapyh...', false, NULL, 0)
#2 E:\OpenServerPanel\domains\ht.hapy.com\app\Controllers\Frontend\Homepage\Home.php(53): file_get_html('https://behapyh...')
#3 E:\OpenServerPanel\domains\ht.hapy.com\vendor\codeigniter4\framework\system\CodeIgniter.php(918): App\Controllers\Frontend\Homepage\Home->crawler()
#4 E:\OpenServerPanel\domains\ht.hapy.com\vendor\codeigniter4\framework\system\CodeIgniter.php(404): CodeIgniter\CodeIgniter->runController(Object(App\Controllers\Frontend\Homepage\Home))
#5 E:\OpenServerPanel\domains\ht.hapy.com\vendor\codeigniter4\framework\system\CodeIgniter.php(312): CodeIgniter\CodeIgniter->handleRequest(NULL, Object(Config\Cache), false)
#6 E:\OpenServerPanel\domains\ht.hapy.com\index.php(48): CodeIgniter\CodeIgniter->run()
#7 {main}
CRITICAL - 2022-12-13 22:36:50 --> file_get_contents(https://behapyhealthy.com/dai-shan-tram-100gr/): failed to open stream: HTTP request failed! HTTP/1.0 404 Not Found

#0 [internal function]: CodeIgniter\Debug\Exceptions->errorHandler(2, 'file_get_conten...', 'E:\\OpenServerPa...', 70, Array)
#1 E:\OpenServerPanel\domains\ht.hapy.com\plugin\simple_html_dom.php(70): file_get_contents('https://behapyh...', false, NULL, 0)
#2 E:\OpenServerPanel\domains\ht.hapy.com\app\Controllers\Frontend\Homepage\Home.php(53): file_get_html('https://behapyh...')
#3 E:\OpenServerPanel\domains\ht.hapy.com\vendor\codeigniter4\framework\system\CodeIgniter.php(918): App\Controllers\Frontend\Homepage\Home->crawler()
#4 E:\OpenServerPanel\domains\ht.hapy.com\vendor\codeigniter4\framework\system\CodeIgniter.php(404): CodeIgniter\CodeIgniter->runController(Object(App\Controllers\Frontend\Homepage\Home))
#5 E:\OpenServerPanel\domains\ht.hapy.com\vendor\codeigniter4\framework\system\CodeIgniter.php(312): CodeIgniter\CodeIgniter->handleRequest(NULL, Object(Config\Cache), false)
#6 E:\OpenServerPanel\domains\ht.hapy.com\index.php(48): CodeIgniter\CodeIgniter->run()
#7 {main}
CRITICAL - 2022-12-13 22:38:23 --> file_get_contents(https://behapyhealthy.com/tieu-thanh-cam-11-13gr/): failed to open stream: HTTP request failed! HTTP/1.0 404 Not Found

#0 [internal function]: CodeIgniter\Debug\Exceptions->errorHandler(2, 'file_get_conten...', 'E:\\OpenServerPa...', 70, Array)
#1 E:\OpenServerPanel\domains\ht.hapy.com\plugin\simple_html_dom.php(70): file_get_contents('https://behapyh...', false, NULL, 0)
#2 E:\OpenServerPanel\domains\ht.hapy.com\app\Controllers\Frontend\Homepage\Home.php(53): file_get_html('https://behapyh...')
#3 E:\OpenServerPanel\domains\ht.hapy.com\vendor\codeigniter4\framework\system\CodeIgniter.php(918): App\Controllers\Frontend\Homepage\Home->crawler()
#4 E:\OpenServerPanel\domains\ht.hapy.com\vendor\codeigniter4\framework\system\CodeIgniter.php(404): CodeIgniter\CodeIgniter->runController(Object(App\Controllers\Frontend\Homepage\Home))
#5 E:\OpenServerPanel\domains\ht.hapy.com\vendor\codeigniter4\framework\system\CodeIgniter.php(312): CodeIgniter\CodeIgniter->handleRequest(NULL, Object(Config\Cache), false)
#6 E:\OpenServerPanel\domains\ht.hapy.com\index.php(48): CodeIgniter\CodeIgniter->run()
#7 {main}
CRITICAL - 2022-12-13 22:39:45 --> file_get_contents(https://behapyhealthy.com/saffron-salam-1gr/): failed to open stream: HTTP request failed! HTTP/1.0 404 Not Found

#0 [internal function]: CodeIgniter\Debug\Exceptions->errorHandler(2, 'file_get_conten...', 'E:\\OpenServerPa...', 70, Array)
#1 E:\OpenServerPanel\domains\ht.hapy.com\plugin\simple_html_dom.php(70): file_get_contents('https://behapyh...', false, NULL, 0)
#2 E:\OpenServerPanel\domains\ht.hapy.com\app\Controllers\Frontend\Homepage\Home.php(53): file_get_html('https://behapyh...')
#3 E:\OpenServerPanel\domains\ht.hapy.com\vendor\codeigniter4\framework\system\CodeIgniter.php(918): App\Controllers\Frontend\Homepage\Home->crawler()
#4 E:\OpenServerPanel\domains\ht.hapy.com\vendor\codeigniter4\framework\system\CodeIgniter.php(404): CodeIgniter\CodeIgniter->runController(Object(App\Controllers\Frontend\Homepage\Home))
#5 E:\OpenServerPanel\domains\ht.hapy.com\vendor\codeigniter4\framework\system\CodeIgniter.php(312): CodeIgniter\CodeIgniter->handleRequest(NULL, Object(Config\Cache), false)
#6 E:\OpenServerPanel\domains\ht.hapy.com\index.php(48): CodeIgniter\CodeIgniter->run()
#7 {main}
